Unable to capture context for thread 9184 in process 9968, can not generate back trace
Unable to capture context for thread 2888 in process 9968, can not generate back trace
Unable to capture context for thread 5192 in process 9968, can not generate back trace
Exception at PC 0x00007FF9A31FBB93
Printing stacktrace...

[0]  [0x00007FF9A31FBB93]
[1]  [0x00007FF9A31FBB93]
[2]  [0x00007FF9A31FB4A1]
[3]  [0x00007FF9A31FB3EF]
[4]  [0x00007FF9A31E19FE]
[5]  [0x00007FF9A31E0ED1]
[6]  [0x00007FF9A31E0D76]
[7]  [0x00007FF9A31879F6]
[8]  [0x00007FF9A3177AFB]
[9]  [0x00007FF9A329E90A]
[10]  [0x00007FF9A32B9F87]
[11]  [0x00007FF9A32BA05F]
[12] (BaseThreadInitThunk+0x14) [0x00007FFA19732774]
[13] (RtlUserThreadStart+0x21) [0x00007FFA1B3B0D51]
Done
Exception at PC 0x00007FF9A2F01A52
Attemped to write at address 0x00007FF9F5BDABA4
Printing stacktrace...

[0]  [0x00007FF9A2F01A52]
[1]  [0x00007FF9A2F01A52]
[2]  [0x00007FF9A2F01AD4]
[3]  [0x00007FF9A3043FF7]
[4]  [0x00007FF9A2F29128]
[5]  [0x00007FF9A31DDFB9]
[6]  [0x00007FF9A33AEF23]
[7]  [0x00007FF9A32BB06B]
[8]  [0x00007FF9A32B08AF]
[9]  [0x00007FF9A32B0A32]
[10] (RtlDeactivateActivationContextUnsafeFast+0x1af) [0x00007FFA1B36485F]
[11] (LdrShutdownProcess+0x12c) [0x00007FFA1B38D43C]
[12] (RtlExitUserProcess+0xb4) [0x00007FFA1B38D2F4]
[13] (FatalExit+0xa) [0x00007FFA1973C0DA]
[14] (exit+0x75) [0x00007FFA1AC6A045]
[15] (initterm_e+0x21d) [0x00007FFA1AC6A68D]
[16]  [0x00000000004014CD]
[17]  [0x000000000040151B]
[18] (BaseThreadInitThunk+0x14) [0x00007FFA19732774]
[19] (RtlUserThreadStart+0x21) [0x00007FFA1B3B0D51]
Done
