Vivado Simulator 2017.2
Copyright 1986-1999, 2001-2016 Xilinx, Inc. All Rights Reserved.
Running: C:/Xilinx/Vivado/2017.2/bin/unwrapped/win64.o/xelab.exe -wto 934ce40a663746aa82833165225fafba --debug typical --relax --mt 2 -L xil_defaultlib -L unisims_ver -L unimacro_ver -L secureip -L xpm --snapshot controlador_tb_behav xil_defaultlib.controlador_tb xil_defaultlib.glbl -log elaborate.log 
Using 2 slave threads.
Starting static elaboration
WARNING: [VRFC 10-516] comparison between unequal length arrays always returns FALSE [C:/Users/alvar/Documents/clase/DSED/practica/DSED/Entrega/Entrega/pwm.vhd:75]
Completed static elaboration
Starting simulation data flow analysis
Completed simulation data flow analysis
Time Resolution for simulation is 1ps
Compiling package std.standard
Compiling package std.textio
Compiling package ieee.std_logic_1164
Compiling package xil_defaultlib.package_dsed
Compiling package ieee.numeric_std
Compiling package vl.vl_types
Compiling module xil_defaultlib.glbl
Compiling module unisims_ver.IBUF
Compiling module unisims_ver.MMCME2_ADV(CLKFBOUT_MULT_F=49.87...
Compiling module unisims_ver.BUFG
Compiling module xil_defaultlib.clk_wiz_0_clk_wiz
Compiling module xil_defaultlib.clk_wiz_0
Compiling architecture behavioral of entity xil_defaultlib.en_4_cycles [en_4_cycles_default]
Compiling architecture behavioral of entity xil_defaultlib.FSMD_microphone [fsmd_microphone_default]
Compiling architecture behavioral of entity xil_defaultlib.pwm [pwm_default]
Compiling architecture behavioral of entity xil_defaultlib.audio_interface [audio_interface_default]
Compiling architecture behavioral of entity xil_defaultlib.controlador [controlador_default]
Compiling architecture behavioral of entity xil_defaultlib.controlador_tb
Built simulation snapshot controlador_tb_behav
