Unable to capture context for thread 5468 in process 4200, can not generate back trace
Exception at PC 0x000007FEB711BB93
Printing stacktrace...

[0]  [0x000007FEB711BB93]
[1]  [0x000007FEB711BB93]
[2]  [0x000007FEB711B4A1]
[3]  [0x000007FEB711B3EF]
[4]  [0x000007FEB71019FE]
[5]  [0x000007FEB7100ED1]
[6]  [0x000007FEB7100D76]
[7]  [0x000007FEB70A79F6]
[8]  [0x000007FEB7097AFB]
[9]  [0x000007FEB71BE90A]
[10]  [0x000007FEB71D9F87]
[11]  [0x000007FEB71DA05F]
[12] (BaseThreadInitThunk+0xd) [0x00000000772659CD]
[13] (RtlUserThreadStart+0x21) [0x000000007739A561]
Done
Exception at PC 0x000007FEB6E21A52
Attemped to write at address 0x000007FEF11CABA4
Printing stacktrace...

[0]  [0x000007FEB6E21A52]
[1]  [0x000007FEB6E21A52]
[2]  [0x000007FEB6E21AD4]
[3]  [0x000007FEB6F63FF7]
[4]  [0x000007FEB6E49128]
[5]  [0x000007FEB70FDFB9]
[6]  [0x000007FEB72CEF23]
[7]  [0x000007FEB71DB06B]
[8]  [0x000007FEB71D08AF]
[9]  [0x000007FEB71D0A32]
[10] (LdrShutdownProcess+0x1d1) [0x0000000077392AC1]
[11] (RtlExitUserProcess+0x90) [0x00000000773928D0]
[12] (wcstoui64+0x2fa) [0x000007FEFD4299E2]
[13]  [0x00000000004014CD]
[14]  [0x000000000040151B]
[15] (BaseThreadInitThunk+0xd) [0x00000000772659CD]
[16] (RtlUserThreadStart+0x21) [0x000000007739A561]
Done
