#-----------------------------------------------------------
# Vivado v2017.2 (64-bit)
# SW Build 1909853 on Thu Jun 15 18:39:09 MDT 2017
# IP Build 1909766 on Thu Jun 15 19:58:00 MDT 2017
# Start of session at: Wed Nov 22 17:02:14 2017
# Process ID: 15564
# Current directory: D:/DSED_G1/P5/lab5_2_1
# Command line: vivado.exe -gui_launcher_event rodinguilauncherevent16160 D:\DSED_G1\P5\lab5_2_1\lab5_2_1.xpr
# Log file: D:/DSED_G1/P5/lab5_2_1/vivado.log
# Journal file: D:/DSED_G1/P5/lab5_2_1\vivado.jou
#-----------------------------------------------------------
start_gui
open_project D:/DSED_G1/P5/lab5_2_1/lab5_2_1.xpr
Scanning sources...
Finished scanning sources
INFO: [IP_Flow 19-234] Refreshing IP repositories
INFO: [IP_Flow 19-1704] No user IP repositories specified
INFO: [IP_Flow 19-2313] Loaded Vivado IP repository 'C:/Xilinx/Vivado/2017.2/data/ip'.
open_project: Time (s): cpu = 00:00:12 ; elapsed = 00:00:09 . Memory (MB): peak = 804.734 ; gain = 63.207
update_compile_order -fileset sources_1
launch_simulation
WARNING: [Vivado 12-3661] Failed to remove file:D:/DSED_G1/P5/lab5_2_1/lab5_2_1.sim/sim_1/behav/elaborate.log
WARNING: [Vivado 12-3661] Failed to remove file:D:/DSED_G1/P5/lab5_2_1/lab5_2_1.sim/sim_1/behav/simulate.log
WARNING: [Vivado 12-3661] Failed to remove file:D:/DSED_G1/P5/lab5_2_1/lab5_2_1.sim/sim_1/behav/xelab.pb
INFO: [SIM-utils-51] Simulation object is 'sim_1'
INFO: [SIM-utils-54] Inspecting design source files for 'lab5_2_1_tb' in fileset 'sim_1'...
INFO: [USF-XSim-97] Finding global include files...
INFO: [USF-XSim-98] Fetching design files from 'sim_1'...
INFO: [USF-XSim-2] XSim::Compile design
INFO: [USF-XSim-61] Executing 'COMPILE and ANALYZE' step in 'D:/DSED_G1/P5/lab5_2_1/lab5_2_1.sim/sim_1/behav'
"xvhdl -m64 --relax -prj lab5_2_1_tb_vhdl.prj"
INFO: [VRFC 10-163] Analyzing VHDL file "D:/DSED_G1/P5/lab5_2_1/lab5_2_1.srcs/sources_1/new/lab5_2_1.vhd" into library xil_defaultlib
INFO: [VRFC 10-307] analyzing entity lab5_2_1
INFO: [VRFC 10-163] Analyzing VHDL file "D:/DSED_G1/P5/lab5_1_1/lab5_1_1.srcs/sim_1/new/lab5_1_1_tb.vhd" into library xil_defaultlib
INFO: [VRFC 10-307] analyzing entity lab5_2_1_tb
INFO: [USF-XSim-69] 'compile' step finished in '2' seconds
INFO: [USF-XSim-3] XSim::Elaborate design
INFO: [USF-XSim-61] Executing 'ELABORATE' step in 'D:/DSED_G1/P5/lab5_2_1/lab5_2_1.sim/sim_1/behav'
Vivado Simulator 2017.2
Copyright 1986-1999, 2001-2016 Xilinx, Inc. All Rights Reserved.
Running: C:/Xilinx/Vivado/2017.2/bin/unwrapped/win64.o/xelab.exe -wto 0aacd8a7690d414ebf9c082f0459e795 --debug typical --relax --mt 2 -L xil_defaultlib -L secureip --snapshot lab5_2_1_tb_behav xil_defaultlib.lab5_2_1_tb -log elaborate.log 
Using 2 slave threads.
Starting static elaboration
Completed static elaboration
Starting simulation data flow analysis
Completed simulation data flow analysis
Time Resolution for simulation is 1ps
Compiling package std.standard
Compiling package std.textio
Compiling package ieee.std_logic_1164
Compiling architecture behavioral of entity xil_defaultlib.lab5_2_1 [lab5_2_1_default]
Compiling architecture behavioral of entity xil_defaultlib.lab5_2_1_tb
ERROR: [XSIM 43-3345] Unable to remove previous simulation file xsim.dir/lab5_2_1_tb_behav/xsimk.exe. Please check if you have another instance of this simulation running on your system, terminate it and then recompile your design. System Error Message: boost::filesystem::remove: Acceso denegado: "xsim.dir/lab5_2_1_tb_behav/xsimk.exe".
ERROR: [XSIM 43-3238] Failed to link the design.
INFO: [USF-XSim-69] 'elaborate' step finished in '1' seconds
INFO: [USF-XSim-99] Step results log file:'D:/DSED_G1/P5/lab5_2_1/lab5_2_1.sim/sim_1/behav/elaborate.log'
ERROR: [USF-XSim-62] 'elaborate' step failed with error(s). Please check the Tcl console output or 'D:/DSED_G1/P5/lab5_2_1/lab5_2_1.sim/sim_1/behav/elaborate.log' file for more information.
ERROR: [Vivado 12-4473] Detected error while running simulation. Please correct the issue and retry this operation.
ERROR: [Common 17-39] 'launch_simulation' failed due to earlier errors.
exit
INFO: [Common 17-206] Exiting Vivado at Wed Nov 22 17:03:59 2017...
