#-----------------------------------------------------------
# Vivado v2017.2 (64-bit)
# SW Build 1909853 on Thu Jun 15 18:39:09 MDT 2017
# IP Build 1909766 on Thu Jun 15 19:58:00 MDT 2017
# Start of session at: Wed Nov 22 18:07:06 2017
# Process ID: 5712
# Current directory: D:/DSED_G1/P5/lab5_2_1
# Command line: vivado.exe -gui_launcher_event rodinguilauncherevent13692 D:\DSED_G1\P5\lab5_2_1\lab5_2_1.xpr
# Log file: D:/DSED_G1/P5/lab5_2_1/vivado.log
# Journal file: D:/DSED_G1/P5/lab5_2_1\vivado.jou
#-----------------------------------------------------------
start_gui
open_project D:/DSED_G1/P5/lab5_2_1/lab5_2_1.xpr
Scanning sources...
Finished scanning sources
INFO: [IP_Flow 19-234] Refreshing IP repositories
INFO: [IP_Flow 19-1704] No user IP repositories specified
INFO: [IP_Flow 19-2313] Loaded Vivado IP repository 'C:/Xilinx/Vivado/2017.2/data/ip'.
open_project: Time (s): cpu = 00:00:11 ; elapsed = 00:00:06 . Memory (MB): peak = 828.305 ; gain = 39.637
update_compile_order -fileset sources_1
launch_simulation
INFO: [SIM-utils-51] Simulation object is 'sim_1'
INFO: [SIM-utils-54] Inspecting design source files for 'lab5_2_1_tb' in fileset 'sim_1'...
INFO: [USF-XSim-97] Finding global include files...
INFO: [USF-XSim-98] Fetching design files from 'sim_1'...
INFO: [USF-XSim-2] XSim::Compile design
INFO: [USF-XSim-61] Executing 'COMPILE and ANALYZE' step in 'D:/DSED_G1/P5/lab5_2_1/lab5_2_1.sim/sim_1/behav'
"xvhdl -m64 --relax -prj lab5_2_1_tb_vhdl.prj"
INFO: [VRFC 10-163] Analyzing VHDL file "D:/DSED_G1/P5/lab5_2_1/lab5_2_1.srcs/sources_1/new/lab5_2_1.vhd" into library xil_defaultlib
INFO: [VRFC 10-307] analyzing entity lab5_2_1
INFO: [VRFC 10-163] Analyzing VHDL file "D:/DSED_G1/P5/lab5_1_1/lab5_1_1.srcs/sim_1/new/lab5_1_1_tb.vhd" into library xil_defaultlib
INFO: [VRFC 10-307] analyzing entity lab5_2_1_tb
INFO: [USF-XSim-69] 'compile' step finished in '1' seconds
INFO: [USF-XSim-3] XSim::Elaborate design
INFO: [USF-XSim-61] Executing 'ELABORATE' step in 'D:/DSED_G1/P5/lab5_2_1/lab5_2_1.sim/sim_1/behav'
Vivado Simulator 2017.2
Copyright 1986-1999, 2001-2016 Xilinx, Inc. All Rights Reserved.
Running: C:/Xilinx/Vivado/2017.2/bin/unwrapped/win64.o/xelab.exe -wto 0aacd8a7690d414ebf9c082f0459e795 --debug typical --relax --mt 2 -L xil_defaultlib -L secureip --snapshot lab5_2_1_tb_behav xil_defaultlib.lab5_2_1_tb -log elaborate.log 
Using 2 slave threads.
Starting static elaboration
Completed static elaboration
Starting simulation data flow analysis
Completed simulation data flow analysis
Time Resolution for simulation is 1ps
Compiling package std.standard
Compiling package std.textio
Compiling package ieee.std_logic_1164
Compiling architecture behavioral of entity xil_defaultlib.lab5_2_1 [lab5_2_1_default]
Compiling architecture behavioral of entity xil_defaultlib.lab5_2_1_tb
Built simulation snapshot lab5_2_1_tb_behav

****** Webtalk v2017.2 (64-bit)
  **** SW Build 1909853 on Thu Jun 15 18:39:09 MDT 2017
  **** IP Build 1909766 on Thu Jun 15 19:58:00 MDT 2017
    ** Copyright 1986-2017 Xilinx, Inc. All Rights Reserved.

source D:/DSED_G1/P5/lab5_2_1/lab5_2_1.sim/sim_1/behav/xsim.dir/lab5_2_1_tb_behav/webtalk/xsim_webtalk.tcl -notrace
INFO: [Common 17-186] 'D:/DSED_G1/P5/lab5_2_1/lab5_2_1.sim/sim_1/behav/xsim.dir/lab5_2_1_tb_behav/webtalk/usage_statistics_ext_xsim.xml' has been successfully sent to Xilinx on Wed Nov 22 18:07:47 2017. For additional details about this file, please refer to the WebTalk help file at C:/Xilinx/Vivado/2017.2/doc/webtalk_introduction.html.
INFO: [Common 17-206] Exiting Webtalk at Wed Nov 22 18:07:47 2017...
INFO: [USF-XSim-69] 'elaborate' step finished in '4' seconds
INFO: [USF-XSim-4] XSim::Simulate design
INFO: [USF-XSim-61] Executing 'SIMULATE' step in 'D:/DSED_G1/P5/lab5_2_1/lab5_2_1.sim/sim_1/behav'
INFO: [USF-XSim-98] *** Running xsim
   with args "lab5_2_1_tb_behav -key {Behavioral:sim_1:Functional:lab5_2_1_tb} -tclbatch {lab5_2_1_tb.tcl} -log {simulate.log}"
INFO: [USF-XSim-8] Loading simulator feature
Vivado Simulator 2017.2
Time resolution is 1 ps
source lab5_2_1_tb.tcl
# set curr_wave [current_wave_config]
# if { [string length $curr_wave] == 0 } {
#   if { [llength [get_objects]] > 0} {
#     add_wave /
#     set_property needs_save false [current_wave_config]
#   } else {
#      send_msg_id Add_Wave-1 WARNING "No top level signals found. Simulator will start without a wave window. If you want to open a wave window go to 'File->New Waveform Configuration' or type 'create_wave_config' in the TCL console."
#   }
# }
# run 1000ns
INFO: [USF-XSim-96] XSim completed. Design snapshot 'lab5_2_1_tb_behav' loaded.
INFO: [USF-XSim-97] XSim simulation ran for 1000ns
launch_simulation: Time (s): cpu = 00:00:06 ; elapsed = 00:00:09 . Memory (MB): peak = 842.359 ; gain = 14.055
restart
INFO: [Simtcl 6-17] Simulation restarted
run 1000 ns
close_sim
INFO: [Simtcl 6-16] Simulation closed
launch_simulation
INFO: [SIM-utils-51] Simulation object is 'sim_1'
INFO: [SIM-utils-54] Inspecting design source files for 'lab5_2_1_tb' in fileset 'sim_1'...
INFO: [USF-XSim-97] Finding global include files...
INFO: [USF-XSim-98] Fetching design files from 'sim_1'...
INFO: [USF-XSim-2] XSim::Compile design
INFO: [USF-XSim-61] Executing 'COMPILE and ANALYZE' step in 'D:/DSED_G1/P5/lab5_2_1/lab5_2_1.sim/sim_1/behav'
"xvhdl -m64 --relax -prj lab5_2_1_tb_vhdl.prj"
INFO: [VRFC 10-163] Analyzing VHDL file "D:/DSED_G1/P5/lab5_2_1/lab5_2_1.srcs/sources_1/new/lab5_2_1.vhd" into library xil_defaultlib
INFO: [VRFC 10-307] analyzing entity lab5_2_1
INFO: [VRFC 10-163] Analyzing VHDL file "D:/DSED_G1/P5/lab5_1_1/lab5_1_1.srcs/sim_1/new/lab5_1_1_tb.vhd" into library xil_defaultlib
INFO: [VRFC 10-307] analyzing entity lab5_2_1_tb
INFO: [USF-XSim-69] 'compile' step finished in '1' seconds
INFO: [USF-XSim-3] XSim::Elaborate design
INFO: [USF-XSim-61] Executing 'ELABORATE' step in 'D:/DSED_G1/P5/lab5_2_1/lab5_2_1.sim/sim_1/behav'
Vivado Simulator 2017.2
Copyright 1986-1999, 2001-2016 Xilinx, Inc. All Rights Reserved.
Running: C:/Xilinx/Vivado/2017.2/bin/unwrapped/win64.o/xelab.exe -wto 0aacd8a7690d414ebf9c082f0459e795 --debug typical --relax --mt 2 -L xil_defaultlib -L secureip --snapshot lab5_2_1_tb_behav xil_defaultlib.lab5_2_1_tb -log elaborate.log 
Using 2 slave threads.
Starting static elaboration
Completed static elaboration
Starting simulation data flow analysis
Completed simulation data flow analysis
Time Resolution for simulation is 1ps
Compiling package std.standard
Compiling package std.textio
Compiling package ieee.std_logic_1164
Compiling architecture behavioral of entity xil_defaultlib.lab5_2_1 [lab5_2_1_default]
Compiling architecture behavioral of entity xil_defaultlib.lab5_2_1_tb
Built simulation snapshot lab5_2_1_tb_behav

****** Webtalk v2017.2 (64-bit)
  **** SW Build 1909853 on Thu Jun 15 18:39:09 MDT 2017
  **** IP Build 1909766 on Thu Jun 15 19:58:00 MDT 2017
    ** Copyright 1986-2017 Xilinx, Inc. All Rights Reserved.

source D:/DSED_G1/P5/lab5_2_1/lab5_2_1.sim/sim_1/behav/xsim.dir/lab5_2_1_tb_behav/webtalk/xsim_webtalk.tcl -notrace
INFO: [Common 17-186] 'D:/DSED_G1/P5/lab5_2_1/lab5_2_1.sim/sim_1/behav/xsim.dir/lab5_2_1_tb_behav/webtalk/usage_statistics_ext_xsim.xml' has been successfully sent to Xilinx on Wed Nov 22 18:09:45 2017. For additional details about this file, please refer to the WebTalk help file at C:/Xilinx/Vivado/2017.2/doc/webtalk_introduction.html.
INFO: [Common 17-206] Exiting Webtalk at Wed Nov 22 18:09:45 2017...
INFO: [USF-XSim-69] 'elaborate' step finished in '4' seconds
INFO: [USF-XSim-4] XSim::Simulate design
INFO: [USF-XSim-61] Executing 'SIMULATE' step in 'D:/DSED_G1/P5/lab5_2_1/lab5_2_1.sim/sim_1/behav'
INFO: [USF-XSim-98] *** Running xsim
   with args "lab5_2_1_tb_behav -key {Behavioral:sim_1:Functional:lab5_2_1_tb} -tclbatch {lab5_2_1_tb.tcl} -log {simulate.log}"
INFO: [USF-XSim-8] Loading simulator feature
Vivado Simulator 2017.2
Time resolution is 1 ps
source lab5_2_1_tb.tcl
# set curr_wave [current_wave_config]
# if { [string length $curr_wave] == 0 } {
#   if { [llength [get_objects]] > 0} {
#     add_wave /
#     set_property needs_save false [current_wave_config]
#   } else {
#      send_msg_id Add_Wave-1 WARNING "No top level signals found. Simulator will start without a wave window. If you want to open a wave window go to 'File->New Waveform Configuration' or type 'create_wave_config' in the TCL console."
#   }
# }
# run 1000ns
INFO: [USF-XSim-96] XSim completed. Design snapshot 'lab5_2_1_tb_behav' loaded.
INFO: [USF-XSim-97] XSim simulation ran for 1000ns
launch_simulation: Time (s): cpu = 00:00:03 ; elapsed = 00:00:07 . Memory (MB): peak = 869.703 ; gain = 0.000
restart
INFO: [Simtcl 6-17] Simulation restarted
run 1000 ns
close_sim
INFO: [Simtcl 6-16] Simulation closed
launch_simulation
INFO: [SIM-utils-51] Simulation object is 'sim_1'
INFO: [SIM-utils-54] Inspecting design source files for 'lab5_2_1_tb' in fileset 'sim_1'...
INFO: [USF-XSim-97] Finding global include files...
INFO: [USF-XSim-98] Fetching design files from 'sim_1'...
INFO: [USF-XSim-2] XSim::Compile design
INFO: [USF-XSim-61] Executing 'COMPILE and ANALYZE' step in 'D:/DSED_G1/P5/lab5_2_1/lab5_2_1.sim/sim_1/behav'
"xvhdl -m64 --relax -prj lab5_2_1_tb_vhdl.prj"
INFO: [VRFC 10-163] Analyzing VHDL file "D:/DSED_G1/P5/lab5_2_1/lab5_2_1.srcs/sources_1/new/lab5_2_1.vhd" into library xil_defaultlib
INFO: [VRFC 10-307] analyzing entity lab5_2_1
INFO: [VRFC 10-163] Analyzing VHDL file "D:/DSED_G1/P5/lab5_1_1/lab5_1_1.srcs/sim_1/new/lab5_1_1_tb.vhd" into library xil_defaultlib
INFO: [VRFC 10-307] analyzing entity lab5_2_1_tb
INFO: [USF-XSim-69] 'compile' step finished in '1' seconds
INFO: [USF-XSim-3] XSim::Elaborate design
INFO: [USF-XSim-61] Executing 'ELABORATE' step in 'D:/DSED_G1/P5/lab5_2_1/lab5_2_1.sim/sim_1/behav'
Vivado Simulator 2017.2
Copyright 1986-1999, 2001-2016 Xilinx, Inc. All Rights Reserved.
Running: C:/Xilinx/Vivado/2017.2/bin/unwrapped/win64.o/xelab.exe -wto 0aacd8a7690d414ebf9c082f0459e795 --debug typical --relax --mt 2 -L xil_defaultlib -L secureip --snapshot lab5_2_1_tb_behav xil_defaultlib.lab5_2_1_tb -log elaborate.log 
Using 2 slave threads.
Starting static elaboration
Completed static elaboration
Starting simulation data flow analysis
Completed simulation data flow analysis
Time Resolution for simulation is 1ps
Compiling package std.standard
Compiling package std.textio
Compiling package ieee.std_logic_1164
Compiling architecture behavioral of entity xil_defaultlib.lab5_2_1 [lab5_2_1_default]
Compiling architecture behavioral of entity xil_defaultlib.lab5_2_1_tb
Built simulation snapshot lab5_2_1_tb_behav

****** Webtalk v2017.2 (64-bit)
  **** SW Build 1909853 on Thu Jun 15 18:39:09 MDT 2017
  **** IP Build 1909766 on Thu Jun 15 19:58:00 MDT 2017
    ** Copyright 1986-2017 Xilinx, Inc. All Rights Reserved.

source D:/DSED_G1/P5/lab5_2_1/lab5_2_1.sim/sim_1/behav/xsim.dir/lab5_2_1_tb_behav/webtalk/xsim_webtalk.tcl -notrace
INFO: [Common 17-186] 'D:/DSED_G1/P5/lab5_2_1/lab5_2_1.sim/sim_1/behav/xsim.dir/lab5_2_1_tb_behav/webtalk/usage_statistics_ext_xsim.xml' has been successfully sent to Xilinx on Wed Nov 22 18:22:10 2017. For additional details about this file, please refer to the WebTalk help file at C:/Xilinx/Vivado/2017.2/doc/webtalk_introduction.html.
INFO: [Common 17-206] Exiting Webtalk at Wed Nov 22 18:22:10 2017...
INFO: [USF-XSim-69] 'elaborate' step finished in '4' seconds
INFO: [USF-XSim-4] XSim::Simulate design
INFO: [USF-XSim-61] Executing 'SIMULATE' step in 'D:/DSED_G1/P5/lab5_2_1/lab5_2_1.sim/sim_1/behav'
INFO: [USF-XSim-98] *** Running xsim
   with args "lab5_2_1_tb_behav -key {Behavioral:sim_1:Functional:lab5_2_1_tb} -tclbatch {lab5_2_1_tb.tcl} -log {simulate.log}"
INFO: [USF-XSim-8] Loading simulator feature
Vivado Simulator 2017.2
Time resolution is 1 ps
source lab5_2_1_tb.tcl
# set curr_wave [current_wave_config]
# if { [string length $curr_wave] == 0 } {
#   if { [llength [get_objects]] > 0} {
#     add_wave /
#     set_property needs_save false [current_wave_config]
#   } else {
#      send_msg_id Add_Wave-1 WARNING "No top level signals found. Simulator will start without a wave window. If you want to open a wave window go to 'File->New Waveform Configuration' or type 'create_wave_config' in the TCL console."
#   }
# }
# run 1000ns
INFO: [USF-XSim-96] XSim completed. Design snapshot 'lab5_2_1_tb_behav' loaded.
INFO: [USF-XSim-97] XSim simulation ran for 1000ns
launch_simulation: Time (s): cpu = 00:00:03 ; elapsed = 00:00:07 . Memory (MB): peak = 869.703 ; gain = 0.000
close_sim
INFO: [Simtcl 6-16] Simulation closed
launch_simulation
INFO: [SIM-utils-51] Simulation object is 'sim_1'
INFO: [SIM-utils-54] Inspecting design source files for 'lab5_2_1_tb' in fileset 'sim_1'...
INFO: [USF-XSim-97] Finding global include files...
INFO: [USF-XSim-98] Fetching design files from 'sim_1'...
INFO: [USF-XSim-2] XSim::Compile design
INFO: [USF-XSim-61] Executing 'COMPILE and ANALYZE' step in 'D:/DSED_G1/P5/lab5_2_1/lab5_2_1.sim/sim_1/behav'
"xvhdl -m64 --relax -prj lab5_2_1_tb_vhdl.prj"
INFO: [VRFC 10-163] Analyzing VHDL file "D:/DSED_G1/P5/lab5_2_1/lab5_2_1.srcs/sources_1/new/lab5_2_1.vhd" into library xil_defaultlib
INFO: [VRFC 10-307] analyzing entity lab5_2_1
INFO: [VRFC 10-163] Analyzing VHDL file "D:/DSED_G1/P5/lab5_1_1/lab5_1_1.srcs/sim_1/new/lab5_1_1_tb.vhd" into library xil_defaultlib
INFO: [VRFC 10-307] analyzing entity lab5_2_1_tb
INFO: [USF-XSim-69] 'compile' step finished in '1' seconds
INFO: [USF-XSim-3] XSim::Elaborate design
INFO: [USF-XSim-61] Executing 'ELABORATE' step in 'D:/DSED_G1/P5/lab5_2_1/lab5_2_1.sim/sim_1/behav'
Vivado Simulator 2017.2
Copyright 1986-1999, 2001-2016 Xilinx, Inc. All Rights Reserved.
Running: C:/Xilinx/Vivado/2017.2/bin/unwrapped/win64.o/xelab.exe -wto 0aacd8a7690d414ebf9c082f0459e795 --debug typical --relax --mt 2 -L xil_defaultlib -L secureip --snapshot lab5_2_1_tb_behav xil_defaultlib.lab5_2_1_tb -log elaborate.log 
Using 2 slave threads.
Starting static elaboration
Completed static elaboration
Starting simulation data flow analysis
Completed simulation data flow analysis
Time Resolution for simulation is 1ps
Compiling package std.standard
Compiling package std.textio
Compiling package ieee.std_logic_1164
Compiling architecture behavioral of entity xil_defaultlib.lab5_2_1 [lab5_2_1_default]
Compiling architecture behavioral of entity xil_defaultlib.lab5_2_1_tb
Built simulation snapshot lab5_2_1_tb_behav

****** Webtalk v2017.2 (64-bit)
  **** SW Build 1909853 on Thu Jun 15 18:39:09 MDT 2017
  **** IP Build 1909766 on Thu Jun 15 19:58:00 MDT 2017
    ** Copyright 1986-2017 Xilinx, Inc. All Rights Reserved.

source D:/DSED_G1/P5/lab5_2_1/lab5_2_1.sim/sim_1/behav/xsim.dir/lab5_2_1_tb_behav/webtalk/xsim_webtalk.tcl -notrace
INFO: [Common 17-186] 'D:/DSED_G1/P5/lab5_2_1/lab5_2_1.sim/sim_1/behav/xsim.dir/lab5_2_1_tb_behav/webtalk/usage_statistics_ext_xsim.xml' has been successfully sent to Xilinx on Wed Nov 22 18:25:23 2017. For additional details about this file, please refer to the WebTalk help file at C:/Xilinx/Vivado/2017.2/doc/webtalk_introduction.html.
INFO: [Common 17-206] Exiting Webtalk at Wed Nov 22 18:25:23 2017...
INFO: [USF-XSim-69] 'elaborate' step finished in '5' seconds
INFO: [USF-XSim-4] XSim::Simulate design
INFO: [USF-XSim-61] Executing 'SIMULATE' step in 'D:/DSED_G1/P5/lab5_2_1/lab5_2_1.sim/sim_1/behav'
INFO: [USF-XSim-98] *** Running xsim
   with args "lab5_2_1_tb_behav -key {Behavioral:sim_1:Functional:lab5_2_1_tb} -tclbatch {lab5_2_1_tb.tcl} -log {simulate.log}"
INFO: [USF-XSim-8] Loading simulator feature
Vivado Simulator 2017.2
Time resolution is 1 ps
source lab5_2_1_tb.tcl
# set curr_wave [current_wave_config]
# if { [string length $curr_wave] == 0 } {
#   if { [llength [get_objects]] > 0} {
#     add_wave /
#     set_property needs_save false [current_wave_config]
#   } else {
#      send_msg_id Add_Wave-1 WARNING "No top level signals found. Simulator will start without a wave window. If you want to open a wave window go to 'File->New Waveform Configuration' or type 'create_wave_config' in the TCL console."
#   }
# }
# run 1000ns
INFO: [USF-XSim-96] XSim completed. Design snapshot 'lab5_2_1_tb_behav' loaded.
INFO: [USF-XSim-97] XSim simulation ran for 1000ns
launch_simulation: Time (s): cpu = 00:00:01 ; elapsed = 00:00:08 . Memory (MB): peak = 879.102 ; gain = 0.000
restart
INFO: [Simtcl 6-17] Simulation restarted
run 1000 ns
close_sim
INFO: [Simtcl 6-16] Simulation closed
launch_simulation
INFO: [SIM-utils-51] Simulation object is 'sim_1'
INFO: [SIM-utils-54] Inspecting design source files for 'lab5_2_1_tb' in fileset 'sim_1'...
INFO: [USF-XSim-97] Finding global include files...
INFO: [USF-XSim-98] Fetching design files from 'sim_1'...
INFO: [USF-XSim-2] XSim::Compile design
INFO: [USF-XSim-61] Executing 'COMPILE and ANALYZE' step in 'D:/DSED_G1/P5/lab5_2_1/lab5_2_1.sim/sim_1/behav'
"xvhdl -m64 --relax -prj lab5_2_1_tb_vhdl.prj"
INFO: [VRFC 10-163] Analyzing VHDL file "D:/DSED_G1/P5/lab5_2_1/lab5_2_1.srcs/sources_1/new/lab5_2_1.vhd" into library xil_defaultlib
INFO: [VRFC 10-307] analyzing entity lab5_2_1
INFO: [VRFC 10-163] Analyzing VHDL file "D:/DSED_G1/P5/lab5_1_1/lab5_1_1.srcs/sim_1/new/lab5_1_1_tb.vhd" into library xil_defaultlib
INFO: [VRFC 10-307] analyzing entity lab5_2_1_tb
INFO: [USF-XSim-69] 'compile' step finished in '1' seconds
INFO: [USF-XSim-3] XSim::Elaborate design
INFO: [USF-XSim-61] Executing 'ELABORATE' step in 'D:/DSED_G1/P5/lab5_2_1/lab5_2_1.sim/sim_1/behav'
Vivado Simulator 2017.2
Copyright 1986-1999, 2001-2016 Xilinx, Inc. All Rights Reserved.
Running: C:/Xilinx/Vivado/2017.2/bin/unwrapped/win64.o/xelab.exe -wto 0aacd8a7690d414ebf9c082f0459e795 --debug typical --relax --mt 2 -L xil_defaultlib -L secureip --snapshot lab5_2_1_tb_behav xil_defaultlib.lab5_2_1_tb -log elaborate.log 
Using 2 slave threads.
Starting static elaboration
Completed static elaboration
Starting simulation data flow analysis
Completed simulation data flow analysis
Time Resolution for simulation is 1ps
Compiling package std.standard
Compiling package std.textio
Compiling package ieee.std_logic_1164
Compiling architecture behavioral of entity xil_defaultlib.lab5_2_1 [lab5_2_1_default]
Compiling architecture behavioral of entity xil_defaultlib.lab5_2_1_tb
Built simulation snapshot lab5_2_1_tb_behav

****** Webtalk v2017.2 (64-bit)
  **** SW Build 1909853 on Thu Jun 15 18:39:09 MDT 2017
  **** IP Build 1909766 on Thu Jun 15 19:58:00 MDT 2017
    ** Copyright 1986-2017 Xilinx, Inc. All Rights Reserved.

source D:/DSED_G1/P5/lab5_2_1/lab5_2_1.sim/sim_1/behav/xsim.dir/lab5_2_1_tb_behav/webtalk/xsim_webtalk.tcl -notrace
INFO: [Common 17-186] 'D:/DSED_G1/P5/lab5_2_1/lab5_2_1.sim/sim_1/behav/xsim.dir/lab5_2_1_tb_behav/webtalk/usage_statistics_ext_xsim.xml' has been successfully sent to Xilinx on Wed Nov 22 18:28:49 2017. For additional details about this file, please refer to the WebTalk help file at C:/Xilinx/Vivado/2017.2/doc/webtalk_introduction.html.
INFO: [Common 17-206] Exiting Webtalk at Wed Nov 22 18:28:49 2017...
INFO: [USF-XSim-69] 'elaborate' step finished in '4' seconds
INFO: [USF-XSim-4] XSim::Simulate design
INFO: [USF-XSim-61] Executing 'SIMULATE' step in 'D:/DSED_G1/P5/lab5_2_1/lab5_2_1.sim/sim_1/behav'
INFO: [USF-XSim-98] *** Running xsim
   with args "lab5_2_1_tb_behav -key {Behavioral:sim_1:Functional:lab5_2_1_tb} -tclbatch {lab5_2_1_tb.tcl} -log {simulate.log}"
INFO: [USF-XSim-8] Loading simulator feature
Vivado Simulator 2017.2
Time resolution is 1 ps
source lab5_2_1_tb.tcl
# set curr_wave [current_wave_config]
# if { [string length $curr_wave] == 0 } {
#   if { [llength [get_objects]] > 0} {
#     add_wave /
#     set_property needs_save false [current_wave_config]
#   } else {
#      send_msg_id Add_Wave-1 WARNING "No top level signals found. Simulator will start without a wave window. If you want to open a wave window go to 'File->New Waveform Configuration' or type 'create_wave_config' in the TCL console."
#   }
# }
# run 1000ns
INFO: [USF-XSim-96] XSim completed. Design snapshot 'lab5_2_1_tb_behav' loaded.
INFO: [USF-XSim-97] XSim simulation ran for 1000ns
launch_simulation: Time (s): cpu = 00:00:02 ; elapsed = 00:00:07 . Memory (MB): peak = 910.930 ; gain = 0.000
restart
INFO: [Simtcl 6-17] Simulation restarted
run 1000 ns
