#-----------------------------------------------------------
# Vivado v2017.2 (64-bit)
# SW Build 1909853 on Thu Jun 15 18:39:09 MDT 2017
# IP Build 1909766 on Thu Jun 15 19:58:00 MDT 2017
# Start of session at: Wed Nov 22 18:05:48 2017
# Process ID: 11664
# Current directory: D:/DSED_G1/P5/lab5_2_1
# Command line: vivado.exe -gui_launcher_event rodinguilauncherevent14036 D:\DSED_G1\P5\lab5_2_1\lab5_2_1.xpr
# Log file: D:/DSED_G1/P5/lab5_2_1/vivado.log
# Journal file: D:/DSED_G1/P5/lab5_2_1\vivado.jou
#-----------------------------------------------------------
start_gui
open_project D:/DSED_G1/P5/lab5_2_1/lab5_2_1.xpr
Scanning sources...
Finished scanning sources
INFO: [IP_Flow 19-234] Refreshing IP repositories
INFO: [IP_Flow 19-1704] No user IP repositories specified
INFO: [IP_Flow 19-2313] Loaded Vivado IP repository 'C:/Xilinx/Vivado/2017.2/data/ip'.
open_project: Time (s): cpu = 00:00:11 ; elapsed = 00:00:05 . Memory (MB): peak = 762.152 ; gain = 40.230
update_compile_order -fileset sources_1
