Unable to capture context for thread 5448 in process 4088, can not generate back trace
Exception at PC 0x000007FEB6BBBB93
Printing stacktrace...

[0]  [0x000007FEB6BBBB93]
[1]  [0x000007FEB6BBBB93]
[2]  [0x000007FEB6BBB4A1]
[3]  [0x000007FEB6BBB3EF]
[4]  [0x000007FEB6BA19FE]
[5]  [0x000007FEB6BA0ED1]
[6]  [0x000007FEB6BA0D76]
[7]  [0x000007FEB6B479F6]
[8]  [0x000007FEB6B37AFB]
[9]  [0x000007FEB6C5E90A]
[10]  [0x000007FEB6C79F87]
[11]  [0x000007FEB6C7A05F]
[12] (BaseThreadInitThunk+0xd) [0x00000000777A59CD]
[13] (RtlUserThreadStart+0x21) [0x00000000778DA561]
Done
Exception at PC 0x000007FEB68C1A52
Attemped to write at address 0x000007FEF20BABA4
Printing stacktrace...

[0]  [0x000007FEB68C1A52]
[1]  [0x000007FEB68C1A52]
[2]  [0x000007FEB68C1AD4]
[3]  [0x000007FEB6A03FF7]
[4]  [0x000007FEB68E9128]
[5]  [0x000007FEB6B9DFB9]
[6]  [0x000007FEB6D6EF23]
[7]  [0x000007FEB6C7B06B]
[8]  [0x000007FEB6C708AF]
[9]  [0x000007FEB6C70A32]
[10] (LdrShutdownProcess+0x1d1) [0x00000000778D2AC1]
[11] (RtlExitUserProcess+0x90) [0x00000000778D28D0]
[12] (wcstoui64+0x2fa) [0x000007FEFF2699E2]
[13]  [0x00000000004014CD]
[14]  [0x000000000040151B]
[15] (BaseThreadInitThunk+0xd) [0x00000000777A59CD]
[16] (RtlUserThreadStart+0x21) [0x00000000778DA561]
Done
