Unable to capture context for thread 4184 in process 8128, can not generate back trace
Unable to capture context for thread 10324 in process 8128, can not generate back trace
Unable to capture context for thread 9120 in process 8128, can not generate back trace
Exception at PC 0x00007FFBA548BB93
Printing stacktrace...

[0]  [0x00007FFBA548BB93]
[1]  [0x00007FFBA548BB93]
[2]  [0x00007FFBA548B4A1]
[3]  [0x00007FFBA548B3EF]
[4]  [0x00007FFBA54719FE]
[5]  [0x00007FFBA5470ED1]
[6]  [0x00007FFBA5470D76]
[7]  [0x00007FFBA54179F6]
[8]  [0x00007FFBA5407AFB]
[9]  [0x00007FFBA552E90A]
[10]  [0x00007FFBA5549F87]
[11]  [0x00007FFBA554A05F]
[12] (BaseThreadInitThunk+0x14) [0x00007FFC1ECD2774]
[13] (RtlUserThreadStart+0x21) [0x00007FFC20D20D51]
Done
Exception at PC 0x00007FFBA5191A52
Attemped to write at address 0x00007FFBDD2FABA4
Printing stacktrace...

[0]  [0x00007FFBA5191A52]
[1]  [0x00007FFBA5191A52]
[2]  [0x00007FFBA5191AD4]
[3]  [0x00007FFBA52D3FF7]
[4]  [0x00007FFBA51B9128]
[5]  [0x00007FFBA546DFB9]
[6]  [0x00007FFBA563EF23]
[7]  [0x00007FFBA554B06B]
[8]  [0x00007FFBA55408AF]
[9]  [0x00007FFBA5540A32]
[10] (RtlDeactivateActivationContextUnsafeFast+0x1af) [0x00007FFC20CD485F]
[11] (LdrShutdownProcess+0x12c) [0x00007FFC20CFD43C]
[12] (RtlExitUserProcess+0xb4) [0x00007FFC20CFD2F4]
[13] (FatalExit+0xa) [0x00007FFC1ECDC0DA]
[14] (exit+0x75) [0x00007FFC1EC5A045]
[15] (initterm_e+0x21d) [0x00007FFC1EC5A68D]
[16]  [0x00000000004014CD]
[17]  [0x000000000040151B]
[18] (BaseThreadInitThunk+0x14) [0x00007FFC1ECD2774]
[19] (RtlUserThreadStart+0x21) [0x00007FFC20D20D51]
Done
