Exception at PC 0x00007FF935A0BB93
Printing stacktrace...

[0]  [0x00007FF935A0BB93]
[1]  [0x00007FF935A0BB93]
[2]  [0x00007FF935A0B4A1]
[3]  [0x00007FF935A0B3EF]
[4]  [0x00007FF9359F19FE]
[5]  [0x00007FF9359F0ED1]
[6]  [0x00007FF9359F0D76]
[7]  [0x00007FF9359979F6]
[8]  [0x00007FF935987AFB]
[9]  [0x00007FF935AAE90A]
[10]  [0x00007FF935AC9F87]
[11]  [0x00007FF935ACA05F]
[12] (BaseThreadInitThunk+0x14) [0x00007FF976C51FE4]
[13] (RtlUserThreadStart+0x21) [0x00007FF97970EF91]
Done
Exception at PC 0x00007FF935711A52
Attemped to write at address 0x00007FF949F8ABA4
Printing stacktrace...

[0]  [0x00007FF935711A52]
[1]  [0x00007FF935711A52]
[2]  [0x00007FF935711AD4]
[3]  [0x00007FF935853FF7]
[4]  [0x00007FF935739128]
[5]  [0x00007FF9359EDFB9]
[6]  [0x00007FF935BBEF23]
[7]  [0x00007FF935ACB06B]
[8]  [0x00007FF935AC08AF]
[9]  [0x00007FF935AC0A32]
[10] (RtlDeactivateActivationContextUnsafeFast+0x1b3) [0x00007FF9796B1473]
[11] (LdrShutdownProcess+0x125) [0x00007FF9796E0695]
[12] (RtlExitUserProcess+0xb4) [0x00007FF9796E0554]
[13] (ExitProcess+0xa) [0x00007FF976C4F06A]
[14] (exit+0x75) [0x00007FF977079B25]
[15] (initterm_e+0x21d) [0x00007FF97707A16D]
[16]  [0x00000000004014CD]
[17]  [0x000000000040151B]
[18] (BaseThreadInitThunk+0x14) [0x00007FF976C51FE4]
[19] (RtlUserThreadStart+0x21) [0x00007FF97970EF91]
Done
