Unable to capture context for thread 5588 in process 6488, can not generate back trace
Unable to capture context for thread 2584 in process 6488, can not generate back trace
Exception at PC 0x00007FFDE041BB93
Printing stacktrace...

[0]  [0x00007FFDE041BB93]
[1]  [0x00007FFDE041BB93]
[2]  [0x00007FFDE041B4A1]
[3]  [0x00007FFDE041B3EF]
[4]  [0x00007FFDE04019FE]
[5]  [0x00007FFDE0400ED1]
[6]  [0x00007FFDE0400D76]
[7]  [0x00007FFDE03A79F6]
[8]  [0x00007FFDE0397AFB]
[9]  [0x00007FFDE04BE90A]
[10]  [0x00007FFDE04D9F87]
[11]  [0x00007FFDE04DA05F]
[12] (BaseThreadInitThunk+0x14) [0x00007FFE58412774]
[13] (RtlUserThreadStart+0x21) [0x00007FFE58F70D51]
Done
Exception at PC 0x00007FFDE0121A52
Attemped to write at address 0x00007FFE3367ABA4
Printing stacktrace...

[0]  [0x00007FFDE0121A52]
[1]  [0x00007FFDE0121A52]
[2]  [0x00007FFDE0121AD4]
[3]  [0x00007FFDE0263FF7]
[4]  [0x00007FFDE0149128]
[5]  [0x00007FFDE03FDFB9]
[6]  [0x00007FFDE05CEF23]
[7]  [0x00007FFDE04DB06B]
[8]  [0x00007FFDE04D08AF]
[9]  [0x00007FFDE04D0A32]
[10] (RtlDeactivateActivationContextUnsafeFast+0x1af) [0x00007FFE58F2485F]
[11] (LdrShutdownProcess+0x12c) [0x00007FFE58F4D43C]
[12] (RtlExitUserProcess+0xb4) [0x00007FFE58F4D2F4]
[13] (FatalExit+0xa) [0x00007FFE5841C0DA]
[14] (exit+0x75) [0x00007FFE5679A045]
[15] (initterm_e+0x21d) [0x00007FFE5679A68D]
[16]  [0x00000000004014CD]
[17]  [0x000000000040151B]
[18] (BaseThreadInitThunk+0x14) [0x00007FFE58412774]
[19] (RtlUserThreadStart+0x21) [0x00007FFE58F70D51]
Done
