#-----------------------------------------------------------
# Vivado v2017.2 (64-bit)
# SW Build 1909853 on Thu Jun 15 18:39:09 MDT 2017
# IP Build 1909766 on Thu Jun 15 19:58:00 MDT 2017
# Start of session at: Wed Dec 13 11:18:29 2017
# Process ID: 9204
# Current directory: C:/Users/Guille/Documents/Universidad/Sexto/1er Cuatri/DSED/Entrega/DSED/P5/lab5_1_1
# Command line: vivado.exe -gui_launcher_event rodinguilauncherevent12628 C:\Users\Guille\Documents\Universidad\Sexto\1er Cuatri\DSED\Entrega\DSED\P5\lab5_1_1\lab5_1_1.xpr
# Log file: C:/Users/Guille/Documents/Universidad/Sexto/1er Cuatri/DSED/Entrega/DSED/P5/lab5_1_1/vivado.log
# Journal file: C:/Users/Guille/Documents/Universidad/Sexto/1er Cuatri/DSED/Entrega/DSED/P5/lab5_1_1\vivado.jou
#-----------------------------------------------------------
start_gui
open_project {C:/Users/Guille/Documents/Universidad/Sexto/1er Cuatri/DSED/Entrega/DSED/P5/lab5_1_1/lab5_1_1.xpr}
INFO: [ProjectBase 1-489] The host OS only allows 260 characters in a normal path. The project is stored in a path with more than 80 characters. If you experience issues with IP, Block Designs, or files not being found, please consider moving the project to a location with a shorter path. Alternately consider using the OS subst command to map part of the path to a drive letter.
Current project path is 'C:/Users/Guille/Documents/Universidad/Sexto/1er Cuatri/DSED/Entrega/DSED/P5/lab5_1_1'
INFO: [Project 1-313] Project file moved from 'D:/DSED_G1/P5/lab5_1_1' since last save.
Scanning sources...
Finished scanning sources
INFO: [IP_Flow 19-234] Refreshing IP repositories
INFO: [IP_Flow 19-1704] No user IP repositories specified
INFO: [IP_Flow 19-2313] Loaded Vivado IP repository 'C:/Xilinx/Vivado/2017.2/data/ip'.
open_project: Time (s): cpu = 00:00:10 ; elapsed = 00:00:08 . Memory (MB): peak = 760.473 ; gain = 54.582
update_compile_order -fileset sources_1
launch_simulation
INFO: [SIM-utils-51] Simulation object is 'sim_1'
INFO: [SIM-utils-54] Inspecting design source files for 'lab5_1_1_tb' in fileset 'sim_1'...
INFO: [USF-XSim-97] Finding global include files...
INFO: [USF-XSim-98] Fetching design files from 'sim_1'...
INFO: [USF-XSim-2] XSim::Compile design
INFO: [USF-XSim-61] Executing 'COMPILE and ANALYZE' step in 'C:/Users/Guille/Documents/Universidad/Sexto/1er Cuatri/DSED/Entrega/DSED/P5/lab5_1_1/lab5_1_1.sim/sim_1/behav'
"xvhdl -m64 --relax -prj lab5_1_1_tb_vhdl.prj"
INFO: [VRFC 10-163] Analyzing VHDL file "C:/Users/Guille/Documents/Universidad/Sexto/1er Cuatri/DSED/Entrega/DSED/P5/lab5_1_1/lab5_1_1.srcs/sources_1/new/lab5_1_1.vhd" into library xil_defaultlib
INFO: [VRFC 10-307] analyzing entity lab5_1_1
INFO: [VRFC 10-163] Analyzing VHDL file "C:/Users/Guille/Documents/Universidad/Sexto/1er Cuatri/DSED/Entrega/DSED/P5/lab5_1_1/lab5_1_1.srcs/sim_1/imports/new/lab5_1_1_tb.vhd" into library xil_defaultlib
INFO: [VRFC 10-307] analyzing entity lab5_1_1_tb
INFO: [USF-XSim-69] 'compile' step finished in '3' seconds
INFO: [USF-XSim-3] XSim::Elaborate design
INFO: [USF-XSim-61] Executing 'ELABORATE' step in 'C:/Users/Guille/Documents/Universidad/Sexto/1er Cuatri/DSED/Entrega/DSED/P5/lab5_1_1/lab5_1_1.sim/sim_1/behav'
Vivado Simulator 2017.2
Copyright 1986-1999, 2001-2016 Xilinx, Inc. All Rights Reserved.
Running: C:/Xilinx/Vivado/2017.2/bin/unwrapped/win64.o/xelab.exe -wto fd92f50e5a744683b5213a17ffa5fc63 --debug typical --relax --mt 2 -L xil_defaultlib -L secureip --snapshot lab5_1_1_tb_behav xil_defaultlib.lab5_1_1_tb -log elaborate.log 
Using 2 slave threads.
Starting static elaboration
Completed static elaboration
Starting simulation data flow analysis
Completed simulation data flow analysis
Time Resolution for simulation is 1ps
Compiling package std.standard
Compiling package std.textio
Compiling package ieee.std_logic_1164
Compiling package ieee.numeric_std
Compiling architecture behavioral of entity xil_defaultlib.lab5_1_1 [lab5_1_1_default]
Compiling architecture behavioral of entity xil_defaultlib.lab5_1_1_tb
Built simulation snapshot lab5_1_1_tb_behav

****** Webtalk v2017.2 (64-bit)
  **** SW Build 1909853 on Thu Jun 15 18:39:09 MDT 2017
  **** IP Build 1909766 on Thu Jun 15 19:58:00 MDT 2017
    ** Copyright 1986-2017 Xilinx, Inc. All Rights Reserved.

source C:/Users/Guille/Documents/Universidad/Sexto/1er -notrace
couldn't read file "C:/Users/Guille/Documents/Universidad/Sexto/1er": no such file or directory
INFO: [Common 17-206] Exiting Webtalk at Wed Dec 13 11:21:01 2017...
run_program: Time (s): cpu = 00:00:02 ; elapsed = 00:00:06 . Memory (MB): peak = 795.410 ; gain = 0.000
INFO: [USF-XSim-69] 'elaborate' step finished in '7' seconds
INFO: [USF-XSim-4] XSim::Simulate design
INFO: [USF-XSim-61] Executing 'SIMULATE' step in 'C:/Users/Guille/Documents/Universidad/Sexto/1er Cuatri/DSED/Entrega/DSED/P5/lab5_1_1/lab5_1_1.sim/sim_1/behav'
INFO: [USF-XSim-98] *** Running xsim
   with args "lab5_1_1_tb_behav -key {Behavioral:sim_1:Functional:lab5_1_1_tb} -tclbatch {lab5_1_1_tb.tcl} -log {simulate.log}"
INFO: [USF-XSim-8] Loading simulator feature
Vivado Simulator 2017.2
Time resolution is 1 ps
source lab5_1_1_tb.tcl
# set curr_wave [current_wave_config]
# if { [string length $curr_wave] == 0 } {
#   if { [llength [get_objects]] > 0} {
#     add_wave /
#     set_property needs_save false [current_wave_config]
#   } else {
#      send_msg_id Add_Wave-1 WARNING "No top level signals found. Simulator will start without a wave window. If you want to open a wave window go to 'File->New Waveform Configuration' or type 'create_wave_config' in the TCL console."
#   }
# }
# run 1000ns
xsim: Time (s): cpu = 00:00:07 ; elapsed = 00:00:06 . Memory (MB): peak = 808.969 ; gain = 13.559
INFO: [USF-XSim-96] XSim completed. Design snapshot 'lab5_1_1_tb_behav' loaded.
INFO: [USF-XSim-97] XSim simulation ran for 1000ns
launch_simulation: Time (s): cpu = 00:00:12 ; elapsed = 00:00:17 . Memory (MB): peak = 808.969 ; gain = 13.559
close_sim
INFO: [Simtcl 6-16] Simulation closed
exit
INFO: [Common 17-206] Exiting Vivado at Wed Dec 13 11:48:52 2017...
