#-----------------------------------------------------------
# Vivado v2017.2 (64-bit)
# SW Build 1909853 on Thu Jun 15 18:39:09 MDT 2017
# IP Build 1909766 on Thu Jun 15 19:58:00 MDT 2017
# Start of session at: Fri Dec  8 20:22:04 2017
# Process ID: 11804
# Current directory: C:/Users/Guille/Documents/Universidad/Sexto/1er Cuatri/DSED/Entrega/DSED/Entrega/Entrega
# Command line: vivado.exe -gui_launcher_event rodinguilauncherevent1364 C:\Users\Guille\Documents\Universidad\Sexto\1er Cuatri\DSED\Entrega\DSED\Entrega\Entrega\Entrega.xpr
# Log file: C:/Users/Guille/Documents/Universidad/Sexto/1er Cuatri/DSED/Entrega/DSED/Entrega/Entrega/vivado.log
# Journal file: C:/Users/Guille/Documents/Universidad/Sexto/1er Cuatri/DSED/Entrega/DSED/Entrega/Entrega\vivado.jou
#-----------------------------------------------------------
start_gui
open_project {C:/Users/Guille/Documents/Universidad/Sexto/1er Cuatri/DSED/Entrega/DSED/Entrega/Entrega/Entrega.xpr}
INFO: [ProjectBase 1-489] The host OS only allows 260 characters in a normal path. The project is stored in a path with more than 80 characters. If you experience issues with IP, Block Designs, or files not being found, please consider moving the project to a location with a shorter path. Alternately consider using the OS subst command to map part of the path to a drive letter.
Current project path is 'C:/Users/Guille/Documents/Universidad/Sexto/1er Cuatri/DSED/Entrega/DSED/Entrega/Entrega'
INFO: [Project 1-313] Project file moved from 'C:/Users/alvar/Documents/clase/DSED/practica/DSED/Entrega/Entrega' since last save.
Scanning sources...
Finished scanning sources
INFO: [IP_Flow 19-234] Refreshing IP repositories
INFO: [IP_Flow 19-1704] No user IP repositories specified
INFO: [IP_Flow 19-2313] Loaded Vivado IP repository 'C:/Xilinx/Vivado/2017.2/data/ip'.
open_project: Time (s): cpu = 00:00:13 ; elapsed = 00:00:07 . Memory (MB): peak = 780.453 ; gain = 72.313
update_compile_order -fileset sources_1
exit
INFO: [Common 17-206] Exiting Vivado at Fri Dec  8 20:49:00 2017...
