#-----------------------------------------------------------
# Vivado v2017.2 (64-bit)
# SW Build 1909853 on Thu Jun 15 18:39:09 MDT 2017
# IP Build 1909766 on Thu Jun 15 19:58:00 MDT 2017
# Start of session at: Wed Dec 20 15:52:30 2017
# Process ID: 9024
# Current directory: C:/Users/Guille/Documents/Universidad/Sexto/1er Cuatri/DSED/Entrega/DSED/Entrega/Entrega
# Command line: vivado.exe -gui_launcher_event rodinguilauncherevent7152 C:\Users\Guille\Documents\Universidad\Sexto\1er Cuatri\DSED\Entrega\DSED\Entrega\Entrega\Entrega.xpr
# Log file: C:/Users/Guille/Documents/Universidad/Sexto/1er Cuatri/DSED/Entrega/DSED/Entrega/Entrega/vivado.log
# Journal file: C:/Users/Guille/Documents/Universidad/Sexto/1er Cuatri/DSED/Entrega/DSED/Entrega/Entrega\vivado.jou
#-----------------------------------------------------------
start_gui
open_project {C:/Users/Guille/Documents/Universidad/Sexto/1er Cuatri/DSED/Entrega/DSED/Entrega/Entrega/Entrega.xpr}
INFO: [ProjectBase 1-489] The host OS only allows 260 characters in a normal path. The project is stored in a path with more than 80 characters. If you experience issues with IP, Block Designs, or files not being found, please consider moving the project to a location with a shorter path. Alternately consider using the OS subst command to map part of the path to a drive letter.
Current project path is 'C:/Users/Guille/Documents/Universidad/Sexto/1er Cuatri/DSED/Entrega/DSED/Entrega/Entrega'
Scanning sources...
Finished scanning sources
INFO: [IP_Flow 19-234] Refreshing IP repositories
INFO: [IP_Flow 19-1704] No user IP repositories specified
INFO: [IP_Flow 19-2313] Loaded Vivado IP repository 'C:/Xilinx/Vivado/2017.2/data/ip'.
open_project: Time (s): cpu = 00:00:15 ; elapsed = 00:00:09 . Memory (MB): peak = 763.168 ; gain = 65.855
launch_simulation
WARNING: [Vivado 12-3661] Failed to remove file:C:/Users/Guille/Documents/Universidad/Sexto/1er Cuatri/DSED/Entrega/DSED/Entrega/Entrega/Entrega.sim/sim_1/behav/audio_tb_behav.wdb
WARNING: [Vivado 12-3661] Failed to remove file:C:/Users/Guille/Documents/Universidad/Sexto/1er Cuatri/DSED/Entrega/DSED/Entrega/Entrega/Entrega.sim/sim_1/behav/fir_filter_tb_behav.wdb
WARNING: [Vivado 12-3661] Failed to remove file:C:/Users/Guille/Documents/Universidad/Sexto/1er Cuatri/DSED/Entrega/DSED/Entrega/Entrega/Entrega.sim/sim_1/behav/simulate.log
INFO: [Vivado 12-4795] Using compiled simulation libraries for IPs
INFO: [SIM-utils-51] Simulation object is 'sim_1'
INFO: [USF-XSim-7] Finding pre-compiled libraries...
INFO: [USF-XSim-11] File 'C:/Xilinx/Vivado/2017.2/data/xsim/ip/xsim_ip.ini' copied to run dir:'C:/Users/Guille/Documents/Universidad/Sexto/1er Cuatri/DSED/Entrega/DSED/Entrega/Entrega/Entrega.sim/sim_1/behav'
INFO: [SIM-utils-54] Inspecting design source files for 'audio_tb' in fileset 'sim_1'...
INFO: [USF-XSim-97] Finding global include files...
INFO: [USF-XSim-100] Fetching design files from 'sources_1'...(this may take a while)...
INFO: [USF-XSim-101] Fetching design files from 'sim_1'...
INFO: [USF-XSim-2] XSim::Compile design
INFO: [USF-XSim-61] Executing 'COMPILE and ANALYZE' step in 'C:/Users/Guille/Documents/Universidad/Sexto/1er Cuatri/DSED/Entrega/DSED/Entrega/Entrega/Entrega.sim/sim_1/behav'
"xvlog -m64 --relax -prj audio_tb_vlog.prj"
INFO: [VRFC 10-2263] Analyzing Verilog file "C:/Users/Guille/Documents/Universidad/Sexto/1er Cuatri/DSED/Entrega/DSED/Entrega/Entrega/Entrega.srcs/sources_1/ip/clk_wiz_0/clk_wiz_0_clk_wiz.v" into library xil_defaultlib
INFO: [VRFC 10-311] analyzing module clk_wiz_0_clk_wiz
INFO: [VRFC 10-2263] Analyzing Verilog file "C:/Users/Guille/Documents/Universidad/Sexto/1er Cuatri/DSED/Entrega/DSED/Entrega/Entrega/Entrega.srcs/sources_1/ip/clk_wiz_0/clk_wiz_0.v" into library xil_defaultlib
INFO: [VRFC 10-311] analyzing module clk_wiz_0
INFO: [VRFC 10-2263] Analyzing Verilog file "C:/Users/Guille/Documents/Universidad/Sexto/1er Cuatri/DSED/Entrega/DSED/Entrega/Entrega/Entrega.srcs/sources_1/ip/blk_mem_gen_0_1/sim/blk_mem_gen_0.v" into library xil_defaultlib
INFO: [VRFC 10-311] analyzing module blk_mem_gen_0
INFO: [VRFC 10-2263] Analyzing Verilog file "C:/Users/Guille/Documents/Universidad/Sexto/1er Cuatri/DSED/Entrega/DSED/Entrega/Entrega/Entrega.sim/sim_1/behav/glbl.v" into library xil_defaultlib
INFO: [VRFC 10-311] analyzing module glbl
"xvhdl -m64 --relax -prj audio_tb_vhdl.prj"
INFO: [VRFC 10-163] Analyzing VHDL file "C:/Users/Guille/Documents/Universidad/Sexto/1er Cuatri/DSED/Entrega/DSED/Entrega/Entrega/Entrega.srcs/sources_1/new/package_dsed.vhd" into library xil_defaultlib
INFO: [VRFC 10-163] Analyzing VHDL file "C:/Users/Guille/Documents/Universidad/Sexto/1er Cuatri/DSED/Entrega/DSED/Entrega/Entrega/Entrega.srcs/sources_1/new/FSMD_microphone.vhd" into library xil_defaultlib
INFO: [VRFC 10-307] analyzing entity FSMD_microphone
INFO: [VRFC 10-163] Analyzing VHDL file "C:/Users/Guille/Documents/Universidad/Sexto/1er Cuatri/DSED/Entrega/DSED/Entrega/Entrega/Entrega.srcs/sources_1/new/Moore_fir_filter.vhd" into library xil_defaultlib
INFO: [VRFC 10-307] analyzing entity Moore_fir_filter
INFO: [VRFC 10-163] Analyzing VHDL file "C:/Users/Guille/Documents/Universidad/Sexto/1er Cuatri/DSED/Entrega/DSED/Entrega/Entrega/Entrega.srcs/sources_1/new/audio_interface.vhd" into library xil_defaultlib
INFO: [VRFC 10-307] analyzing entity audio_interface
INFO: [VRFC 10-163] Analyzing VHDL file "C:/Users/Guille/Documents/Universidad/Sexto/1er Cuatri/DSED/Entrega/DSED/Entrega/Entrega/Entrega.srcs/sources_1/new/controlador.vhd" into library xil_defaultlib
INFO: [VRFC 10-307] analyzing entity controlador
INFO: [VRFC 10-163] Analyzing VHDL file "C:/Users/Guille/Documents/Universidad/Sexto/1er Cuatri/DSED/Entrega/DSED/Entrega/Entrega/Entrega.srcs/sources_1/new/data_route_fir_filter.vhd" into library xil_defaultlib
INFO: [VRFC 10-307] analyzing entity data_route_fir_filter
INFO: [VRFC 10-163] Analyzing VHDL file "C:/Users/Guille/Documents/Universidad/Sexto/1er Cuatri/DSED/Entrega/DSED/Entrega/Entrega/Entrega.srcs/sources_1/new/en_4_cycles.vhd" into library xil_defaultlib
INFO: [VRFC 10-307] analyzing entity en_4_cycles
INFO: [VRFC 10-163] Analyzing VHDL file "C:/Users/Guille/Documents/Universidad/Sexto/1er Cuatri/DSED/Entrega/DSED/Entrega/Entrega/Entrega.srcs/sources_1/new/fir_filter.vhd" into library xil_defaultlib
INFO: [VRFC 10-307] analyzing entity fir_filter
INFO: [VRFC 10-163] Analyzing VHDL file "C:/Users/Guille/Documents/Universidad/Sexto/1er Cuatri/DSED/Entrega/DSED/Entrega/Entrega/pwm.vhd" into library xil_defaultlib
INFO: [VRFC 10-307] analyzing entity pwm
INFO: [VRFC 10-163] Analyzing VHDL file "C:/Users/Guille/Documents/Universidad/Sexto/1er Cuatri/DSED/Entrega/DSED/Entrega/Entrega/Entrega.srcs/sources_1/new/dsed_audio.vhd" into library xil_defaultlib
INFO: [VRFC 10-307] analyzing entity dsed_audio
INFO: [VRFC 10-163] Analyzing VHDL file "C:/Users/Guille/Documents/Universidad/Sexto/1er Cuatri/DSED/Entrega/DSED/Entrega/Entrega/Entrega.srcs/sim_1/new/FSMD_microphone_pse_tb.vhd" into library xil_defaultlib
INFO: [VRFC 10-307] analyzing entity FSMD_microphone_pse_tb
INFO: [VRFC 10-163] Analyzing VHDL file "C:/Users/Guille/Documents/Universidad/Sexto/1er Cuatri/DSED/Entrega/DSED/Entrega/Entrega/Entrega.srcs/sim_1/new/audio_tb.vhd" into library xil_defaultlib
INFO: [VRFC 10-307] analyzing entity audio_tb
INFO: [VRFC 10-163] Analyzing VHDL file "C:/Users/Guille/Documents/Universidad/Sexto/1er Cuatri/DSED/Entrega/DSED/Entrega/Entrega/Entrega.srcs/sim_1/new/pwm_tb.vhd" into library xil_defaultlib
INFO: [VRFC 10-307] analyzing entity pwm_tb
INFO: [VRFC 10-163] Analyzing VHDL file "C:/Users/Guille/Documents/Universidad/Sexto/1er Cuatri/DSED/Entrega/DSED/Entrega/Entrega/Entrega.srcs/sim_1/new/tb_avanzado.vhd" into library xil_defaultlib
INFO: [VRFC 10-307] analyzing entity tb_avanzado
INFO: [VRFC 10-163] Analyzing VHDL file "C:/Users/Guille/Documents/Universidad/Sexto/1er Cuatri/DSED/Entrega/DSED/Entrega/Entrega/Entrega.srcs/sim_1/new/fir_filter_tb.vhd" into library xil_defaultlib
INFO: [VRFC 10-307] analyzing entity fir_filter_tb
INFO: [VRFC 10-163] Analyzing VHDL file "C:/Users/Guille/Documents/Universidad/Sexto/1er Cuatri/DSED/Entrega/DSED/Entrega/Entrega/Entrega.srcs/sim_1/new/moore_fir_filter_tb.vhd" into library xil_defaultlib
INFO: [VRFC 10-307] analyzing entity moore_fir_filter_tb
INFO: [VRFC 10-163] Analyzing VHDL file "C:/Users/Guille/Documents/Universidad/Sexto/1er Cuatri/DSED/Entrega/DSED/Entrega/Entrega/Entrega.srcs/sim_1/new/data_route_fir_filter_tb.vhd" into library xil_defaultlib
INFO: [VRFC 10-307] analyzing entity data_route_fir_filter_tb
INFO: [VRFC 10-163] Analyzing VHDL file "C:/Users/Guille/Documents/Universidad/Sexto/1er Cuatri/DSED/Entrega/DSED/Entrega/Entrega/Entrega.srcs/sim_1/new/controlador_tb.vhd" into library xil_defaultlib
INFO: [VRFC 10-307] analyzing entity controlador_tb
INFO: [VRFC 10-163] Analyzing VHDL file "C:/Users/Guille/Documents/Universidad/Sexto/1er Cuatri/DSED/Entrega/DSED/Entrega/Entrega/Entrega.srcs/sim_1/new/audio_interface_tb.vhd" into library xil_defaultlib
INFO: [VRFC 10-307] analyzing entity audio_interface_tb
INFO: [VRFC 10-163] Analyzing VHDL file "C:/Users/Guille/Documents/Universidad/Sexto/1er Cuatri/DSED/Entrega/DSED/Entrega/Entrega/Entrega.srcs/sim_1/new/en_4_cycles_tb.vhd" into library xil_defaultlib
INFO: [VRFC 10-307] analyzing entity en_4_cycles_tb
INFO: [VRFC 10-163] Analyzing VHDL file "C:/Users/Guille/Documents/Universidad/Sexto/1er Cuatri/DSED/Entrega/DSED/Entrega/Entrega/Entrega.srcs/sim_1/new/FSMD_microphone_tb.vhd" into library xil_defaultlib
INFO: [VRFC 10-307] analyzing entity FSMD_microphone_tb
INFO: [VRFC 10-163] Analyzing VHDL file "C:/Users/Guille/Documents/Universidad/Sexto/1er Cuatri/DSED/Entrega/DSED/Entrega/Entrega/Entrega.srcs/sim_1/new/RAM_tb.vhd" into library xil_defaultlib
INFO: [VRFC 10-307] analyzing entity RAM_tb
INFO: [USF-XSim-69] 'compile' step finished in '3' seconds
INFO: [USF-XSim-3] XSim::Elaborate design
INFO: [USF-XSim-61] Executing 'ELABORATE' step in 'C:/Users/Guille/Documents/Universidad/Sexto/1er Cuatri/DSED/Entrega/DSED/Entrega/Entrega/Entrega.sim/sim_1/behav'
Vivado Simulator 2017.2
Copyright 1986-1999, 2001-2016 Xilinx, Inc. All Rights Reserved.
Running: C:/Xilinx/Vivado/2017.2/bin/unwrapped/win64.o/xelab.exe -wto 934ce40a663746aa82833165225fafba --debug typical --relax --mt 2 -L xil_defaultlib -L blk_mem_gen_v8_3_6 -L unisims_ver -L unimacro_ver -L secureip -L xpm --snapshot audio_tb_behav xil_defaultlib.audio_tb xil_defaultlib.glbl -log elaborate.log 
Using 2 slave threads.
Starting static elaboration
WARNING: [VRFC 10-516] comparison between unequal length arrays always returns FALSE [C:/Users/Guille/Documents/Universidad/Sexto/1er Cuatri/DSED/Entrega/DSED/Entrega/Entrega/pwm.vhd:84]
WARNING: [VRFC 10-1783] select index 30 into current_contents is out of bounds [/wrk/2017.2/nightly/2017_06_15_1909853/packages/customer/vivado/data/ip/xilinx/blk_mem_gen_v8_3/simulation/blk_mem_gen_v8_3.v:2419]
WARNING: [VRFC 10-1783] select index 62 into current_contents is out of bounds [/wrk/2017.2/nightly/2017_06_15_1909853/packages/customer/vivado/data/ip/xilinx/blk_mem_gen_v8_3/simulation/blk_mem_gen_v8_3.v:2420]
Completed static elaboration
Starting simulation data flow analysis
Completed simulation data flow analysis
ERROR: [XSIM 43-3356]  Could not open file xsim.dir/audio_tb_behav/xsim.type for writing.
ERROR: [XSIM 43-3915] Encountered a fatal error. Cannot continue. Exiting... 
INFO: [USF-XSim-69] 'elaborate' step finished in '1' seconds
INFO: [USF-XSim-99] Step results log file:'C:/Users/Guille/Documents/Universidad/Sexto/1er Cuatri/DSED/Entrega/DSED/Entrega/Entrega/Entrega.sim/sim_1/behav/elaborate.log'
ERROR: [USF-XSim-62] 'elaborate' step failed with error(s). Please check the Tcl console output or 'C:/Users/Guille/Documents/Universidad/Sexto/1er Cuatri/DSED/Entrega/DSED/Entrega/Entrega/Entrega.sim/sim_1/behav/elaborate.log' file for more information.
ERROR: [Vivado 12-4473] Detected error while running simulation. Please correct the issue and retry this operation.
launch_simulation: Time (s): cpu = 00:00:03 ; elapsed = 00:00:06 . Memory (MB): peak = 788.879 ; gain = 5.164
ERROR: [Common 17-39] 'launch_simulation' failed due to earlier errors.
launch_simulation
WARNING: [Vivado 12-3661] Failed to remove file:C:/Users/Guille/Documents/Universidad/Sexto/1er Cuatri/DSED/Entrega/DSED/Entrega/Entrega/Entrega.sim/sim_1/behav/audio_tb_behav.wdb
WARNING: [Vivado 12-3661] Failed to remove file:C:/Users/Guille/Documents/Universidad/Sexto/1er Cuatri/DSED/Entrega/DSED/Entrega/Entrega/Entrega.sim/sim_1/behav/fir_filter_tb_behav.wdb
WARNING: [Vivado 12-3661] Failed to remove file:C:/Users/Guille/Documents/Universidad/Sexto/1er Cuatri/DSED/Entrega/DSED/Entrega/Entrega/Entrega.sim/sim_1/behav/simulate.log
INFO: [Vivado 12-4795] Using compiled simulation libraries for IPs
INFO: [SIM-utils-51] Simulation object is 'sim_1'
INFO: [USF-XSim-7] Finding pre-compiled libraries...
INFO: [USF-XSim-11] File 'C:/Xilinx/Vivado/2017.2/data/xsim/ip/xsim_ip.ini' copied to run dir:'C:/Users/Guille/Documents/Universidad/Sexto/1er Cuatri/DSED/Entrega/DSED/Entrega/Entrega/Entrega.sim/sim_1/behav'
INFO: [SIM-utils-54] Inspecting design source files for 'audio_tb' in fileset 'sim_1'...
INFO: [USF-XSim-97] Finding global include files...
INFO: [USF-XSim-100] Fetching design files from 'sources_1'...(this may take a while)...
INFO: [USF-XSim-101] Fetching design files from 'sim_1'...
INFO: [USF-XSim-2] XSim::Compile design
INFO: [USF-XSim-61] Executing 'COMPILE and ANALYZE' step in 'C:/Users/Guille/Documents/Universidad/Sexto/1er Cuatri/DSED/Entrega/DSED/Entrega/Entrega/Entrega.sim/sim_1/behav'
"xvlog -m64 --relax -prj audio_tb_vlog.prj"
INFO: [VRFC 10-2263] Analyzing Verilog file "C:/Users/Guille/Documents/Universidad/Sexto/1er Cuatri/DSED/Entrega/DSED/Entrega/Entrega/Entrega.srcs/sources_1/ip/clk_wiz_0/clk_wiz_0_clk_wiz.v" into library xil_defaultlib
INFO: [VRFC 10-311] analyzing module clk_wiz_0_clk_wiz
INFO: [VRFC 10-2263] Analyzing Verilog file "C:/Users/Guille/Documents/Universidad/Sexto/1er Cuatri/DSED/Entrega/DSED/Entrega/Entrega/Entrega.srcs/sources_1/ip/clk_wiz_0/clk_wiz_0.v" into library xil_defaultlib
INFO: [VRFC 10-311] analyzing module clk_wiz_0
INFO: [VRFC 10-2263] Analyzing Verilog file "C:/Users/Guille/Documents/Universidad/Sexto/1er Cuatri/DSED/Entrega/DSED/Entrega/Entrega/Entrega.srcs/sources_1/ip/blk_mem_gen_0_1/sim/blk_mem_gen_0.v" into library xil_defaultlib
INFO: [VRFC 10-311] analyzing module blk_mem_gen_0
INFO: [VRFC 10-2263] Analyzing Verilog file "C:/Users/Guille/Documents/Universidad/Sexto/1er Cuatri/DSED/Entrega/DSED/Entrega/Entrega/Entrega.sim/sim_1/behav/glbl.v" into library xil_defaultlib
INFO: [VRFC 10-311] analyzing module glbl
"xvhdl -m64 --relax -prj audio_tb_vhdl.prj"
INFO: [VRFC 10-163] Analyzing VHDL file "C:/Users/Guille/Documents/Universidad/Sexto/1er Cuatri/DSED/Entrega/DSED/Entrega/Entrega/Entrega.srcs/sources_1/new/package_dsed.vhd" into library xil_defaultlib
INFO: [VRFC 10-163] Analyzing VHDL file "C:/Users/Guille/Documents/Universidad/Sexto/1er Cuatri/DSED/Entrega/DSED/Entrega/Entrega/Entrega.srcs/sources_1/new/FSMD_microphone.vhd" into library xil_defaultlib
INFO: [VRFC 10-307] analyzing entity FSMD_microphone
INFO: [VRFC 10-163] Analyzing VHDL file "C:/Users/Guille/Documents/Universidad/Sexto/1er Cuatri/DSED/Entrega/DSED/Entrega/Entrega/Entrega.srcs/sources_1/new/Moore_fir_filter.vhd" into library xil_defaultlib
INFO: [VRFC 10-307] analyzing entity Moore_fir_filter
INFO: [VRFC 10-163] Analyzing VHDL file "C:/Users/Guille/Documents/Universidad/Sexto/1er Cuatri/DSED/Entrega/DSED/Entrega/Entrega/Entrega.srcs/sources_1/new/audio_interface.vhd" into library xil_defaultlib
INFO: [VRFC 10-307] analyzing entity audio_interface
INFO: [VRFC 10-163] Analyzing VHDL file "C:/Users/Guille/Documents/Universidad/Sexto/1er Cuatri/DSED/Entrega/DSED/Entrega/Entrega/Entrega.srcs/sources_1/new/controlador.vhd" into library xil_defaultlib
INFO: [VRFC 10-307] analyzing entity controlador
INFO: [VRFC 10-163] Analyzing VHDL file "C:/Users/Guille/Documents/Universidad/Sexto/1er Cuatri/DSED/Entrega/DSED/Entrega/Entrega/Entrega.srcs/sources_1/new/data_route_fir_filter.vhd" into library xil_defaultlib
INFO: [VRFC 10-307] analyzing entity data_route_fir_filter
INFO: [VRFC 10-163] Analyzing VHDL file "C:/Users/Guille/Documents/Universidad/Sexto/1er Cuatri/DSED/Entrega/DSED/Entrega/Entrega/Entrega.srcs/sources_1/new/en_4_cycles.vhd" into library xil_defaultlib
INFO: [VRFC 10-307] analyzing entity en_4_cycles
INFO: [VRFC 10-163] Analyzing VHDL file "C:/Users/Guille/Documents/Universidad/Sexto/1er Cuatri/DSED/Entrega/DSED/Entrega/Entrega/Entrega.srcs/sources_1/new/fir_filter.vhd" into library xil_defaultlib
INFO: [VRFC 10-307] analyzing entity fir_filter
INFO: [VRFC 10-163] Analyzing VHDL file "C:/Users/Guille/Documents/Universidad/Sexto/1er Cuatri/DSED/Entrega/DSED/Entrega/Entrega/pwm.vhd" into library xil_defaultlib
INFO: [VRFC 10-307] analyzing entity pwm
INFO: [VRFC 10-163] Analyzing VHDL file "C:/Users/Guille/Documents/Universidad/Sexto/1er Cuatri/DSED/Entrega/DSED/Entrega/Entrega/Entrega.srcs/sources_1/new/dsed_audio.vhd" into library xil_defaultlib
INFO: [VRFC 10-307] analyzing entity dsed_audio
INFO: [VRFC 10-163] Analyzing VHDL file "C:/Users/Guille/Documents/Universidad/Sexto/1er Cuatri/DSED/Entrega/DSED/Entrega/Entrega/Entrega.srcs/sim_1/new/FSMD_microphone_pse_tb.vhd" into library xil_defaultlib
INFO: [VRFC 10-307] analyzing entity FSMD_microphone_pse_tb
INFO: [VRFC 10-163] Analyzing VHDL file "C:/Users/Guille/Documents/Universidad/Sexto/1er Cuatri/DSED/Entrega/DSED/Entrega/Entrega/Entrega.srcs/sim_1/new/audio_tb.vhd" into library xil_defaultlib
INFO: [VRFC 10-307] analyzing entity audio_tb
INFO: [VRFC 10-163] Analyzing VHDL file "C:/Users/Guille/Documents/Universidad/Sexto/1er Cuatri/DSED/Entrega/DSED/Entrega/Entrega/Entrega.srcs/sim_1/new/pwm_tb.vhd" into library xil_defaultlib
INFO: [VRFC 10-307] analyzing entity pwm_tb
INFO: [VRFC 10-163] Analyzing VHDL file "C:/Users/Guille/Documents/Universidad/Sexto/1er Cuatri/DSED/Entrega/DSED/Entrega/Entrega/Entrega.srcs/sim_1/new/tb_avanzado.vhd" into library xil_defaultlib
INFO: [VRFC 10-307] analyzing entity tb_avanzado
INFO: [VRFC 10-163] Analyzing VHDL file "C:/Users/Guille/Documents/Universidad/Sexto/1er Cuatri/DSED/Entrega/DSED/Entrega/Entrega/Entrega.srcs/sim_1/new/fir_filter_tb.vhd" into library xil_defaultlib
INFO: [VRFC 10-307] analyzing entity fir_filter_tb
INFO: [VRFC 10-163] Analyzing VHDL file "C:/Users/Guille/Documents/Universidad/Sexto/1er Cuatri/DSED/Entrega/DSED/Entrega/Entrega/Entrega.srcs/sim_1/new/moore_fir_filter_tb.vhd" into library xil_defaultlib
INFO: [VRFC 10-307] analyzing entity moore_fir_filter_tb
INFO: [VRFC 10-163] Analyzing VHDL file "C:/Users/Guille/Documents/Universidad/Sexto/1er Cuatri/DSED/Entrega/DSED/Entrega/Entrega/Entrega.srcs/sim_1/new/data_route_fir_filter_tb.vhd" into library xil_defaultlib
INFO: [VRFC 10-307] analyzing entity data_route_fir_filter_tb
INFO: [VRFC 10-163] Analyzing VHDL file "C:/Users/Guille/Documents/Universidad/Sexto/1er Cuatri/DSED/Entrega/DSED/Entrega/Entrega/Entrega.srcs/sim_1/new/controlador_tb.vhd" into library xil_defaultlib
INFO: [VRFC 10-307] analyzing entity controlador_tb
INFO: [VRFC 10-163] Analyzing VHDL file "C:/Users/Guille/Documents/Universidad/Sexto/1er Cuatri/DSED/Entrega/DSED/Entrega/Entrega/Entrega.srcs/sim_1/new/audio_interface_tb.vhd" into library xil_defaultlib
INFO: [VRFC 10-307] analyzing entity audio_interface_tb
INFO: [VRFC 10-163] Analyzing VHDL file "C:/Users/Guille/Documents/Universidad/Sexto/1er Cuatri/DSED/Entrega/DSED/Entrega/Entrega/Entrega.srcs/sim_1/new/en_4_cycles_tb.vhd" into library xil_defaultlib
INFO: [VRFC 10-307] analyzing entity en_4_cycles_tb
INFO: [VRFC 10-163] Analyzing VHDL file "C:/Users/Guille/Documents/Universidad/Sexto/1er Cuatri/DSED/Entrega/DSED/Entrega/Entrega/Entrega.srcs/sim_1/new/FSMD_microphone_tb.vhd" into library xil_defaultlib
INFO: [VRFC 10-307] analyzing entity FSMD_microphone_tb
INFO: [VRFC 10-163] Analyzing VHDL file "C:/Users/Guille/Documents/Universidad/Sexto/1er Cuatri/DSED/Entrega/DSED/Entrega/Entrega/Entrega.srcs/sim_1/new/RAM_tb.vhd" into library xil_defaultlib
INFO: [VRFC 10-307] analyzing entity RAM_tb
INFO: [USF-XSim-69] 'compile' step finished in '3' seconds
INFO: [USF-XSim-3] XSim::Elaborate design
INFO: [USF-XSim-61] Executing 'ELABORATE' step in 'C:/Users/Guille/Documents/Universidad/Sexto/1er Cuatri/DSED/Entrega/DSED/Entrega/Entrega/Entrega.sim/sim_1/behav'
Vivado Simulator 2017.2
Copyright 1986-1999, 2001-2016 Xilinx, Inc. All Rights Reserved.
Running: C:/Xilinx/Vivado/2017.2/bin/unwrapped/win64.o/xelab.exe -wto 934ce40a663746aa82833165225fafba --debug typical --relax --mt 2 -L xil_defaultlib -L blk_mem_gen_v8_3_6 -L unisims_ver -L unimacro_ver -L secureip -L xpm --snapshot audio_tb_behav xil_defaultlib.audio_tb xil_defaultlib.glbl -log elaborate.log 
Using 2 slave threads.
Starting static elaboration
WARNING: [VRFC 10-516] comparison between unequal length arrays always returns FALSE [C:/Users/Guille/Documents/Universidad/Sexto/1er Cuatri/DSED/Entrega/DSED/Entrega/Entrega/pwm.vhd:84]
WARNING: [VRFC 10-1783] select index 30 into current_contents is out of bounds [/wrk/2017.2/nightly/2017_06_15_1909853/packages/customer/vivado/data/ip/xilinx/blk_mem_gen_v8_3/simulation/blk_mem_gen_v8_3.v:2419]
WARNING: [VRFC 10-1783] select index 62 into current_contents is out of bounds [/wrk/2017.2/nightly/2017_06_15_1909853/packages/customer/vivado/data/ip/xilinx/blk_mem_gen_v8_3/simulation/blk_mem_gen_v8_3.v:2420]
Completed static elaboration
Starting simulation data flow analysis
Completed simulation data flow analysis
ERROR: [XSIM 43-3356]  Could not open file xsim.dir/audio_tb_behav/xsim.type for writing.
ERROR: [XSIM 43-3915] Encountered a fatal error. Cannot continue. Exiting... 
INFO: [USF-XSim-69] 'elaborate' step finished in '1' seconds
INFO: [USF-XSim-99] Step results log file:'C:/Users/Guille/Documents/Universidad/Sexto/1er Cuatri/DSED/Entrega/DSED/Entrega/Entrega/Entrega.sim/sim_1/behav/elaborate.log'
ERROR: [USF-XSim-62] 'elaborate' step failed with error(s). Please check the Tcl console output or 'C:/Users/Guille/Documents/Universidad/Sexto/1er Cuatri/DSED/Entrega/DSED/Entrega/Entrega/Entrega.sim/sim_1/behav/elaborate.log' file for more information.
ERROR: [Vivado 12-4473] Detected error while running simulation. Please correct the issue and retry this operation.
launch_simulation: Time (s): cpu = 00:00:02 ; elapsed = 00:00:05 . Memory (MB): peak = 803.199 ; gain = 0.000
ERROR: [Common 17-39] 'launch_simulation' failed due to earlier errors.
exit
INFO: [Common 17-206] Exiting Vivado at Wed Dec 20 15:55:13 2017...
