#-----------------------------------------------------------
# Vivado v2017.2 (64-bit)
# SW Build 1909853 on Thu Jun 15 18:39:09 MDT 2017
# IP Build 1909766 on Thu Jun 15 19:58:00 MDT 2017
# Start of session at: Fri Dec 15 15:42:13 2017
# Process ID: 5588
# Current directory: C:/Users/Guille/Documents/Universidad/Sexto/1er Cuatri/DSED/Entrega/DSED/Entrega/Entrega
# Command line: vivado.exe -gui_launcher_event rodinguilauncherevent3204 C:\Users\Guille\Documents\Universidad\Sexto\1er Cuatri\DSED\Entrega\DSED\Entrega\Entrega\Entrega.xpr
# Log file: C:/Users/Guille/Documents/Universidad/Sexto/1er Cuatri/DSED/Entrega/DSED/Entrega/Entrega/vivado.log
# Journal file: C:/Users/Guille/Documents/Universidad/Sexto/1er Cuatri/DSED/Entrega/DSED/Entrega/Entrega\vivado.jou
#-----------------------------------------------------------
start_gui
open_project {C:/Users/Guille/Documents/Universidad/Sexto/1er Cuatri/DSED/Entrega/DSED/Entrega/Entrega/Entrega.xpr}
INFO: [ProjectBase 1-489] The host OS only allows 260 characters in a normal path. The project is stored in a path with more than 80 characters. If you experience issues with IP, Block Designs, or files not being found, please consider moving the project to a location with a shorter path. Alternately consider using the OS subst command to map part of the path to a drive letter.
Current project path is 'C:/Users/Guille/Documents/Universidad/Sexto/1er Cuatri/DSED/Entrega/DSED/Entrega/Entrega'
Scanning sources...
Finished scanning sources
INFO: [IP_Flow 19-234] Refreshing IP repositories
INFO: [IP_Flow 19-1704] No user IP repositories specified
INFO: [IP_Flow 19-2313] Loaded Vivado IP repository 'C:/Xilinx/Vivado/2017.2/data/ip'.
open_project: Time (s): cpu = 00:00:15 ; elapsed = 00:00:08 . Memory (MB): peak = 796.852 ; gain = 131.469
update_compile_order -fileset sources_1
set_property top fir_filter_tb [get_filesets sim_1]
set_property top_lib xil_defaultlib [get_filesets sim_1]
update_compile_order -fileset sim_1
set_property SOURCE_SET sources_1 [get_filesets sim_1]
add_files -fileset sim_1 -norecurse C:/Users/Guille/Documents/fir_filter_tb_behav.wcfg
launch_simulation
INFO: [SIM-utils-51] Simulation object is 'sim_1'
INFO: [USF-XSim-7] Finding pre-compiled libraries...
INFO: [USF-XSim-11] File 'C:/Xilinx/Vivado/2017.2/data/xsim/ip/xsim_ip.ini' copied to run dir:'C:/Users/Guille/Documents/Universidad/Sexto/1er Cuatri/DSED/Entrega/DSED/Entrega/Entrega/Entrega.sim/sim_1/behav'
INFO: [SIM-utils-54] Inspecting design source files for 'fir_filter_tb' in fileset 'sim_1'...
INFO: [USF-XSim-97] Finding global include files...
INFO: [USF-XSim-98] Fetching design files from 'sim_1'...
INFO: [USF-XSim-2] XSim::Compile design
INFO: [USF-XSim-61] Executing 'COMPILE and ANALYZE' step in 'C:/Users/Guille/Documents/Universidad/Sexto/1er Cuatri/DSED/Entrega/DSED/Entrega/Entrega/Entrega.sim/sim_1/behav'
"xvhdl -m64 --relax -prj fir_filter_tb_vhdl.prj"
INFO: [VRFC 10-163] Analyzing VHDL file "C:/Users/Guille/Documents/Universidad/Sexto/1er Cuatri/DSED/Entrega/DSED/Entrega/Entrega/Entrega.srcs/sources_1/new/package_dsed.vhd" into library xil_defaultlib
INFO: [VRFC 10-163] Analyzing VHDL file "C:/Users/Guille/Documents/Universidad/Sexto/1er Cuatri/DSED/Entrega/DSED/Entrega/Entrega/Entrega.srcs/sources_1/new/Moore_fir_filter.vhd" into library xil_defaultlib
INFO: [VRFC 10-307] analyzing entity Moore_fir_filter
INFO: [VRFC 10-163] Analyzing VHDL file "C:/Users/Guille/Documents/Universidad/Sexto/1er Cuatri/DSED/Entrega/DSED/Entrega/Entrega/Entrega.srcs/sources_1/new/data_route_fir_filter.vhd" into library xil_defaultlib
INFO: [VRFC 10-307] analyzing entity data_route_fir_filter
INFO: [VRFC 10-163] Analyzing VHDL file "C:/Users/Guille/Documents/Universidad/Sexto/1er Cuatri/DSED/Entrega/DSED/Entrega/Entrega/Entrega.srcs/sources_1/new/fir_filter.vhd" into library xil_defaultlib
INFO: [VRFC 10-307] analyzing entity fir_filter
INFO: [VRFC 10-163] Analyzing VHDL file "C:/Users/Guille/Documents/Universidad/Sexto/1er Cuatri/DSED/Entrega/DSED/Entrega/Entrega/Entrega.srcs/sim_1/new/fir_filter_tb.vhd" into library xil_defaultlib
INFO: [VRFC 10-307] analyzing entity fir_filter_tb
INFO: [USF-XSim-69] 'compile' step finished in '1' seconds
INFO: [USF-XSim-3] XSim::Elaborate design
INFO: [USF-XSim-61] Executing 'ELABORATE' step in 'C:/Users/Guille/Documents/Universidad/Sexto/1er Cuatri/DSED/Entrega/DSED/Entrega/Entrega/Entrega.sim/sim_1/behav'
Vivado Simulator 2017.2
Copyright 1986-1999, 2001-2016 Xilinx, Inc. All Rights Reserved.
Running: C:/Xilinx/Vivado/2017.2/bin/unwrapped/win64.o/xelab.exe -wto 934ce40a663746aa82833165225fafba --debug typical --relax --mt 2 -L xil_defaultlib -L secureip -L xpm --snapshot fir_filter_tb_behav xil_defaultlib.fir_filter_tb -log elaborate.log 
Using 2 slave threads.
Starting static elaboration
Completed static elaboration
Starting simulation data flow analysis
Completed simulation data flow analysis
Time Resolution for simulation is 1ps
Compiling package std.standard
Compiling package std.textio
Compiling package ieee.std_logic_1164
Compiling package ieee.numeric_std
Compiling package xil_defaultlib.package_dsed
Compiling architecture behavioral of entity xil_defaultlib.data_route_fir_filter [data_route_fir_filter_default]
Compiling architecture behavioral of entity xil_defaultlib.Moore_fir_filter [moore_fir_filter_default]
Compiling architecture behavioral of entity xil_defaultlib.fir_filter [fir_filter_default]
Compiling architecture behavioral of entity xil_defaultlib.fir_filter_tb
Built simulation snapshot fir_filter_tb_behav

****** Webtalk v2017.2 (64-bit)
  **** SW Build 1909853 on Thu Jun 15 18:39:09 MDT 2017
  **** IP Build 1909766 on Thu Jun 15 19:58:00 MDT 2017
    ** Copyright 1986-2017 Xilinx, Inc. All Rights Reserved.

source C:/Users/Guille/Documents/Universidad/Sexto/1er -notrace
couldn't read file "C:/Users/Guille/Documents/Universidad/Sexto/1er": no such file or directory
INFO: [Common 17-206] Exiting Webtalk at Fri Dec 15 15:43:57 2017...
INFO: [USF-XSim-69] 'elaborate' step finished in '2' seconds
INFO: [USF-XSim-4] XSim::Simulate design
INFO: [USF-XSim-61] Executing 'SIMULATE' step in 'C:/Users/Guille/Documents/Universidad/Sexto/1er Cuatri/DSED/Entrega/DSED/Entrega/Entrega/Entrega.sim/sim_1/behav'
INFO: [USF-XSim-98] *** Running xsim
   with args "fir_filter_tb_behav -key {Behavioral:sim_1:Functional:fir_filter_tb} -tclbatch {fir_filter_tb.tcl} -view {C:/Users/Guille/Documents/fir_filter_tb_behav.wcfg} -log {simulate.log}"
INFO: [USF-XSim-8] Loading simulator feature
Vivado Simulator 2017.2
Time resolution is 1 ps
open_wave_config C:/Users/Guille/Documents/fir_filter_tb_behav.wcfg
source fir_filter_tb.tcl
# set curr_wave [current_wave_config]
# if { [string length $curr_wave] == 0 } {
#   if { [llength [get_objects]] > 0} {
#     add_wave /
#     set_property needs_save false [current_wave_config]
#   } else {
#      send_msg_id Add_Wave-1 WARNING "No top level signals found. Simulator will start without a wave window. If you want to open a wave window go to 'File->New Waveform Configuration' or type 'create_wave_config' in the TCL console."
#   }
# }
# run 1000ns
INFO: [USF-XSim-96] XSim completed. Design snapshot 'fir_filter_tb_behav' loaded.
INFO: [USF-XSim-97] XSim simulation ran for 1000ns
launch_simulation: Time (s): cpu = 00:00:05 ; elapsed = 00:00:07 . Memory (MB): peak = 843.090 ; gain = 25.941
run 577000 us
run: Time (s): cpu = 00:00:15 ; elapsed = 00:00:12 . Memory (MB): peak = 852.117 ; gain = 7.859
set_property top tb_avanzado [get_filesets sim_1]
set_property top_lib xil_defaultlib [get_filesets sim_1]
update_compile_order -fileset sim_1
launch_simulation
WARNING: [Vivado 12-3661] Failed to remove file:C:/Users/Guille/Documents/Universidad/Sexto/1er Cuatri/DSED/Entrega/DSED/Entrega/Entrega/Entrega.sim/sim_1/behav/fir_filter_tb_behav.wdb
WARNING: [Vivado 12-3661] Failed to remove file:C:/Users/Guille/Documents/Universidad/Sexto/1er Cuatri/DSED/Entrega/DSED/Entrega/Entrega/Entrega.sim/sim_1/behav/simulate.log
WARNING: [Vivado 12-3661] Failed to remove file:C:/Users/Guille/Documents/Universidad/Sexto/1er Cuatri/DSED/Entrega/DSED/Entrega/Entrega/Entrega.sim/sim_1/behav/xelab.pb
INFO: [SIM-utils-51] Simulation object is 'sim_1'
INFO: [USF-XSim-7] Finding pre-compiled libraries...
INFO: [USF-XSim-11] File 'C:/Xilinx/Vivado/2017.2/data/xsim/ip/xsim_ip.ini' copied to run dir:'C:/Users/Guille/Documents/Universidad/Sexto/1er Cuatri/DSED/Entrega/DSED/Entrega/Entrega/Entrega.sim/sim_1/behav'
INFO: [SIM-utils-54] Inspecting design source files for 'tb_avanzado' in fileset 'sim_1'...
INFO: [USF-XSim-97] Finding global include files...
INFO: [USF-XSim-98] Fetching design files from 'sim_1'...
INFO: [USF-XSim-2] XSim::Compile design
INFO: [USF-XSim-61] Executing 'COMPILE and ANALYZE' step in 'C:/Users/Guille/Documents/Universidad/Sexto/1er Cuatri/DSED/Entrega/DSED/Entrega/Entrega/Entrega.sim/sim_1/behav'
"xvhdl -m64 --relax -prj tb_avanzado_vhdl.prj"
INFO: [VRFC 10-163] Analyzing VHDL file "C:/Users/Guille/Documents/Universidad/Sexto/1er Cuatri/DSED/Entrega/DSED/Entrega/Entrega/Entrega.srcs/sources_1/new/package_dsed.vhd" into library xil_defaultlib
INFO: [VRFC 10-163] Analyzing VHDL file "C:/Users/Guille/Documents/Universidad/Sexto/1er Cuatri/DSED/Entrega/DSED/Entrega/Entrega/Entrega.srcs/sources_1/new/Moore_fir_filter.vhd" into library xil_defaultlib
INFO: [VRFC 10-307] analyzing entity Moore_fir_filter
INFO: [VRFC 10-163] Analyzing VHDL file "C:/Users/Guille/Documents/Universidad/Sexto/1er Cuatri/DSED/Entrega/DSED/Entrega/Entrega/Entrega.srcs/sources_1/new/data_route_fir_filter.vhd" into library xil_defaultlib
INFO: [VRFC 10-307] analyzing entity data_route_fir_filter
INFO: [VRFC 10-163] Analyzing VHDL file "C:/Users/Guille/Documents/Universidad/Sexto/1er Cuatri/DSED/Entrega/DSED/Entrega/Entrega/Entrega.srcs/sources_1/new/fir_filter.vhd" into library xil_defaultlib
INFO: [VRFC 10-307] analyzing entity fir_filter
INFO: [VRFC 10-163] Analyzing VHDL file "C:/Users/Guille/Documents/Universidad/Sexto/1er Cuatri/DSED/Entrega/DSED/Entrega/Entrega/Entrega.srcs/sim_1/new/tb_avanzado.vhd" into library xil_defaultlib
INFO: [VRFC 10-307] analyzing entity tb_avanzado
INFO: [USF-XSim-69] 'compile' step finished in '1' seconds
INFO: [USF-XSim-3] XSim::Elaborate design
INFO: [USF-XSim-61] Executing 'ELABORATE' step in 'C:/Users/Guille/Documents/Universidad/Sexto/1er Cuatri/DSED/Entrega/DSED/Entrega/Entrega/Entrega.sim/sim_1/behav'
Vivado Simulator 2017.2
Copyright 1986-1999, 2001-2016 Xilinx, Inc. All Rights Reserved.
Running: C:/Xilinx/Vivado/2017.2/bin/unwrapped/win64.o/xelab.exe -wto 934ce40a663746aa82833165225fafba --debug typical --relax --mt 2 -L xil_defaultlib -L secureip -L xpm --snapshot tb_avanzado_behav xil_defaultlib.tb_avanzado -log elaborate.log 
Using 2 slave threads.
Starting static elaboration
Completed static elaboration
Starting simulation data flow analysis
Completed simulation data flow analysis
Time Resolution for simulation is 1ps
Compiling package std.standard
Compiling package std.textio
Compiling package ieee.std_logic_1164
Compiling package ieee.numeric_std
Compiling package xil_defaultlib.package_dsed
Compiling architecture behavioral of entity xil_defaultlib.data_route_fir_filter [data_route_fir_filter_default]
Compiling architecture behavioral of entity xil_defaultlib.Moore_fir_filter [moore_fir_filter_default]
Compiling architecture behavioral of entity xil_defaultlib.fir_filter [fir_filter_default]
Compiling architecture behavior of entity xil_defaultlib.tb_avanzado
Built simulation snapshot tb_avanzado_behav

****** Webtalk v2017.2 (64-bit)
  **** SW Build 1909853 on Thu Jun 15 18:39:09 MDT 2017
  **** IP Build 1909766 on Thu Jun 15 19:58:00 MDT 2017
    ** Copyright 1986-2017 Xilinx, Inc. All Rights Reserved.

source C:/Users/Guille/Documents/Universidad/Sexto/1er -notrace
couldn't read file "C:/Users/Guille/Documents/Universidad/Sexto/1er": no such file or directory
INFO: [Common 17-206] Exiting Webtalk at Fri Dec 15 16:06:17 2017...
INFO: [USF-XSim-69] 'elaborate' step finished in '2' seconds
INFO: [USF-XSim-4] XSim::Simulate design
INFO: [USF-XSim-61] Executing 'SIMULATE' step in 'C:/Users/Guille/Documents/Universidad/Sexto/1er Cuatri/DSED/Entrega/DSED/Entrega/Entrega/Entrega.sim/sim_1/behav'
INFO: [USF-XSim-98] *** Running xsim
   with args "tb_avanzado_behav -key {Behavioral:sim_1:Functional:tb_avanzado} -tclbatch {tb_avanzado.tcl} -view {C:/Users/Guille/Documents/fir_filter_tb_behav.wcfg} -log {simulate.log}"
INFO: [USF-XSim-8] Loading simulator feature
Vivado Simulator 2017.2
Time resolution is 1 ps
open_wave_config C:/Users/Guille/Documents/fir_filter_tb_behav.wcfg
WARNING: Simulation object /fir_filter_tb/sclk was not found in the design.
WARNING: Simulation object /fir_filter_tb/sSample_In_enable was not found in the design.
WARNING: Simulation object /fir_filter_tb/sSample_In was not found in the design.
WARNING: Simulation object /fir_filter_tb/filtro/FSMD/state was not found in the design.
WARNING: Simulation object /fir_filter_tb/filtro/data_route/m was not found in the design.
WARNING: Simulation object /fir_filter_tb/sSample_Out_ready was not found in the design.
WARNING: Simulation object /fir_filter_tb/sSample_Out was not found in the design.
WARNING: Simulation object /fir_filter_tb/filtro/FSMD/load was not found in the design.
WARNING: Simulation object /fir_filter_tb/filtro/data_route/r_reg was not found in the design.
WARNING: Simulation object /fir_filter_tb/filtro/data_route/r_r_reg was not found in the design.
WARNING: Simulation object /fir_filter_tb/filtro/data_route/r_s_reg was not found in the design.
WARNING: Simulation object /fir_filter_tb/filtro/data_route/x0 was not found in the design.
WARNING: Simulation object /fir_filter_tb/filtro/data_route/x1 was not found in the design.
WARNING: Simulation object /fir_filter_tb/filtro/data_route/x2 was not found in the design.
WARNING: Simulation object /fir_filter_tb/filtro/data_route/x3 was not found in the design.
WARNING: Simulation object /fir_filter_tb/filtro/data_route/x4 was not found in the design.
WARNING: Simulation object /fir_filter_tb/filtro/data_route/X was not found in the design.
WARNING: Simulation object /fir_filter_tb/filtro/data_route/C was not found in the design.
WARNING: Simulation object /fir_filter_tb/filtro/data_route/c0 was not found in the design.
WARNING: Simulation object /fir_filter_tb/filtro/data_route/c1 was not found in the design.
WARNING: Simulation object /fir_filter_tb/filtro/data_route/c2 was not found in the design.
WARNING: Simulation object /fir_filter_tb/filtro/data_route/c3 was not found in the design.
WARNING: Simulation object /fir_filter_tb/filtro/data_route/c4 was not found in the design.
source tb_avanzado.tcl
# set curr_wave [current_wave_config]
# if { [string length $curr_wave] == 0 } {
#   if { [llength [get_objects]] > 0} {
#     add_wave /
#     set_property needs_save false [current_wave_config]
#   } else {
#      send_msg_id Add_Wave-1 WARNING "No top level signals found. Simulator will start without a wave window. If you want to open a wave window go to 'File->New Waveform Configuration' or type 'create_wave_config' in the TCL console."
#   }
# }
# run 1000ns
INFO: [USF-XSim-96] XSim completed. Design snapshot 'tb_avanzado_behav' loaded.
INFO: [USF-XSim-97] XSim simulation ran for 1000ns
launch_simulation: Time (s): cpu = 00:00:02 ; elapsed = 00:00:05 . Memory (MB): peak = 874.855 ; gain = 10.031
remove_files  -fileset sim_1 C:/Users/Guille/Documents/fir_filter_tb_behav.wcfg
close_sim
INFO: [Simtcl 6-16] Simulation closed
launch_simulation
WARNING: [Vivado 12-3661] Failed to remove file:C:/Users/Guille/Documents/Universidad/Sexto/1er Cuatri/DSED/Entrega/DSED/Entrega/Entrega/Entrega.sim/sim_1/behav/fir_filter_tb_behav.wdb
WARNING: [Vivado 12-3661] Failed to remove file:C:/Users/Guille/Documents/Universidad/Sexto/1er Cuatri/DSED/Entrega/DSED/Entrega/Entrega/Entrega.sim/sim_1/behav/simulate.log
WARNING: [Vivado 12-3661] Failed to remove file:C:/Users/Guille/Documents/Universidad/Sexto/1er Cuatri/DSED/Entrega/DSED/Entrega/Entrega/Entrega.sim/sim_1/behav/xelab.pb
INFO: [SIM-utils-51] Simulation object is 'sim_1'
INFO: [USF-XSim-7] Finding pre-compiled libraries...
INFO: [USF-XSim-11] File 'C:/Xilinx/Vivado/2017.2/data/xsim/ip/xsim_ip.ini' copied to run dir:'C:/Users/Guille/Documents/Universidad/Sexto/1er Cuatri/DSED/Entrega/DSED/Entrega/Entrega/Entrega.sim/sim_1/behav'
INFO: [SIM-utils-54] Inspecting design source files for 'tb_avanzado' in fileset 'sim_1'...
INFO: [USF-XSim-97] Finding global include files...
INFO: [USF-XSim-98] Fetching design files from 'sim_1'...
INFO: [USF-XSim-2] XSim::Compile design
INFO: [USF-XSim-61] Executing 'COMPILE and ANALYZE' step in 'C:/Users/Guille/Documents/Universidad/Sexto/1er Cuatri/DSED/Entrega/DSED/Entrega/Entrega/Entrega.sim/sim_1/behav'
"xvhdl -m64 --relax -prj tb_avanzado_vhdl.prj"
INFO: [VRFC 10-163] Analyzing VHDL file "C:/Users/Guille/Documents/Universidad/Sexto/1er Cuatri/DSED/Entrega/DSED/Entrega/Entrega/Entrega.srcs/sources_1/new/package_dsed.vhd" into library xil_defaultlib
INFO: [VRFC 10-163] Analyzing VHDL file "C:/Users/Guille/Documents/Universidad/Sexto/1er Cuatri/DSED/Entrega/DSED/Entrega/Entrega/Entrega.srcs/sources_1/new/Moore_fir_filter.vhd" into library xil_defaultlib
INFO: [VRFC 10-307] analyzing entity Moore_fir_filter
INFO: [VRFC 10-163] Analyzing VHDL file "C:/Users/Guille/Documents/Universidad/Sexto/1er Cuatri/DSED/Entrega/DSED/Entrega/Entrega/Entrega.srcs/sources_1/new/data_route_fir_filter.vhd" into library xil_defaultlib
INFO: [VRFC 10-307] analyzing entity data_route_fir_filter
INFO: [VRFC 10-163] Analyzing VHDL file "C:/Users/Guille/Documents/Universidad/Sexto/1er Cuatri/DSED/Entrega/DSED/Entrega/Entrega/Entrega.srcs/sources_1/new/fir_filter.vhd" into library xil_defaultlib
INFO: [VRFC 10-307] analyzing entity fir_filter
INFO: [VRFC 10-163] Analyzing VHDL file "C:/Users/Guille/Documents/Universidad/Sexto/1er Cuatri/DSED/Entrega/DSED/Entrega/Entrega/Entrega.srcs/sim_1/new/tb_avanzado.vhd" into library xil_defaultlib
INFO: [VRFC 10-307] analyzing entity tb_avanzado
INFO: [USF-XSim-69] 'compile' step finished in '1' seconds
INFO: [USF-XSim-3] XSim::Elaborate design
INFO: [USF-XSim-61] Executing 'ELABORATE' step in 'C:/Users/Guille/Documents/Universidad/Sexto/1er Cuatri/DSED/Entrega/DSED/Entrega/Entrega/Entrega.sim/sim_1/behav'
Vivado Simulator 2017.2
Copyright 1986-1999, 2001-2016 Xilinx, Inc. All Rights Reserved.
Running: C:/Xilinx/Vivado/2017.2/bin/unwrapped/win64.o/xelab.exe -wto 934ce40a663746aa82833165225fafba --debug typical --relax --mt 2 -L xil_defaultlib -L secureip -L xpm --snapshot tb_avanzado_behav xil_defaultlib.tb_avanzado -log elaborate.log 
Using 2 slave threads.
Starting static elaboration
Completed static elaboration
Starting simulation data flow analysis
Completed simulation data flow analysis
Time Resolution for simulation is 1ps
Compiling package std.standard
Compiling package std.textio
Compiling package ieee.std_logic_1164
Compiling package ieee.numeric_std
Compiling package xil_defaultlib.package_dsed
Compiling architecture behavioral of entity xil_defaultlib.data_route_fir_filter [data_route_fir_filter_default]
Compiling architecture behavioral of entity xil_defaultlib.Moore_fir_filter [moore_fir_filter_default]
Compiling architecture behavioral of entity xil_defaultlib.fir_filter [fir_filter_default]
Compiling architecture behavior of entity xil_defaultlib.tb_avanzado
Built simulation snapshot tb_avanzado_behav

****** Webtalk v2017.2 (64-bit)
  **** SW Build 1909853 on Thu Jun 15 18:39:09 MDT 2017
  **** IP Build 1909766 on Thu Jun 15 19:58:00 MDT 2017
    ** Copyright 1986-2017 Xilinx, Inc. All Rights Reserved.

source C:/Users/Guille/Documents/Universidad/Sexto/1er -notrace
couldn't read file "C:/Users/Guille/Documents/Universidad/Sexto/1er": no such file or directory
INFO: [Common 17-206] Exiting Webtalk at Fri Dec 15 16:06:58 2017...
INFO: [USF-XSim-69] 'elaborate' step finished in '2' seconds
INFO: [USF-XSim-4] XSim::Simulate design
INFO: [USF-XSim-61] Executing 'SIMULATE' step in 'C:/Users/Guille/Documents/Universidad/Sexto/1er Cuatri/DSED/Entrega/DSED/Entrega/Entrega/Entrega.sim/sim_1/behav'
INFO: [USF-XSim-98] *** Running xsim
   with args "tb_avanzado_behav -key {Behavioral:sim_1:Functional:tb_avanzado} -tclbatch {tb_avanzado.tcl} -log {simulate.log}"
INFO: [USF-XSim-8] Loading simulator feature
Vivado Simulator 2017.2
Time resolution is 1 ps
source tb_avanzado.tcl
# set curr_wave [current_wave_config]
# if { [string length $curr_wave] == 0 } {
#   if { [llength [get_objects]] > 0} {
#     add_wave /
#     set_property needs_save false [current_wave_config]
#   } else {
#      send_msg_id Add_Wave-1 WARNING "No top level signals found. Simulator will start without a wave window. If you want to open a wave window go to 'File->New Waveform Configuration' or type 'create_wave_config' in the TCL console."
#   }
# }
WARNING: Simulation object /tb_avanzado/route was not traceable in the design for the following reason:
Vivado Simulator does not yet support tracing of VHDL variables.
# run 1000ns
INFO: [USF-XSim-96] XSim completed. Design snapshot 'tb_avanzado_behav' loaded.
INFO: [USF-XSim-97] XSim simulation ran for 1000ns
launch_simulation: Time (s): cpu = 00:00:02 ; elapsed = 00:00:05 . Memory (MB): peak = 878.012 ; gain = 1.793
run 577000 us
Failure: Simulation Finished
Time: 576821360 ns  Iteration: 1  Process: /tb_avanzado/read_process  File: C:/Users/Guille/Documents/Universidad/Sexto/1er Cuatri/DSED/Entrega/DSED/Entrega/Entrega/Entrega.srcs/sim_1/new/tb_avanzado.vhd
$finish called at time : 576821360 ns : File "C:/Users/Guille/Documents/Universidad/Sexto/1er Cuatri/DSED/Entrega/DSED/Entrega/Entrega/Entrega.srcs/sim_1/new/tb_avanzado.vhd" Line 59
run: Time (s): cpu = 00:00:14 ; elapsed = 00:00:23 . Memory (MB): peak = 880.828 ; gain = 0.000
close_sim
INFO: [Simtcl 6-16] Simulation closed
launch_simulation
WARNING: [Vivado 12-3661] Failed to remove file:C:/Users/Guille/Documents/Universidad/Sexto/1er Cuatri/DSED/Entrega/DSED/Entrega/Entrega/Entrega.sim/sim_1/behav/fir_filter_tb_behav.wdb
WARNING: [Vivado 12-3661] Failed to remove file:C:/Users/Guille/Documents/Universidad/Sexto/1er Cuatri/DSED/Entrega/DSED/Entrega/Entrega/Entrega.sim/sim_1/behav/simulate.log
WARNING: [Vivado 12-3661] Failed to remove file:C:/Users/Guille/Documents/Universidad/Sexto/1er Cuatri/DSED/Entrega/DSED/Entrega/Entrega/Entrega.sim/sim_1/behav/xelab.pb
INFO: [SIM-utils-51] Simulation object is 'sim_1'
INFO: [USF-XSim-7] Finding pre-compiled libraries...
INFO: [USF-XSim-11] File 'C:/Xilinx/Vivado/2017.2/data/xsim/ip/xsim_ip.ini' copied to run dir:'C:/Users/Guille/Documents/Universidad/Sexto/1er Cuatri/DSED/Entrega/DSED/Entrega/Entrega/Entrega.sim/sim_1/behav'
INFO: [SIM-utils-54] Inspecting design source files for 'tb_avanzado' in fileset 'sim_1'...
INFO: [USF-XSim-97] Finding global include files...
INFO: [USF-XSim-98] Fetching design files from 'sim_1'...
INFO: [USF-XSim-2] XSim::Compile design
INFO: [USF-XSim-61] Executing 'COMPILE and ANALYZE' step in 'C:/Users/Guille/Documents/Universidad/Sexto/1er Cuatri/DSED/Entrega/DSED/Entrega/Entrega/Entrega.sim/sim_1/behav'
"xvhdl -m64 --relax -prj tb_avanzado_vhdl.prj"
INFO: [VRFC 10-163] Analyzing VHDL file "C:/Users/Guille/Documents/Universidad/Sexto/1er Cuatri/DSED/Entrega/DSED/Entrega/Entrega/Entrega.srcs/sources_1/new/package_dsed.vhd" into library xil_defaultlib
INFO: [VRFC 10-163] Analyzing VHDL file "C:/Users/Guille/Documents/Universidad/Sexto/1er Cuatri/DSED/Entrega/DSED/Entrega/Entrega/Entrega.srcs/sources_1/new/Moore_fir_filter.vhd" into library xil_defaultlib
INFO: [VRFC 10-307] analyzing entity Moore_fir_filter
INFO: [VRFC 10-163] Analyzing VHDL file "C:/Users/Guille/Documents/Universidad/Sexto/1er Cuatri/DSED/Entrega/DSED/Entrega/Entrega/Entrega.srcs/sources_1/new/data_route_fir_filter.vhd" into library xil_defaultlib
INFO: [VRFC 10-307] analyzing entity data_route_fir_filter
INFO: [VRFC 10-163] Analyzing VHDL file "C:/Users/Guille/Documents/Universidad/Sexto/1er Cuatri/DSED/Entrega/DSED/Entrega/Entrega/Entrega.srcs/sources_1/new/fir_filter.vhd" into library xil_defaultlib
INFO: [VRFC 10-307] analyzing entity fir_filter
INFO: [VRFC 10-163] Analyzing VHDL file "C:/Users/Guille/Documents/Universidad/Sexto/1er Cuatri/DSED/Entrega/DSED/Entrega/Entrega/Entrega.srcs/sim_1/new/tb_avanzado.vhd" into library xil_defaultlib
INFO: [VRFC 10-307] analyzing entity tb_avanzado
ERROR: [VRFC 10-1412] syntax error near file_open [C:/Users/Guille/Documents/Universidad/Sexto/1er Cuatri/DSED/Entrega/DSED/Entrega/Entrega/Entrega.srcs/sim_1/new/tb_avanzado.vhd:71]
ERROR: [VRFC 10-1504] unit behavior ignored due to previous errors [C:/Users/Guille/Documents/Universidad/Sexto/1er Cuatri/DSED/Entrega/DSED/Entrega/Entrega/Entrega.srcs/sim_1/new/tb_avanzado.vhd:10]
INFO: [VRFC 10-240] VHDL file C:/Users/Guille/Documents/Universidad/Sexto/1er Cuatri/DSED/Entrega/DSED/Entrega/Entrega/Entrega.srcs/sim_1/new/tb_avanzado.vhd ignored due to errors
INFO: [USF-XSim-69] 'compile' step finished in '1' seconds
INFO: [USF-XSim-99] Step results log file:'C:/Users/Guille/Documents/Universidad/Sexto/1er Cuatri/DSED/Entrega/DSED/Entrega/Entrega/Entrega.sim/sim_1/behav/xvhdl.log'
ERROR: [USF-XSim-62] 'compile' step failed with error(s). Please check the Tcl console output or 'C:/Users/Guille/Documents/Universidad/Sexto/1er Cuatri/DSED/Entrega/DSED/Entrega/Entrega/Entrega.sim/sim_1/behav/xvhdl.log' file for more information.
ERROR: [Vivado 12-4473] Detected error while running simulation. Please correct the issue and retry this operation.
ERROR: [Common 17-39] 'launch_simulation' failed due to earlier errors.
launch_simulation
WARNING: [Vivado 12-3661] Failed to remove file:C:/Users/Guille/Documents/Universidad/Sexto/1er Cuatri/DSED/Entrega/DSED/Entrega/Entrega/Entrega.sim/sim_1/behav/fir_filter_tb_behav.wdb
WARNING: [Vivado 12-3661] Failed to remove file:C:/Users/Guille/Documents/Universidad/Sexto/1er Cuatri/DSED/Entrega/DSED/Entrega/Entrega/Entrega.sim/sim_1/behav/simulate.log
WARNING: [Vivado 12-3661] Failed to remove file:C:/Users/Guille/Documents/Universidad/Sexto/1er Cuatri/DSED/Entrega/DSED/Entrega/Entrega/Entrega.sim/sim_1/behav/xelab.pb
INFO: [SIM-utils-51] Simulation object is 'sim_1'
INFO: [USF-XSim-7] Finding pre-compiled libraries...
INFO: [USF-XSim-11] File 'C:/Xilinx/Vivado/2017.2/data/xsim/ip/xsim_ip.ini' copied to run dir:'C:/Users/Guille/Documents/Universidad/Sexto/1er Cuatri/DSED/Entrega/DSED/Entrega/Entrega/Entrega.sim/sim_1/behav'
INFO: [SIM-utils-54] Inspecting design source files for 'tb_avanzado' in fileset 'sim_1'...
INFO: [USF-XSim-97] Finding global include files...
INFO: [USF-XSim-98] Fetching design files from 'sim_1'...
INFO: [USF-XSim-2] XSim::Compile design
INFO: [USF-XSim-61] Executing 'COMPILE and ANALYZE' step in 'C:/Users/Guille/Documents/Universidad/Sexto/1er Cuatri/DSED/Entrega/DSED/Entrega/Entrega/Entrega.sim/sim_1/behav'
"xvhdl -m64 --relax -prj tb_avanzado_vhdl.prj"
INFO: [VRFC 10-163] Analyzing VHDL file "C:/Users/Guille/Documents/Universidad/Sexto/1er Cuatri/DSED/Entrega/DSED/Entrega/Entrega/Entrega.srcs/sources_1/new/package_dsed.vhd" into library xil_defaultlib
INFO: [VRFC 10-163] Analyzing VHDL file "C:/Users/Guille/Documents/Universidad/Sexto/1er Cuatri/DSED/Entrega/DSED/Entrega/Entrega/Entrega.srcs/sources_1/new/Moore_fir_filter.vhd" into library xil_defaultlib
INFO: [VRFC 10-307] analyzing entity Moore_fir_filter
INFO: [VRFC 10-163] Analyzing VHDL file "C:/Users/Guille/Documents/Universidad/Sexto/1er Cuatri/DSED/Entrega/DSED/Entrega/Entrega/Entrega.srcs/sources_1/new/data_route_fir_filter.vhd" into library xil_defaultlib
INFO: [VRFC 10-307] analyzing entity data_route_fir_filter
INFO: [VRFC 10-163] Analyzing VHDL file "C:/Users/Guille/Documents/Universidad/Sexto/1er Cuatri/DSED/Entrega/DSED/Entrega/Entrega/Entrega.srcs/sources_1/new/fir_filter.vhd" into library xil_defaultlib
INFO: [VRFC 10-307] analyzing entity fir_filter
INFO: [VRFC 10-163] Analyzing VHDL file "C:/Users/Guille/Documents/Universidad/Sexto/1er Cuatri/DSED/Entrega/DSED/Entrega/Entrega/Entrega.srcs/sim_1/new/tb_avanzado.vhd" into library xil_defaultlib
INFO: [VRFC 10-307] analyzing entity tb_avanzado
ERROR: [VRFC 10-1551] variable outside of subprogram or process must be 'shared' [C:/Users/Guille/Documents/Universidad/Sexto/1er Cuatri/DSED/Entrega/DSED/Entrega/Entrega/Entrega.srcs/sim_1/new/tb_avanzado.vhd:36]
ERROR: [VRFC 10-1525] use := to assign to variable c [C:/Users/Guille/Documents/Universidad/Sexto/1er Cuatri/DSED/Entrega/DSED/Entrega/Entrega/Entrega.srcs/sim_1/new/tb_avanzado.vhd:74]
ERROR: [VRFC 10-1504] unit behavior ignored due to previous errors [C:/Users/Guille/Documents/Universidad/Sexto/1er Cuatri/DSED/Entrega/DSED/Entrega/Entrega/Entrega.srcs/sim_1/new/tb_avanzado.vhd:10]
INFO: [VRFC 10-240] VHDL file C:/Users/Guille/Documents/Universidad/Sexto/1er Cuatri/DSED/Entrega/DSED/Entrega/Entrega/Entrega.srcs/sim_1/new/tb_avanzado.vhd ignored due to errors
INFO: [USF-XSim-69] 'compile' step finished in '1' seconds
INFO: [USF-XSim-99] Step results log file:'C:/Users/Guille/Documents/Universidad/Sexto/1er Cuatri/DSED/Entrega/DSED/Entrega/Entrega/Entrega.sim/sim_1/behav/xvhdl.log'
ERROR: [USF-XSim-62] 'compile' step failed with error(s). Please check the Tcl console output or 'C:/Users/Guille/Documents/Universidad/Sexto/1er Cuatri/DSED/Entrega/DSED/Entrega/Entrega/Entrega.sim/sim_1/behav/xvhdl.log' file for more information.
ERROR: [Vivado 12-4473] Detected error while running simulation. Please correct the issue and retry this operation.
ERROR: [Common 17-39] 'launch_simulation' failed due to earlier errors.
launch_simulation
WARNING: [Vivado 12-3661] Failed to remove file:C:/Users/Guille/Documents/Universidad/Sexto/1er Cuatri/DSED/Entrega/DSED/Entrega/Entrega/Entrega.sim/sim_1/behav/fir_filter_tb_behav.wdb
WARNING: [Vivado 12-3661] Failed to remove file:C:/Users/Guille/Documents/Universidad/Sexto/1er Cuatri/DSED/Entrega/DSED/Entrega/Entrega/Entrega.sim/sim_1/behav/simulate.log
WARNING: [Vivado 12-3661] Failed to remove file:C:/Users/Guille/Documents/Universidad/Sexto/1er Cuatri/DSED/Entrega/DSED/Entrega/Entrega/Entrega.sim/sim_1/behav/xelab.pb
INFO: [SIM-utils-51] Simulation object is 'sim_1'
INFO: [USF-XSim-7] Finding pre-compiled libraries...
INFO: [USF-XSim-11] File 'C:/Xilinx/Vivado/2017.2/data/xsim/ip/xsim_ip.ini' copied to run dir:'C:/Users/Guille/Documents/Universidad/Sexto/1er Cuatri/DSED/Entrega/DSED/Entrega/Entrega/Entrega.sim/sim_1/behav'
INFO: [SIM-utils-54] Inspecting design source files for 'tb_avanzado' in fileset 'sim_1'...
INFO: [USF-XSim-97] Finding global include files...
INFO: [USF-XSim-98] Fetching design files from 'sim_1'...
INFO: [USF-XSim-2] XSim::Compile design
INFO: [USF-XSim-61] Executing 'COMPILE and ANALYZE' step in 'C:/Users/Guille/Documents/Universidad/Sexto/1er Cuatri/DSED/Entrega/DSED/Entrega/Entrega/Entrega.sim/sim_1/behav'
"xvhdl -m64 --relax -prj tb_avanzado_vhdl.prj"
INFO: [VRFC 10-163] Analyzing VHDL file "C:/Users/Guille/Documents/Universidad/Sexto/1er Cuatri/DSED/Entrega/DSED/Entrega/Entrega/Entrega.srcs/sources_1/new/package_dsed.vhd" into library xil_defaultlib
INFO: [VRFC 10-163] Analyzing VHDL file "C:/Users/Guille/Documents/Universidad/Sexto/1er Cuatri/DSED/Entrega/DSED/Entrega/Entrega/Entrega.srcs/sources_1/new/Moore_fir_filter.vhd" into library xil_defaultlib
INFO: [VRFC 10-307] analyzing entity Moore_fir_filter
INFO: [VRFC 10-163] Analyzing VHDL file "C:/Users/Guille/Documents/Universidad/Sexto/1er Cuatri/DSED/Entrega/DSED/Entrega/Entrega/Entrega.srcs/sources_1/new/data_route_fir_filter.vhd" into library xil_defaultlib
INFO: [VRFC 10-307] analyzing entity data_route_fir_filter
INFO: [VRFC 10-163] Analyzing VHDL file "C:/Users/Guille/Documents/Universidad/Sexto/1er Cuatri/DSED/Entrega/DSED/Entrega/Entrega/Entrega.srcs/sources_1/new/fir_filter.vhd" into library xil_defaultlib
INFO: [VRFC 10-307] analyzing entity fir_filter
INFO: [VRFC 10-163] Analyzing VHDL file "C:/Users/Guille/Documents/Universidad/Sexto/1er Cuatri/DSED/Entrega/DSED/Entrega/Entrega/Entrega.srcs/sim_1/new/tb_avanzado.vhd" into library xil_defaultlib
INFO: [VRFC 10-307] analyzing entity tb_avanzado
INFO: [USF-XSim-69] 'compile' step finished in '1' seconds
INFO: [USF-XSim-3] XSim::Elaborate design
INFO: [USF-XSim-61] Executing 'ELABORATE' step in 'C:/Users/Guille/Documents/Universidad/Sexto/1er Cuatri/DSED/Entrega/DSED/Entrega/Entrega/Entrega.sim/sim_1/behav'
Vivado Simulator 2017.2
Copyright 1986-1999, 2001-2016 Xilinx, Inc. All Rights Reserved.
Running: C:/Xilinx/Vivado/2017.2/bin/unwrapped/win64.o/xelab.exe -wto 934ce40a663746aa82833165225fafba --debug typical --relax --mt 2 -L xil_defaultlib -L secureip -L xpm --snapshot tb_avanzado_behav xil_defaultlib.tb_avanzado -log elaborate.log 
Using 2 slave threads.
Starting static elaboration
Completed static elaboration
Starting simulation data flow analysis
Completed simulation data flow analysis
Time Resolution for simulation is 1ps
Compiling package std.standard
Compiling package std.textio
Compiling package ieee.std_logic_1164
Compiling package ieee.numeric_std
Compiling package xil_defaultlib.package_dsed
Compiling architecture behavioral of entity xil_defaultlib.data_route_fir_filter [data_route_fir_filter_default]
Compiling architecture behavioral of entity xil_defaultlib.Moore_fir_filter [moore_fir_filter_default]
Compiling architecture behavioral of entity xil_defaultlib.fir_filter [fir_filter_default]
Compiling architecture behavior of entity xil_defaultlib.tb_avanzado
Built simulation snapshot tb_avanzado_behav

****** Webtalk v2017.2 (64-bit)
  **** SW Build 1909853 on Thu Jun 15 18:39:09 MDT 2017
  **** IP Build 1909766 on Thu Jun 15 19:58:00 MDT 2017
    ** Copyright 1986-2017 Xilinx, Inc. All Rights Reserved.

source C:/Users/Guille/Documents/Universidad/Sexto/1er -notrace
couldn't read file "C:/Users/Guille/Documents/Universidad/Sexto/1er": no such file or directory
INFO: [Common 17-206] Exiting Webtalk at Fri Dec 15 16:15:04 2017...
INFO: [USF-XSim-69] 'elaborate' step finished in '2' seconds
INFO: [USF-XSim-4] XSim::Simulate design
INFO: [USF-XSim-61] Executing 'SIMULATE' step in 'C:/Users/Guille/Documents/Universidad/Sexto/1er Cuatri/DSED/Entrega/DSED/Entrega/Entrega/Entrega.sim/sim_1/behav'
INFO: [USF-XSim-98] *** Running xsim
   with args "tb_avanzado_behav -key {Behavioral:sim_1:Functional:tb_avanzado} -tclbatch {tb_avanzado.tcl} -log {simulate.log}"
INFO: [USF-XSim-8] Loading simulator feature
Vivado Simulator 2017.2
Time resolution is 1 ps
source tb_avanzado.tcl
# set curr_wave [current_wave_config]
# if { [string length $curr_wave] == 0 } {
#   if { [llength [get_objects]] > 0} {
#     add_wave /
#     set_property needs_save false [current_wave_config]
#   } else {
#      send_msg_id Add_Wave-1 WARNING "No top level signals found. Simulator will start without a wave window. If you want to open a wave window go to 'File->New Waveform Configuration' or type 'create_wave_config' in the TCL console."
#   }
# }
# run 1000ns
INFO: [USF-XSim-96] XSim completed. Design snapshot 'tb_avanzado_behav' loaded.
INFO: [USF-XSim-97] XSim simulation ran for 1000ns
launch_simulation: Time (s): cpu = 00:00:02 ; elapsed = 00:00:06 . Memory (MB): peak = 882.746 ; gain = 0.000
run 577000 us
Failure: Simulation Finished
Time: 576821360 ns  Iteration: 1  Process: /tb_avanzado/read_process  File: C:/Users/Guille/Documents/Universidad/Sexto/1er Cuatri/DSED/Entrega/DSED/Entrega/Entrega/Entrega.srcs/sim_1/new/tb_avanzado.vhd
$finish called at time : 576821360 ns : File "C:/Users/Guille/Documents/Universidad/Sexto/1er Cuatri/DSED/Entrega/DSED/Entrega/Entrega/Entrega.srcs/sim_1/new/tb_avanzado.vhd" Line 59
run: Time (s): cpu = 00:00:12 ; elapsed = 00:00:12 . Memory (MB): peak = 883.875 ; gain = 1.129
update_compile_order -fileset sim_1
update_compile_order -fileset sim_1
close_sim
INFO: [Simtcl 6-16] Simulation closed
launch_simulation
WARNING: [Vivado 12-3661] Failed to remove file:C:/Users/Guille/Documents/Universidad/Sexto/1er Cuatri/DSED/Entrega/DSED/Entrega/Entrega/Entrega.sim/sim_1/behav/fir_filter_tb_behav.wdb
WARNING: [Vivado 12-3661] Failed to remove file:C:/Users/Guille/Documents/Universidad/Sexto/1er Cuatri/DSED/Entrega/DSED/Entrega/Entrega/Entrega.sim/sim_1/behav/simulate.log
WARNING: [Vivado 12-3661] Failed to remove file:C:/Users/Guille/Documents/Universidad/Sexto/1er Cuatri/DSED/Entrega/DSED/Entrega/Entrega/Entrega.sim/sim_1/behav/xelab.pb
INFO: [SIM-utils-51] Simulation object is 'sim_1'
INFO: [USF-XSim-7] Finding pre-compiled libraries...
INFO: [USF-XSim-11] File 'C:/Xilinx/Vivado/2017.2/data/xsim/ip/xsim_ip.ini' copied to run dir:'C:/Users/Guille/Documents/Universidad/Sexto/1er Cuatri/DSED/Entrega/DSED/Entrega/Entrega/Entrega.sim/sim_1/behav'
INFO: [SIM-utils-54] Inspecting design source files for 'tb_avanzado' in fileset 'sim_1'...
INFO: [USF-XSim-97] Finding global include files...
INFO: [USF-XSim-98] Fetching design files from 'sim_1'...
INFO: [USF-XSim-2] XSim::Compile design
INFO: [USF-XSim-61] Executing 'COMPILE and ANALYZE' step in 'C:/Users/Guille/Documents/Universidad/Sexto/1er Cuatri/DSED/Entrega/DSED/Entrega/Entrega/Entrega.sim/sim_1/behav'
"xvhdl -m64 --relax -prj tb_avanzado_vhdl.prj"
INFO: [VRFC 10-163] Analyzing VHDL file "C:/Users/Guille/Documents/Universidad/Sexto/1er Cuatri/DSED/Entrega/DSED/Entrega/Entrega/Entrega.srcs/sources_1/new/package_dsed.vhd" into library xil_defaultlib
INFO: [VRFC 10-163] Analyzing VHDL file "C:/Users/Guille/Documents/Universidad/Sexto/1er Cuatri/DSED/Entrega/DSED/Entrega/Entrega/Entrega.srcs/sources_1/new/Moore_fir_filter.vhd" into library xil_defaultlib
INFO: [VRFC 10-307] analyzing entity Moore_fir_filter
INFO: [VRFC 10-163] Analyzing VHDL file "C:/Users/Guille/Documents/Universidad/Sexto/1er Cuatri/DSED/Entrega/DSED/Entrega/Entrega/Entrega.srcs/sources_1/new/data_route_fir_filter.vhd" into library xil_defaultlib
INFO: [VRFC 10-307] analyzing entity data_route_fir_filter
INFO: [VRFC 10-163] Analyzing VHDL file "C:/Users/Guille/Documents/Universidad/Sexto/1er Cuatri/DSED/Entrega/DSED/Entrega/Entrega/Entrega.srcs/sources_1/new/fir_filter.vhd" into library xil_defaultlib
INFO: [VRFC 10-307] analyzing entity fir_filter
INFO: [VRFC 10-163] Analyzing VHDL file "C:/Users/Guille/Documents/Universidad/Sexto/1er Cuatri/DSED/Entrega/DSED/Entrega/Entrega/Entrega.srcs/sim_1/new/tb_avanzado.vhd" into library xil_defaultlib
INFO: [VRFC 10-307] analyzing entity tb_avanzado
INFO: [USF-XSim-69] 'compile' step finished in '1' seconds
INFO: [USF-XSim-3] XSim::Elaborate design
INFO: [USF-XSim-61] Executing 'ELABORATE' step in 'C:/Users/Guille/Documents/Universidad/Sexto/1er Cuatri/DSED/Entrega/DSED/Entrega/Entrega/Entrega.sim/sim_1/behav'
Vivado Simulator 2017.2
Copyright 1986-1999, 2001-2016 Xilinx, Inc. All Rights Reserved.
Running: C:/Xilinx/Vivado/2017.2/bin/unwrapped/win64.o/xelab.exe -wto 934ce40a663746aa82833165225fafba --debug typical --relax --mt 2 -L xil_defaultlib -L secureip -L xpm --snapshot tb_avanzado_behav xil_defaultlib.tb_avanzado -log elaborate.log 
Using 2 slave threads.
Starting static elaboration
Completed static elaboration
Starting simulation data flow analysis
Completed simulation data flow analysis
Time Resolution for simulation is 1ps
Compiling package std.standard
Compiling package std.textio
Compiling package ieee.std_logic_1164
Compiling package ieee.numeric_std
Compiling package xil_defaultlib.package_dsed
Compiling architecture behavioral of entity xil_defaultlib.data_route_fir_filter [data_route_fir_filter_default]
Compiling architecture behavioral of entity xil_defaultlib.Moore_fir_filter [moore_fir_filter_default]
Compiling architecture behavioral of entity xil_defaultlib.fir_filter [fir_filter_default]
Compiling architecture behavior of entity xil_defaultlib.tb_avanzado
Built simulation snapshot tb_avanzado_behav

****** Webtalk v2017.2 (64-bit)
  **** SW Build 1909853 on Thu Jun 15 18:39:09 MDT 2017
  **** IP Build 1909766 on Thu Jun 15 19:58:00 MDT 2017
    ** Copyright 1986-2017 Xilinx, Inc. All Rights Reserved.

source C:/Users/Guille/Documents/Universidad/Sexto/1er -notrace
couldn't read file "C:/Users/Guille/Documents/Universidad/Sexto/1er": no such file or directory
INFO: [Common 17-206] Exiting Webtalk at Fri Dec 15 16:18:48 2017...
INFO: [USF-XSim-69] 'elaborate' step finished in '2' seconds
INFO: [USF-XSim-4] XSim::Simulate design
INFO: [USF-XSim-61] Executing 'SIMULATE' step in 'C:/Users/Guille/Documents/Universidad/Sexto/1er Cuatri/DSED/Entrega/DSED/Entrega/Entrega/Entrega.sim/sim_1/behav'
INFO: [USF-XSim-98] *** Running xsim
   with args "tb_avanzado_behav -key {Behavioral:sim_1:Functional:tb_avanzado} -tclbatch {tb_avanzado.tcl} -log {simulate.log}"
INFO: [USF-XSim-8] Loading simulator feature
Vivado Simulator 2017.2
Time resolution is 1 ps
source tb_avanzado.tcl
# set curr_wave [current_wave_config]
# if { [string length $curr_wave] == 0 } {
#   if { [llength [get_objects]] > 0} {
#     add_wave /
#     set_property needs_save false [current_wave_config]
#   } else {
#      send_msg_id Add_Wave-1 WARNING "No top level signals found. Simulator will start without a wave window. If you want to open a wave window go to 'File->New Waveform Configuration' or type 'create_wave_config' in the TCL console."
#   }
# }
# run 1000ns
INFO: [USF-XSim-96] XSim completed. Design snapshot 'tb_avanzado_behav' loaded.
INFO: [USF-XSim-97] XSim simulation ran for 1000ns
launch_simulation: Time (s): cpu = 00:00:02 ; elapsed = 00:00:05 . Memory (MB): peak = 889.301 ; gain = 0.000
run 577000 us
Failure: Simulation Finished
Time: 576821360 ns  Iteration: 1  Process: /tb_avanzado/read_process  File: C:/Users/Guille/Documents/Universidad/Sexto/1er Cuatri/DSED/Entrega/DSED/Entrega/Entrega/Entrega.srcs/sim_1/new/tb_avanzado.vhd
$finish called at time : 576821360 ns : File "C:/Users/Guille/Documents/Universidad/Sexto/1er Cuatri/DSED/Entrega/DSED/Entrega/Entrega/Entrega.srcs/sim_1/new/tb_avanzado.vhd" Line 59
run: Time (s): cpu = 00:00:12 ; elapsed = 00:00:12 . Memory (MB): peak = 889.895 ; gain = 0.594
close_sim
INFO: [Simtcl 6-16] Simulation closed
launch_simulation
WARNING: [Vivado 12-3661] Failed to remove file:C:/Users/Guille/Documents/Universidad/Sexto/1er Cuatri/DSED/Entrega/DSED/Entrega/Entrega/Entrega.sim/sim_1/behav/fir_filter_tb_behav.wdb
WARNING: [Vivado 12-3661] Failed to remove file:C:/Users/Guille/Documents/Universidad/Sexto/1er Cuatri/DSED/Entrega/DSED/Entrega/Entrega/Entrega.sim/sim_1/behav/simulate.log
WARNING: [Vivado 12-3661] Failed to remove file:C:/Users/Guille/Documents/Universidad/Sexto/1er Cuatri/DSED/Entrega/DSED/Entrega/Entrega/Entrega.sim/sim_1/behav/xelab.pb
INFO: [SIM-utils-51] Simulation object is 'sim_1'
INFO: [USF-XSim-7] Finding pre-compiled libraries...
INFO: [USF-XSim-11] File 'C:/Xilinx/Vivado/2017.2/data/xsim/ip/xsim_ip.ini' copied to run dir:'C:/Users/Guille/Documents/Universidad/Sexto/1er Cuatri/DSED/Entrega/DSED/Entrega/Entrega/Entrega.sim/sim_1/behav'
INFO: [SIM-utils-54] Inspecting design source files for 'tb_avanzado' in fileset 'sim_1'...
INFO: [USF-XSim-97] Finding global include files...
INFO: [USF-XSim-98] Fetching design files from 'sim_1'...
INFO: [USF-XSim-2] XSim::Compile design
INFO: [USF-XSim-61] Executing 'COMPILE and ANALYZE' step in 'C:/Users/Guille/Documents/Universidad/Sexto/1er Cuatri/DSED/Entrega/DSED/Entrega/Entrega/Entrega.sim/sim_1/behav'
"xvhdl -m64 --relax -prj tb_avanzado_vhdl.prj"
INFO: [VRFC 10-163] Analyzing VHDL file "C:/Users/Guille/Documents/Universidad/Sexto/1er Cuatri/DSED/Entrega/DSED/Entrega/Entrega/Entrega.srcs/sources_1/new/package_dsed.vhd" into library xil_defaultlib
INFO: [VRFC 10-163] Analyzing VHDL file "C:/Users/Guille/Documents/Universidad/Sexto/1er Cuatri/DSED/Entrega/DSED/Entrega/Entrega/Entrega.srcs/sources_1/new/Moore_fir_filter.vhd" into library xil_defaultlib
INFO: [VRFC 10-307] analyzing entity Moore_fir_filter
INFO: [VRFC 10-163] Analyzing VHDL file "C:/Users/Guille/Documents/Universidad/Sexto/1er Cuatri/DSED/Entrega/DSED/Entrega/Entrega/Entrega.srcs/sources_1/new/data_route_fir_filter.vhd" into library xil_defaultlib
INFO: [VRFC 10-307] analyzing entity data_route_fir_filter
INFO: [VRFC 10-163] Analyzing VHDL file "C:/Users/Guille/Documents/Universidad/Sexto/1er Cuatri/DSED/Entrega/DSED/Entrega/Entrega/Entrega.srcs/sources_1/new/fir_filter.vhd" into library xil_defaultlib
INFO: [VRFC 10-307] analyzing entity fir_filter
INFO: [VRFC 10-163] Analyzing VHDL file "C:/Users/Guille/Documents/Universidad/Sexto/1er Cuatri/DSED/Entrega/DSED/Entrega/Entrega/Entrega.srcs/sim_1/new/tb_avanzado.vhd" into library xil_defaultlib
INFO: [VRFC 10-307] analyzing entity tb_avanzado
INFO: [USF-XSim-69] 'compile' step finished in '1' seconds
INFO: [USF-XSim-3] XSim::Elaborate design
INFO: [USF-XSim-61] Executing 'ELABORATE' step in 'C:/Users/Guille/Documents/Universidad/Sexto/1er Cuatri/DSED/Entrega/DSED/Entrega/Entrega/Entrega.sim/sim_1/behav'
Vivado Simulator 2017.2
Copyright 1986-1999, 2001-2016 Xilinx, Inc. All Rights Reserved.
Running: C:/Xilinx/Vivado/2017.2/bin/unwrapped/win64.o/xelab.exe -wto 934ce40a663746aa82833165225fafba --debug typical --relax --mt 2 -L xil_defaultlib -L secureip -L xpm --snapshot tb_avanzado_behav xil_defaultlib.tb_avanzado -log elaborate.log 
Using 2 slave threads.
Starting static elaboration
Completed static elaboration
Starting simulation data flow analysis
Completed simulation data flow analysis
Time Resolution for simulation is 1ps
Compiling package std.standard
Compiling package std.textio
Compiling package ieee.std_logic_1164
Compiling package ieee.numeric_std
Compiling package xil_defaultlib.package_dsed
Compiling architecture behavioral of entity xil_defaultlib.data_route_fir_filter [data_route_fir_filter_default]
Compiling architecture behavioral of entity xil_defaultlib.Moore_fir_filter [moore_fir_filter_default]
Compiling architecture behavioral of entity xil_defaultlib.fir_filter [fir_filter_default]
Compiling architecture behavior of entity xil_defaultlib.tb_avanzado
Built simulation snapshot tb_avanzado_behav

****** Webtalk v2017.2 (64-bit)
  **** SW Build 1909853 on Thu Jun 15 18:39:09 MDT 2017
  **** IP Build 1909766 on Thu Jun 15 19:58:00 MDT 2017
    ** Copyright 1986-2017 Xilinx, Inc. All Rights Reserved.

source C:/Users/Guille/Documents/Universidad/Sexto/1er -notrace
couldn't read file "C:/Users/Guille/Documents/Universidad/Sexto/1er": no such file or directory
INFO: [Common 17-206] Exiting Webtalk at Fri Dec 15 16:19:39 2017...
INFO: [USF-XSim-69] 'elaborate' step finished in '2' seconds
INFO: [USF-XSim-4] XSim::Simulate design
INFO: [USF-XSim-61] Executing 'SIMULATE' step in 'C:/Users/Guille/Documents/Universidad/Sexto/1er Cuatri/DSED/Entrega/DSED/Entrega/Entrega/Entrega.sim/sim_1/behav'
INFO: [USF-XSim-98] *** Running xsim
   with args "tb_avanzado_behav -key {Behavioral:sim_1:Functional:tb_avanzado} -tclbatch {tb_avanzado.tcl} -log {simulate.log}"
INFO: [USF-XSim-8] Loading simulator feature
Vivado Simulator 2017.2
Time resolution is 1 ps
source tb_avanzado.tcl
# set curr_wave [current_wave_config]
# if { [string length $curr_wave] == 0 } {
#   if { [llength [get_objects]] > 0} {
#     add_wave /
#     set_property needs_save false [current_wave_config]
#   } else {
#      send_msg_id Add_Wave-1 WARNING "No top level signals found. Simulator will start without a wave window. If you want to open a wave window go to 'File->New Waveform Configuration' or type 'create_wave_config' in the TCL console."
#   }
# }
# run 1000ns
INFO: [USF-XSim-96] XSim completed. Design snapshot 'tb_avanzado_behav' loaded.
INFO: [USF-XSim-97] XSim simulation ran for 1000ns
launch_simulation: Time (s): cpu = 00:00:02 ; elapsed = 00:00:05 . Memory (MB): peak = 891.316 ; gain = 1.145
run 577000 us
Failure: Simulation Finished
Time: 576821360 ns  Iteration: 1  Process: /tb_avanzado/read_process  File: C:/Users/Guille/Documents/Universidad/Sexto/1er Cuatri/DSED/Entrega/DSED/Entrega/Entrega/Entrega.srcs/sim_1/new/tb_avanzado.vhd
$finish called at time : 576821360 ns : File "C:/Users/Guille/Documents/Universidad/Sexto/1er Cuatri/DSED/Entrega/DSED/Entrega/Entrega/Entrega.srcs/sim_1/new/tb_avanzado.vhd" Line 59
run: Time (s): cpu = 00:00:10 ; elapsed = 00:00:12 . Memory (MB): peak = 891.691 ; gain = 0.375
close_sim
INFO: [Simtcl 6-16] Simulation closed
launch_simulation
WARNING: [Vivado 12-3661] Failed to remove file:C:/Users/Guille/Documents/Universidad/Sexto/1er Cuatri/DSED/Entrega/DSED/Entrega/Entrega/Entrega.sim/sim_1/behav/fir_filter_tb_behav.wdb
WARNING: [Vivado 12-3661] Failed to remove file:C:/Users/Guille/Documents/Universidad/Sexto/1er Cuatri/DSED/Entrega/DSED/Entrega/Entrega/Entrega.sim/sim_1/behav/simulate.log
WARNING: [Vivado 12-3661] Failed to remove file:C:/Users/Guille/Documents/Universidad/Sexto/1er Cuatri/DSED/Entrega/DSED/Entrega/Entrega/Entrega.sim/sim_1/behav/xelab.pb
INFO: [SIM-utils-51] Simulation object is 'sim_1'
INFO: [USF-XSim-7] Finding pre-compiled libraries...
INFO: [USF-XSim-11] File 'C:/Xilinx/Vivado/2017.2/data/xsim/ip/xsim_ip.ini' copied to run dir:'C:/Users/Guille/Documents/Universidad/Sexto/1er Cuatri/DSED/Entrega/DSED/Entrega/Entrega/Entrega.sim/sim_1/behav'
INFO: [SIM-utils-54] Inspecting design source files for 'tb_avanzado' in fileset 'sim_1'...
INFO: [USF-XSim-97] Finding global include files...
INFO: [USF-XSim-98] Fetching design files from 'sim_1'...
INFO: [USF-XSim-2] XSim::Compile design
INFO: [USF-XSim-61] Executing 'COMPILE and ANALYZE' step in 'C:/Users/Guille/Documents/Universidad/Sexto/1er Cuatri/DSED/Entrega/DSED/Entrega/Entrega/Entrega.sim/sim_1/behav'
"xvhdl -m64 --relax -prj tb_avanzado_vhdl.prj"
INFO: [VRFC 10-163] Analyzing VHDL file "C:/Users/Guille/Documents/Universidad/Sexto/1er Cuatri/DSED/Entrega/DSED/Entrega/Entrega/Entrega.srcs/sources_1/new/package_dsed.vhd" into library xil_defaultlib
INFO: [VRFC 10-163] Analyzing VHDL file "C:/Users/Guille/Documents/Universidad/Sexto/1er Cuatri/DSED/Entrega/DSED/Entrega/Entrega/Entrega.srcs/sources_1/new/Moore_fir_filter.vhd" into library xil_defaultlib
INFO: [VRFC 10-307] analyzing entity Moore_fir_filter
INFO: [VRFC 10-163] Analyzing VHDL file "C:/Users/Guille/Documents/Universidad/Sexto/1er Cuatri/DSED/Entrega/DSED/Entrega/Entrega/Entrega.srcs/sources_1/new/data_route_fir_filter.vhd" into library xil_defaultlib
INFO: [VRFC 10-307] analyzing entity data_route_fir_filter
INFO: [VRFC 10-163] Analyzing VHDL file "C:/Users/Guille/Documents/Universidad/Sexto/1er Cuatri/DSED/Entrega/DSED/Entrega/Entrega/Entrega.srcs/sources_1/new/fir_filter.vhd" into library xil_defaultlib
INFO: [VRFC 10-307] analyzing entity fir_filter
ERROR: [VRFC 10-1412] syntax error near elsif [C:/Users/Guille/Documents/Universidad/Sexto/1er Cuatri/DSED/Entrega/DSED/Entrega/Entrega/Entrega.srcs/sources_1/new/fir_filter.vhd:99]
ERROR: [VRFC 10-1504] unit behavioral ignored due to previous errors [C:/Users/Guille/Documents/Universidad/Sexto/1er Cuatri/DSED/Entrega/DSED/Entrega/Entrega/Entrega.srcs/sources_1/new/fir_filter.vhd:45]
INFO: [VRFC 10-240] VHDL file C:/Users/Guille/Documents/Universidad/Sexto/1er Cuatri/DSED/Entrega/DSED/Entrega/Entrega/Entrega.srcs/sources_1/new/fir_filter.vhd ignored due to errors
INFO: [VRFC 10-163] Analyzing VHDL file "C:/Users/Guille/Documents/Universidad/Sexto/1er Cuatri/DSED/Entrega/DSED/Entrega/Entrega/Entrega.srcs/sim_1/new/tb_avanzado.vhd" into library xil_defaultlib
INFO: [VRFC 10-307] analyzing entity tb_avanzado
INFO: [USF-XSim-69] 'compile' step finished in '1' seconds
INFO: [USF-XSim-99] Step results log file:'C:/Users/Guille/Documents/Universidad/Sexto/1er Cuatri/DSED/Entrega/DSED/Entrega/Entrega/Entrega.sim/sim_1/behav/xvhdl.log'
ERROR: [USF-XSim-62] 'compile' step failed with error(s). Please check the Tcl console output or 'C:/Users/Guille/Documents/Universidad/Sexto/1er Cuatri/DSED/Entrega/DSED/Entrega/Entrega/Entrega.sim/sim_1/behav/xvhdl.log' file for more information.
ERROR: [Vivado 12-4473] Detected error while running simulation. Please correct the issue and retry this operation.
ERROR: [Common 17-39] 'launch_simulation' failed due to earlier errors.
launch_simulation
WARNING: [Vivado 12-3661] Failed to remove file:C:/Users/Guille/Documents/Universidad/Sexto/1er Cuatri/DSED/Entrega/DSED/Entrega/Entrega/Entrega.sim/sim_1/behav/fir_filter_tb_behav.wdb
WARNING: [Vivado 12-3661] Failed to remove file:C:/Users/Guille/Documents/Universidad/Sexto/1er Cuatri/DSED/Entrega/DSED/Entrega/Entrega/Entrega.sim/sim_1/behav/simulate.log
WARNING: [Vivado 12-3661] Failed to remove file:C:/Users/Guille/Documents/Universidad/Sexto/1er Cuatri/DSED/Entrega/DSED/Entrega/Entrega/Entrega.sim/sim_1/behav/xelab.pb
INFO: [SIM-utils-51] Simulation object is 'sim_1'
INFO: [USF-XSim-7] Finding pre-compiled libraries...
INFO: [USF-XSim-11] File 'C:/Xilinx/Vivado/2017.2/data/xsim/ip/xsim_ip.ini' copied to run dir:'C:/Users/Guille/Documents/Universidad/Sexto/1er Cuatri/DSED/Entrega/DSED/Entrega/Entrega/Entrega.sim/sim_1/behav'
INFO: [SIM-utils-54] Inspecting design source files for 'tb_avanzado' in fileset 'sim_1'...
INFO: [USF-XSim-97] Finding global include files...
INFO: [USF-XSim-98] Fetching design files from 'sim_1'...
INFO: [USF-XSim-2] XSim::Compile design
INFO: [USF-XSim-61] Executing 'COMPILE and ANALYZE' step in 'C:/Users/Guille/Documents/Universidad/Sexto/1er Cuatri/DSED/Entrega/DSED/Entrega/Entrega/Entrega.sim/sim_1/behav'
"xvhdl -m64 --relax -prj tb_avanzado_vhdl.prj"
INFO: [VRFC 10-163] Analyzing VHDL file "C:/Users/Guille/Documents/Universidad/Sexto/1er Cuatri/DSED/Entrega/DSED/Entrega/Entrega/Entrega.srcs/sources_1/new/package_dsed.vhd" into library xil_defaultlib
INFO: [VRFC 10-163] Analyzing VHDL file "C:/Users/Guille/Documents/Universidad/Sexto/1er Cuatri/DSED/Entrega/DSED/Entrega/Entrega/Entrega.srcs/sources_1/new/Moore_fir_filter.vhd" into library xil_defaultlib
INFO: [VRFC 10-307] analyzing entity Moore_fir_filter
INFO: [VRFC 10-163] Analyzing VHDL file "C:/Users/Guille/Documents/Universidad/Sexto/1er Cuatri/DSED/Entrega/DSED/Entrega/Entrega/Entrega.srcs/sources_1/new/data_route_fir_filter.vhd" into library xil_defaultlib
INFO: [VRFC 10-307] analyzing entity data_route_fir_filter
INFO: [VRFC 10-163] Analyzing VHDL file "C:/Users/Guille/Documents/Universidad/Sexto/1er Cuatri/DSED/Entrega/DSED/Entrega/Entrega/Entrega.srcs/sources_1/new/fir_filter.vhd" into library xil_defaultlib
INFO: [VRFC 10-307] analyzing entity fir_filter
INFO: [VRFC 10-163] Analyzing VHDL file "C:/Users/Guille/Documents/Universidad/Sexto/1er Cuatri/DSED/Entrega/DSED/Entrega/Entrega/Entrega.srcs/sim_1/new/tb_avanzado.vhd" into library xil_defaultlib
INFO: [VRFC 10-307] analyzing entity tb_avanzado
INFO: [USF-XSim-69] 'compile' step finished in '1' seconds
INFO: [USF-XSim-3] XSim::Elaborate design
INFO: [USF-XSim-61] Executing 'ELABORATE' step in 'C:/Users/Guille/Documents/Universidad/Sexto/1er Cuatri/DSED/Entrega/DSED/Entrega/Entrega/Entrega.sim/sim_1/behav'
Vivado Simulator 2017.2
Copyright 1986-1999, 2001-2016 Xilinx, Inc. All Rights Reserved.
Running: C:/Xilinx/Vivado/2017.2/bin/unwrapped/win64.o/xelab.exe -wto 934ce40a663746aa82833165225fafba --debug typical --relax --mt 2 -L xil_defaultlib -L secureip -L xpm --snapshot tb_avanzado_behav xil_defaultlib.tb_avanzado -log elaborate.log 
Using 2 slave threads.
Starting static elaboration
Completed static elaboration
Starting simulation data flow analysis
Completed simulation data flow analysis
Time Resolution for simulation is 1ps
Compiling package std.standard
Compiling package std.textio
Compiling package ieee.std_logic_1164
Compiling package ieee.numeric_std
Compiling package xil_defaultlib.package_dsed
Compiling architecture behavioral of entity xil_defaultlib.data_route_fir_filter [data_route_fir_filter_default]
Compiling architecture behavioral of entity xil_defaultlib.Moore_fir_filter [moore_fir_filter_default]
Compiling architecture behavioral of entity xil_defaultlib.fir_filter [fir_filter_default]
Compiling architecture behavior of entity xil_defaultlib.tb_avanzado
Built simulation snapshot tb_avanzado_behav

****** Webtalk v2017.2 (64-bit)
  **** SW Build 1909853 on Thu Jun 15 18:39:09 MDT 2017
  **** IP Build 1909766 on Thu Jun 15 19:58:00 MDT 2017
    ** Copyright 1986-2017 Xilinx, Inc. All Rights Reserved.

source C:/Users/Guille/Documents/Universidad/Sexto/1er -notrace
couldn't read file "C:/Users/Guille/Documents/Universidad/Sexto/1er": no such file or directory
INFO: [Common 17-206] Exiting Webtalk at Fri Dec 15 16:23:32 2017...
INFO: [USF-XSim-69] 'elaborate' step finished in '2' seconds
INFO: [USF-XSim-4] XSim::Simulate design
INFO: [USF-XSim-61] Executing 'SIMULATE' step in 'C:/Users/Guille/Documents/Universidad/Sexto/1er Cuatri/DSED/Entrega/DSED/Entrega/Entrega/Entrega.sim/sim_1/behav'
INFO: [USF-XSim-98] *** Running xsim
   with args "tb_avanzado_behav -key {Behavioral:sim_1:Functional:tb_avanzado} -tclbatch {tb_avanzado.tcl} -log {simulate.log}"
INFO: [USF-XSim-8] Loading simulator feature
Vivado Simulator 2017.2
Time resolution is 1 ps
source tb_avanzado.tcl
# set curr_wave [current_wave_config]
# if { [string length $curr_wave] == 0 } {
#   if { [llength [get_objects]] > 0} {
#     add_wave /
#     set_property needs_save false [current_wave_config]
#   } else {
#      send_msg_id Add_Wave-1 WARNING "No top level signals found. Simulator will start without a wave window. If you want to open a wave window go to 'File->New Waveform Configuration' or type 'create_wave_config' in the TCL console."
#   }
# }
# run 1000ns
INFO: [USF-XSim-96] XSim completed. Design snapshot 'tb_avanzado_behav' loaded.
INFO: [USF-XSim-97] XSim simulation ran for 1000ns
launch_simulation: Time (s): cpu = 00:00:02 ; elapsed = 00:00:06 . Memory (MB): peak = 898.762 ; gain = 0.723
run 577000 us
Failure: Simulation Finished
Time: 576821360 ns  Iteration: 1  Process: /tb_avanzado/read_process  File: C:/Users/Guille/Documents/Universidad/Sexto/1er Cuatri/DSED/Entrega/DSED/Entrega/Entrega/Entrega.srcs/sim_1/new/tb_avanzado.vhd
$finish called at time : 576821360 ns : File "C:/Users/Guille/Documents/Universidad/Sexto/1er Cuatri/DSED/Entrega/DSED/Entrega/Entrega/Entrega.srcs/sim_1/new/tb_avanzado.vhd" Line 59
run: Time (s): cpu = 00:00:13 ; elapsed = 00:00:12 . Memory (MB): peak = 898.805 ; gain = 0.043
update_compile_order -fileset sources_1
update_compile_order -fileset sources_1
close_sim
INFO: [Simtcl 6-16] Simulation closed
launch_simulation
WARNING: [Vivado 12-3661] Failed to remove file:C:/Users/Guille/Documents/Universidad/Sexto/1er Cuatri/DSED/Entrega/DSED/Entrega/Entrega/Entrega.sim/sim_1/behav/fir_filter_tb_behav.wdb
WARNING: [Vivado 12-3661] Failed to remove file:C:/Users/Guille/Documents/Universidad/Sexto/1er Cuatri/DSED/Entrega/DSED/Entrega/Entrega/Entrega.sim/sim_1/behav/simulate.log
WARNING: [Vivado 12-3661] Failed to remove file:C:/Users/Guille/Documents/Universidad/Sexto/1er Cuatri/DSED/Entrega/DSED/Entrega/Entrega/Entrega.sim/sim_1/behav/xelab.pb
INFO: [SIM-utils-51] Simulation object is 'sim_1'
INFO: [USF-XSim-7] Finding pre-compiled libraries...
INFO: [USF-XSim-11] File 'C:/Xilinx/Vivado/2017.2/data/xsim/ip/xsim_ip.ini' copied to run dir:'C:/Users/Guille/Documents/Universidad/Sexto/1er Cuatri/DSED/Entrega/DSED/Entrega/Entrega/Entrega.sim/sim_1/behav'
INFO: [SIM-utils-54] Inspecting design source files for 'tb_avanzado' in fileset 'sim_1'...
INFO: [USF-XSim-97] Finding global include files...
INFO: [USF-XSim-98] Fetching design files from 'sim_1'...
INFO: [USF-XSim-2] XSim::Compile design
INFO: [USF-XSim-61] Executing 'COMPILE and ANALYZE' step in 'C:/Users/Guille/Documents/Universidad/Sexto/1er Cuatri/DSED/Entrega/DSED/Entrega/Entrega/Entrega.sim/sim_1/behav'
"xvhdl -m64 --relax -prj tb_avanzado_vhdl.prj"
INFO: [VRFC 10-163] Analyzing VHDL file "C:/Users/Guille/Documents/Universidad/Sexto/1er Cuatri/DSED/Entrega/DSED/Entrega/Entrega/Entrega.srcs/sources_1/new/package_dsed.vhd" into library xil_defaultlib
INFO: [VRFC 10-163] Analyzing VHDL file "C:/Users/Guille/Documents/Universidad/Sexto/1er Cuatri/DSED/Entrega/DSED/Entrega/Entrega/Entrega.srcs/sources_1/new/Moore_fir_filter.vhd" into library xil_defaultlib
INFO: [VRFC 10-307] analyzing entity Moore_fir_filter
INFO: [VRFC 10-163] Analyzing VHDL file "C:/Users/Guille/Documents/Universidad/Sexto/1er Cuatri/DSED/Entrega/DSED/Entrega/Entrega/Entrega.srcs/sources_1/new/data_route_fir_filter.vhd" into library xil_defaultlib
INFO: [VRFC 10-307] analyzing entity data_route_fir_filter
INFO: [VRFC 10-163] Analyzing VHDL file "C:/Users/Guille/Documents/Universidad/Sexto/1er Cuatri/DSED/Entrega/DSED/Entrega/Entrega/Entrega.srcs/sources_1/new/fir_filter.vhd" into library xil_defaultlib
INFO: [VRFC 10-307] analyzing entity fir_filter
INFO: [VRFC 10-163] Analyzing VHDL file "C:/Users/Guille/Documents/Universidad/Sexto/1er Cuatri/DSED/Entrega/DSED/Entrega/Entrega/Entrega.srcs/sim_1/new/tb_avanzado.vhd" into library xil_defaultlib
INFO: [VRFC 10-307] analyzing entity tb_avanzado
INFO: [USF-XSim-69] 'compile' step finished in '1' seconds
INFO: [USF-XSim-3] XSim::Elaborate design
INFO: [USF-XSim-61] Executing 'ELABORATE' step in 'C:/Users/Guille/Documents/Universidad/Sexto/1er Cuatri/DSED/Entrega/DSED/Entrega/Entrega/Entrega.sim/sim_1/behav'
Vivado Simulator 2017.2
Copyright 1986-1999, 2001-2016 Xilinx, Inc. All Rights Reserved.
Running: C:/Xilinx/Vivado/2017.2/bin/unwrapped/win64.o/xelab.exe -wto 934ce40a663746aa82833165225fafba --debug typical --relax --mt 2 -L xil_defaultlib -L secureip -L xpm --snapshot tb_avanzado_behav xil_defaultlib.tb_avanzado -log elaborate.log 
Using 2 slave threads.
Starting static elaboration
Completed static elaboration
Starting simulation data flow analysis
Completed simulation data flow analysis
Time Resolution for simulation is 1ps
Compiling package std.standard
Compiling package std.textio
Compiling package ieee.std_logic_1164
Compiling package ieee.numeric_std
Compiling package xil_defaultlib.package_dsed
Compiling architecture behavioral of entity xil_defaultlib.data_route_fir_filter [data_route_fir_filter_default]
Compiling architecture behavioral of entity xil_defaultlib.Moore_fir_filter [moore_fir_filter_default]
Compiling architecture behavioral of entity xil_defaultlib.fir_filter [fir_filter_default]
Compiling architecture behavior of entity xil_defaultlib.tb_avanzado
Built simulation snapshot tb_avanzado_behav

****** Webtalk v2017.2 (64-bit)
  **** SW Build 1909853 on Thu Jun 15 18:39:09 MDT 2017
  **** IP Build 1909766 on Thu Jun 15 19:58:00 MDT 2017
    ** Copyright 1986-2017 Xilinx, Inc. All Rights Reserved.

source C:/Users/Guille/Documents/Universidad/Sexto/1er -notrace
couldn't read file "C:/Users/Guille/Documents/Universidad/Sexto/1er": no such file or directory
INFO: [Common 17-206] Exiting Webtalk at Fri Dec 15 16:26:41 2017...
INFO: [USF-XSim-69] 'elaborate' step finished in '2' seconds
INFO: [USF-XSim-4] XSim::Simulate design
INFO: [USF-XSim-61] Executing 'SIMULATE' step in 'C:/Users/Guille/Documents/Universidad/Sexto/1er Cuatri/DSED/Entrega/DSED/Entrega/Entrega/Entrega.sim/sim_1/behav'
INFO: [USF-XSim-98] *** Running xsim
   with args "tb_avanzado_behav -key {Behavioral:sim_1:Functional:tb_avanzado} -tclbatch {tb_avanzado.tcl} -log {simulate.log}"
INFO: [USF-XSim-8] Loading simulator feature
Vivado Simulator 2017.2
Time resolution is 1 ps
source tb_avanzado.tcl
# set curr_wave [current_wave_config]
# if { [string length $curr_wave] == 0 } {
#   if { [llength [get_objects]] > 0} {
#     add_wave /
#     set_property needs_save false [current_wave_config]
#   } else {
#      send_msg_id Add_Wave-1 WARNING "No top level signals found. Simulator will start without a wave window. If you want to open a wave window go to 'File->New Waveform Configuration' or type 'create_wave_config' in the TCL console."
#   }
# }
# run 1000ns
INFO: [USF-XSim-96] XSim completed. Design snapshot 'tb_avanzado_behav' loaded.
INFO: [USF-XSim-97] XSim simulation ran for 1000ns
launch_simulation: Time (s): cpu = 00:00:02 ; elapsed = 00:00:05 . Memory (MB): peak = 902.746 ; gain = 0.000
run 577000 us
Failure: Simulation Finished
Time: 576821360 ns  Iteration: 1  Process: /tb_avanzado/read_process  File: C:/Users/Guille/Documents/Universidad/Sexto/1er Cuatri/DSED/Entrega/DSED/Entrega/Entrega/Entrega.srcs/sim_1/new/tb_avanzado.vhd
$finish called at time : 576821360 ns : File "C:/Users/Guille/Documents/Universidad/Sexto/1er Cuatri/DSED/Entrega/DSED/Entrega/Entrega/Entrega.srcs/sim_1/new/tb_avanzado.vhd" Line 59
run: Time (s): cpu = 00:00:13 ; elapsed = 00:00:12 . Memory (MB): peak = 902.746 ; gain = 0.000
close_sim
INFO: [Simtcl 6-16] Simulation closed
close_sim
INFO: [Simtcl 6-16] Simulation closed
exit
INFO: [Common 17-206] Exiting Vivado at Fri Dec 15 16:33:52 2017...
