#-----------------------------------------------------------
# Vivado v2017.2 (64-bit)
# SW Build 1909853 on Thu Jun 15 18:39:09 MDT 2017
# IP Build 1909766 on Thu Jun 15 19:58:00 MDT 2017
# Start of session at: Fri Dec 29 19:11:00 2017
# Process ID: 13412
# Current directory: C:/Users/Guille/Documents/Universidad/Sexto/1er Cuatri/DSED/Entrega/DSED/Entrega/Entrega
# Command line: vivado.exe -gui_launcher_event rodinguilauncherevent12624 C:\Users\Guille\Documents\Universidad\Sexto\1er Cuatri\DSED\Entrega\DSED\Entrega\Entrega\Entrega.xpr
# Log file: C:/Users/Guille/Documents/Universidad/Sexto/1er Cuatri/DSED/Entrega/DSED/Entrega/Entrega/vivado.log
# Journal file: C:/Users/Guille/Documents/Universidad/Sexto/1er Cuatri/DSED/Entrega/DSED/Entrega/Entrega\vivado.jou
#-----------------------------------------------------------
start_gui
open_project {C:/Users/Guille/Documents/Universidad/Sexto/1er Cuatri/DSED/Entrega/DSED/Entrega/Entrega/Entrega.xpr}
INFO: [ProjectBase 1-489] The host OS only allows 260 characters in a normal path. The project is stored in a path with more than 80 characters. If you experience issues with IP, Block Designs, or files not being found, please consider moving the project to a location with a shorter path. Alternately consider using the OS subst command to map part of the path to a drive letter.
Current project path is 'C:/Users/Guille/Documents/Universidad/Sexto/1er Cuatri/DSED/Entrega/DSED/Entrega/Entrega'
Scanning sources...
Finished scanning sources
INFO: [IP_Flow 19-234] Refreshing IP repositories
INFO: [IP_Flow 19-1704] No user IP repositories specified
INFO: [IP_Flow 19-2313] Loaded Vivado IP repository 'C:/Xilinx/Vivado/2017.2/data/ip'.
open_project: Time (s): cpu = 00:00:20 ; elapsed = 00:00:12 . Memory (MB): peak = 785.293 ; gain = 112.426
set_property top tb_avanzado [get_filesets sim_1]
set_property top_lib xil_defaultlib [get_filesets sim_1]
launch_simulation
WARNING: [Vivado 12-3661] Failed to remove file:C:/Users/Guille/Documents/Universidad/Sexto/1er Cuatri/DSED/Entrega/DSED/Entrega/Entrega/Entrega.sim/sim_1/behav/elaborate.log
WARNING: [Vivado 12-3661] Failed to remove file:C:/Users/Guille/Documents/Universidad/Sexto/1er Cuatri/DSED/Entrega/DSED/Entrega/Entrega/Entrega.sim/sim_1/behav/en_4_cycles_tb_behav.wdb
WARNING: [Vivado 12-3661] Failed to remove file:C:/Users/Guille/Documents/Universidad/Sexto/1er Cuatri/DSED/Entrega/DSED/Entrega/Entrega/Entrega.sim/sim_1/behav/simulate.log
WARNING: [Vivado 12-3661] Failed to remove file:C:/Users/Guille/Documents/Universidad/Sexto/1er Cuatri/DSED/Entrega/DSED/Entrega/Entrega/Entrega.sim/sim_1/behav/xelab.pb
INFO: [Vivado 12-4795] Using compiled simulation libraries for IPs
INFO: [SIM-utils-51] Simulation object is 'sim_1'
INFO: [USF-XSim-7] Finding pre-compiled libraries...
INFO: [USF-XSim-11] File 'C:/Xilinx/Vivado/2017.2/data/xsim/ip/xsim_ip.ini' copied to run dir:'C:/Users/Guille/Documents/Universidad/Sexto/1er Cuatri/DSED/Entrega/DSED/Entrega/Entrega/Entrega.sim/sim_1/behav'
INFO: [SIM-utils-54] Inspecting design source files for 'tb_avanzado' in fileset 'sim_1'...
INFO: [USF-XSim-97] Finding global include files...
INFO: [USF-XSim-100] Fetching design files from 'sources_1'...(this may take a while)...
INFO: [USF-XSim-101] Fetching design files from 'sim_1'...
INFO: [USF-XSim-2] XSim::Compile design
INFO: [USF-XSim-61] Executing 'COMPILE and ANALYZE' step in 'C:/Users/Guille/Documents/Universidad/Sexto/1er Cuatri/DSED/Entrega/DSED/Entrega/Entrega/Entrega.sim/sim_1/behav'
"xvlog -m64 --relax -prj tb_avanzado_vlog.prj"
INFO: [VRFC 10-2263] Analyzing Verilog file "C:/Users/Guille/Documents/Universidad/Sexto/1er Cuatri/DSED/Entrega/DSED/Entrega/Entrega/Entrega.srcs/sources_1/ip/clk_wiz_0/clk_wiz_0_clk_wiz.v" into library xil_defaultlib
INFO: [VRFC 10-311] analyzing module clk_wiz_0_clk_wiz
INFO: [VRFC 10-2263] Analyzing Verilog file "C:/Users/Guille/Documents/Universidad/Sexto/1er Cuatri/DSED/Entrega/DSED/Entrega/Entrega/Entrega.srcs/sources_1/ip/clk_wiz_0/clk_wiz_0.v" into library xil_defaultlib
INFO: [VRFC 10-311] analyzing module clk_wiz_0
INFO: [VRFC 10-2263] Analyzing Verilog file "C:/Users/Guille/Documents/Universidad/Sexto/1er Cuatri/DSED/Entrega/DSED/Entrega/Entrega/Entrega.srcs/sources_1/ip/blk_mem_gen_0_1/sim/blk_mem_gen_0.v" into library xil_defaultlib
INFO: [VRFC 10-311] analyzing module blk_mem_gen_0
INFO: [VRFC 10-2263] Analyzing Verilog file "C:/Users/Guille/Documents/Universidad/Sexto/1er Cuatri/DSED/Entrega/DSED/Entrega/Entrega/Entrega.sim/sim_1/behav/glbl.v" into library xil_defaultlib
INFO: [VRFC 10-311] analyzing module glbl
"xvhdl -m64 --relax -prj tb_avanzado_vhdl.prj"
INFO: [VRFC 10-163] Analyzing VHDL file "C:/Users/Guille/Documents/Universidad/Sexto/1er Cuatri/DSED/Entrega/DSED/Entrega/Entrega/Entrega.srcs/sources_1/new/package_dsed.vhd" into library xil_defaultlib
INFO: [VRFC 10-163] Analyzing VHDL file "C:/Users/Guille/Documents/Universidad/Sexto/1er Cuatri/DSED/Entrega/DSED/Entrega/Entrega/Entrega.srcs/sources_1/new/FSMD_microphone.vhd" into library xil_defaultlib
INFO: [VRFC 10-307] analyzing entity FSMD_microphone
INFO: [VRFC 10-163] Analyzing VHDL file "C:/Users/Guille/Documents/Universidad/Sexto/1er Cuatri/DSED/Entrega/DSED/Entrega/Entrega/Entrega.srcs/sources_1/new/Moore_fir_filter.vhd" into library xil_defaultlib
INFO: [VRFC 10-307] analyzing entity Moore_fir_filter
INFO: [VRFC 10-163] Analyzing VHDL file "C:/Users/Guille/Documents/Universidad/Sexto/1er Cuatri/DSED/Entrega/DSED/Entrega/Entrega/Entrega.srcs/sources_1/new/audio_interface.vhd" into library xil_defaultlib
INFO: [VRFC 10-307] analyzing entity audio_interface
INFO: [VRFC 10-163] Analyzing VHDL file "C:/Users/Guille/Documents/Universidad/Sexto/1er Cuatri/DSED/Entrega/DSED/Entrega/Entrega/Entrega.srcs/sources_1/new/controlador.vhd" into library xil_defaultlib
INFO: [VRFC 10-307] analyzing entity controlador
INFO: [VRFC 10-163] Analyzing VHDL file "C:/Users/Guille/Documents/Universidad/Sexto/1er Cuatri/DSED/Entrega/DSED/Entrega/Entrega/Entrega.srcs/sources_1/new/data_route_fir_filter.vhd" into library xil_defaultlib
INFO: [VRFC 10-307] analyzing entity data_route_fir_filter
INFO: [VRFC 10-163] Analyzing VHDL file "C:/Users/Guille/Documents/Universidad/Sexto/1er Cuatri/DSED/Entrega/DSED/Entrega/Entrega/Entrega.srcs/sources_1/new/en_4_cycles.vhd" into library xil_defaultlib
INFO: [VRFC 10-307] analyzing entity en_4_cycles
INFO: [VRFC 10-163] Analyzing VHDL file "C:/Users/Guille/Documents/Universidad/Sexto/1er Cuatri/DSED/Entrega/DSED/Entrega/Entrega/Entrega.srcs/sources_1/new/fir_filter.vhd" into library xil_defaultlib
INFO: [VRFC 10-307] analyzing entity fir_filter
INFO: [VRFC 10-163] Analyzing VHDL file "C:/Users/Guille/Documents/Universidad/Sexto/1er Cuatri/DSED/Entrega/DSED/Entrega/Entrega/pwm.vhd" into library xil_defaultlib
INFO: [VRFC 10-307] analyzing entity pwm
INFO: [VRFC 10-163] Analyzing VHDL file "C:/Users/Guille/Documents/Universidad/Sexto/1er Cuatri/DSED/Entrega/DSED/Entrega/Entrega/Entrega.srcs/sources_1/new/dsed_audio.vhd" into library xil_defaultlib
INFO: [VRFC 10-307] analyzing entity dsed_audio
INFO: [VRFC 10-163] Analyzing VHDL file "C:/Users/Guille/Documents/Universidad/Sexto/1er Cuatri/DSED/Entrega/DSED/Entrega/Entrega/Entrega.srcs/sim_1/new/FSMD_microphone_pse_tb.vhd" into library xil_defaultlib
INFO: [VRFC 10-307] analyzing entity FSMD_microphone_pse_tb
INFO: [VRFC 10-163] Analyzing VHDL file "C:/Users/Guille/Documents/Universidad/Sexto/1er Cuatri/DSED/Entrega/DSED/Entrega/Entrega/Entrega.srcs/sim_1/new/audio_tb.vhd" into library xil_defaultlib
INFO: [VRFC 10-307] analyzing entity audio_tb
INFO: [VRFC 10-163] Analyzing VHDL file "C:/Users/Guille/Documents/Universidad/Sexto/1er Cuatri/DSED/Entrega/DSED/Entrega/Entrega/Entrega.srcs/sim_1/new/pwm_tb.vhd" into library xil_defaultlib
INFO: [VRFC 10-307] analyzing entity pwm_tb
INFO: [VRFC 10-163] Analyzing VHDL file "C:/Users/Guille/Documents/Universidad/Sexto/1er Cuatri/DSED/Entrega/DSED/Entrega/Entrega/Entrega.srcs/sim_1/new/tb_avanzado.vhd" into library xil_defaultlib
INFO: [VRFC 10-307] analyzing entity tb_avanzado
INFO: [VRFC 10-163] Analyzing VHDL file "C:/Users/Guille/Documents/Universidad/Sexto/1er Cuatri/DSED/Entrega/DSED/Entrega/Entrega/Entrega.srcs/sim_1/new/fir_filter_tb.vhd" into library xil_defaultlib
INFO: [VRFC 10-307] analyzing entity fir_filter_tb
INFO: [VRFC 10-163] Analyzing VHDL file "C:/Users/Guille/Documents/Universidad/Sexto/1er Cuatri/DSED/Entrega/DSED/Entrega/Entrega/Entrega.srcs/sim_1/new/moore_fir_filter_tb.vhd" into library xil_defaultlib
INFO: [VRFC 10-307] analyzing entity moore_fir_filter_tb
INFO: [VRFC 10-163] Analyzing VHDL file "C:/Users/Guille/Documents/Universidad/Sexto/1er Cuatri/DSED/Entrega/DSED/Entrega/Entrega/Entrega.srcs/sim_1/new/data_route_fir_filter_tb.vhd" into library xil_defaultlib
INFO: [VRFC 10-307] analyzing entity data_route_fir_filter_tb
INFO: [VRFC 10-163] Analyzing VHDL file "C:/Users/Guille/Documents/Universidad/Sexto/1er Cuatri/DSED/Entrega/DSED/Entrega/Entrega/Entrega.srcs/sim_1/new/controlador_tb.vhd" into library xil_defaultlib
INFO: [VRFC 10-307] analyzing entity controlador_tb
INFO: [VRFC 10-163] Analyzing VHDL file "C:/Users/Guille/Documents/Universidad/Sexto/1er Cuatri/DSED/Entrega/DSED/Entrega/Entrega/Entrega.srcs/sim_1/new/audio_interface_tb.vhd" into library xil_defaultlib
INFO: [VRFC 10-307] analyzing entity audio_interface_tb
INFO: [VRFC 10-163] Analyzing VHDL file "C:/Users/Guille/Documents/Universidad/Sexto/1er Cuatri/DSED/Entrega/DSED/Entrega/Entrega/Entrega.srcs/sim_1/new/en_4_cycles_tb.vhd" into library xil_defaultlib
INFO: [VRFC 10-307] analyzing entity en_4_cycles_tb
INFO: [VRFC 10-163] Analyzing VHDL file "C:/Users/Guille/Documents/Universidad/Sexto/1er Cuatri/DSED/Entrega/DSED/Entrega/Entrega/Entrega.srcs/sim_1/new/FSMD_microphone_tb.vhd" into library xil_defaultlib
INFO: [VRFC 10-307] analyzing entity FSMD_microphone_tb
INFO: [VRFC 10-163] Analyzing VHDL file "C:/Users/Guille/Documents/Universidad/Sexto/1er Cuatri/DSED/Entrega/DSED/Entrega/Entrega/Entrega.srcs/sim_1/new/RAM_tb.vhd" into library xil_defaultlib
INFO: [VRFC 10-307] analyzing entity RAM_tb
run_program: Time (s): cpu = 00:00:00 ; elapsed = 00:00:05 . Memory (MB): peak = 801.508 ; gain = 0.000
INFO: [USF-XSim-69] 'compile' step finished in '6' seconds
INFO: [USF-XSim-3] XSim::Elaborate design
INFO: [USF-XSim-61] Executing 'ELABORATE' step in 'C:/Users/Guille/Documents/Universidad/Sexto/1er Cuatri/DSED/Entrega/DSED/Entrega/Entrega/Entrega.sim/sim_1/behav'
Vivado Simulator 2017.2
Copyright 1986-1999, 2001-2016 Xilinx, Inc. All Rights Reserved.
Running: C:/Xilinx/Vivado/2017.2/bin/unwrapped/win64.o/xelab.exe -wto 934ce40a663746aa82833165225fafba --debug typical --relax --mt 2 -L xil_defaultlib -L blk_mem_gen_v8_3_6 -L unisims_ver -L unimacro_ver -L secureip -L xpm --snapshot tb_avanzado_behav xil_defaultlib.tb_avanzado xil_defaultlib.glbl -log elaborate.log 
Using 2 slave threads.
Starting static elaboration
Completed static elaboration
Starting simulation data flow analysis
Completed simulation data flow analysis
Time Resolution for simulation is 1ps
Compiling package std.standard
Compiling package std.textio
Compiling package ieee.std_logic_1164
Compiling package ieee.numeric_std
Compiling package xil_defaultlib.package_dsed
Compiling module xil_defaultlib.glbl
Compiling architecture behavioral of entity xil_defaultlib.data_route_fir_filter [data_route_fir_filter_default]
Compiling architecture behavioral of entity xil_defaultlib.Moore_fir_filter [moore_fir_filter_default]
Compiling architecture behavioral of entity xil_defaultlib.fir_filter [fir_filter_default]
Compiling architecture behavior of entity xil_defaultlib.tb_avanzado
Built simulation snapshot tb_avanzado_behav

****** Webtalk v2017.2 (64-bit)
  **** SW Build 1909853 on Thu Jun 15 18:39:09 MDT 2017
  **** IP Build 1909766 on Thu Jun 15 19:58:00 MDT 2017
    ** Copyright 1986-2017 Xilinx, Inc. All Rights Reserved.

source C:/Users/Guille/Documents/Universidad/Sexto/1er -notrace
invalid command name "%"
    while executing
"% Total    % Received % Xferd  Average Speed   Time    Time     Time  Current"
    (file "C:/Users/Guille/Documents/Universidad/Sexto/1er" line 1)
INFO: [Common 17-206] Exiting Webtalk at Fri Dec 29 19:13:39 2017...
run_program: Time (s): cpu = 00:00:01 ; elapsed = 00:00:06 . Memory (MB): peak = 801.508 ; gain = 0.000
INFO: [USF-XSim-69] 'elaborate' step finished in '5' seconds
INFO: [USF-XSim-4] XSim::Simulate design
INFO: [USF-XSim-61] Executing 'SIMULATE' step in 'C:/Users/Guille/Documents/Universidad/Sexto/1er Cuatri/DSED/Entrega/DSED/Entrega/Entrega/Entrega.sim/sim_1/behav'
INFO: [USF-XSim-98] *** Running xsim
   with args "tb_avanzado_behav -key {Behavioral:sim_1:Functional:tb_avanzado} -tclbatch {tb_avanzado.tcl} -log {simulate.log}"
INFO: [USF-XSim-8] Loading simulator feature
Vivado Simulator 2017.2
Time resolution is 1 ps
source tb_avanzado.tcl
# set curr_wave [current_wave_config]
# if { [string length $curr_wave] == 0 } {
#   if { [llength [get_objects]] > 0} {
#     add_wave /
#     set_property needs_save false [current_wave_config]
#   } else {
#      send_msg_id Add_Wave-1 WARNING "No top level signals found. Simulator will start without a wave window. If you want to open a wave window go to 'File->New Waveform Configuration' or type 'create_wave_config' in the TCL console."
#   }
# }
# run 1000ns
INFO: [USF-XSim-96] XSim completed. Design snapshot 'tb_avanzado_behav' loaded.
INFO: [USF-XSim-97] XSim simulation ran for 1000ns
launch_simulation: Time (s): cpu = 00:00:06 ; elapsed = 00:00:16 . Memory (MB): peak = 817.441 ; gain = 15.934
run 580000 us
Failure: Simulation Finished
Time: 576821360 ns  Iteration: 1  Process: /tb_avanzado/read_process  File: C:/Users/Guille/Documents/Universidad/Sexto/1er Cuatri/DSED/Entrega/DSED/Entrega/Entrega/Entrega.srcs/sim_1/new/tb_avanzado.vhd
$finish called at time : 576821360 ns : File "C:/Users/Guille/Documents/Universidad/Sexto/1er Cuatri/DSED/Entrega/DSED/Entrega/Entrega/Entrega.srcs/sim_1/new/tb_avanzado.vhd" Line 58
run: Time (s): cpu = 00:00:15 ; elapsed = 00:00:15 . Memory (MB): peak = 821.574 ; gain = 4.090
relaunch_sim
INFO: [Vivado 12-4795] Using compiled simulation libraries for IPs
INFO: [SIM-utils-51] Simulation object is 'sim_1'
INFO: [USF-XSim-7] Finding pre-compiled libraries...
INFO: [USF-XSim-11] File 'C:/Xilinx/Vivado/2017.2/data/xsim/ip/xsim_ip.ini' copied to run dir:'C:/Users/Guille/Documents/Universidad/Sexto/1er Cuatri/DSED/Entrega/DSED/Entrega/Entrega/Entrega.sim/sim_1/behav'
INFO: [SIM-utils-54] Inspecting design source files for 'tb_avanzado' in fileset 'sim_1'...
INFO: [USF-XSim-97] Finding global include files...
INFO: [USF-XSim-100] Fetching design files from 'sources_1'...(this may take a while)...
INFO: [USF-XSim-101] Fetching design files from 'sim_1'...
INFO: [USF-XSim-2] XSim::Compile design
INFO: [USF-XSim-61] Executing 'COMPILE and ANALYZE' step in 'C:/Users/Guille/Documents/Universidad/Sexto/1er Cuatri/DSED/Entrega/DSED/Entrega/Entrega/Entrega.sim/sim_1/behav'
"xvlog -m64 --relax -prj tb_avanzado_vlog.prj"
INFO: [VRFC 10-2263] Analyzing Verilog file "C:/Users/Guille/Documents/Universidad/Sexto/1er Cuatri/DSED/Entrega/DSED/Entrega/Entrega/Entrega.srcs/sources_1/ip/clk_wiz_0/clk_wiz_0_clk_wiz.v" into library xil_defaultlib
INFO: [VRFC 10-311] analyzing module clk_wiz_0_clk_wiz
INFO: [VRFC 10-2263] Analyzing Verilog file "C:/Users/Guille/Documents/Universidad/Sexto/1er Cuatri/DSED/Entrega/DSED/Entrega/Entrega/Entrega.srcs/sources_1/ip/clk_wiz_0/clk_wiz_0.v" into library xil_defaultlib
INFO: [VRFC 10-311] analyzing module clk_wiz_0
INFO: [VRFC 10-2263] Analyzing Verilog file "C:/Users/Guille/Documents/Universidad/Sexto/1er Cuatri/DSED/Entrega/DSED/Entrega/Entrega/Entrega.srcs/sources_1/ip/blk_mem_gen_0_1/sim/blk_mem_gen_0.v" into library xil_defaultlib
INFO: [VRFC 10-311] analyzing module blk_mem_gen_0
INFO: [VRFC 10-2263] Analyzing Verilog file "C:/Users/Guille/Documents/Universidad/Sexto/1er Cuatri/DSED/Entrega/DSED/Entrega/Entrega/Entrega.sim/sim_1/behav/glbl.v" into library xil_defaultlib
INFO: [VRFC 10-311] analyzing module glbl
"xvhdl -m64 --relax -prj tb_avanzado_vhdl.prj"
INFO: [VRFC 10-163] Analyzing VHDL file "C:/Users/Guille/Documents/Universidad/Sexto/1er Cuatri/DSED/Entrega/DSED/Entrega/Entrega/Entrega.srcs/sources_1/new/package_dsed.vhd" into library xil_defaultlib
INFO: [VRFC 10-163] Analyzing VHDL file "C:/Users/Guille/Documents/Universidad/Sexto/1er Cuatri/DSED/Entrega/DSED/Entrega/Entrega/Entrega.srcs/sources_1/new/FSMD_microphone.vhd" into library xil_defaultlib
INFO: [VRFC 10-307] analyzing entity FSMD_microphone
INFO: [VRFC 10-163] Analyzing VHDL file "C:/Users/Guille/Documents/Universidad/Sexto/1er Cuatri/DSED/Entrega/DSED/Entrega/Entrega/Entrega.srcs/sources_1/new/Moore_fir_filter.vhd" into library xil_defaultlib
INFO: [VRFC 10-307] analyzing entity Moore_fir_filter
INFO: [VRFC 10-163] Analyzing VHDL file "C:/Users/Guille/Documents/Universidad/Sexto/1er Cuatri/DSED/Entrega/DSED/Entrega/Entrega/Entrega.srcs/sources_1/new/audio_interface.vhd" into library xil_defaultlib
INFO: [VRFC 10-307] analyzing entity audio_interface
INFO: [VRFC 10-163] Analyzing VHDL file "C:/Users/Guille/Documents/Universidad/Sexto/1er Cuatri/DSED/Entrega/DSED/Entrega/Entrega/Entrega.srcs/sources_1/new/controlador.vhd" into library xil_defaultlib
INFO: [VRFC 10-307] analyzing entity controlador
INFO: [VRFC 10-163] Analyzing VHDL file "C:/Users/Guille/Documents/Universidad/Sexto/1er Cuatri/DSED/Entrega/DSED/Entrega/Entrega/Entrega.srcs/sources_1/new/data_route_fir_filter.vhd" into library xil_defaultlib
INFO: [VRFC 10-307] analyzing entity data_route_fir_filter
INFO: [VRFC 10-163] Analyzing VHDL file "C:/Users/Guille/Documents/Universidad/Sexto/1er Cuatri/DSED/Entrega/DSED/Entrega/Entrega/Entrega.srcs/sources_1/new/en_4_cycles.vhd" into library xil_defaultlib
INFO: [VRFC 10-307] analyzing entity en_4_cycles
INFO: [VRFC 10-163] Analyzing VHDL file "C:/Users/Guille/Documents/Universidad/Sexto/1er Cuatri/DSED/Entrega/DSED/Entrega/Entrega/Entrega.srcs/sources_1/new/fir_filter.vhd" into library xil_defaultlib
INFO: [VRFC 10-307] analyzing entity fir_filter
INFO: [VRFC 10-163] Analyzing VHDL file "C:/Users/Guille/Documents/Universidad/Sexto/1er Cuatri/DSED/Entrega/DSED/Entrega/Entrega/pwm.vhd" into library xil_defaultlib
INFO: [VRFC 10-307] analyzing entity pwm
INFO: [VRFC 10-163] Analyzing VHDL file "C:/Users/Guille/Documents/Universidad/Sexto/1er Cuatri/DSED/Entrega/DSED/Entrega/Entrega/Entrega.srcs/sources_1/new/dsed_audio.vhd" into library xil_defaultlib
INFO: [VRFC 10-307] analyzing entity dsed_audio
INFO: [VRFC 10-163] Analyzing VHDL file "C:/Users/Guille/Documents/Universidad/Sexto/1er Cuatri/DSED/Entrega/DSED/Entrega/Entrega/Entrega.srcs/sim_1/new/FSMD_microphone_pse_tb.vhd" into library xil_defaultlib
INFO: [VRFC 10-307] analyzing entity FSMD_microphone_pse_tb
INFO: [VRFC 10-163] Analyzing VHDL file "C:/Users/Guille/Documents/Universidad/Sexto/1er Cuatri/DSED/Entrega/DSED/Entrega/Entrega/Entrega.srcs/sim_1/new/audio_tb.vhd" into library xil_defaultlib
INFO: [VRFC 10-307] analyzing entity audio_tb
INFO: [VRFC 10-163] Analyzing VHDL file "C:/Users/Guille/Documents/Universidad/Sexto/1er Cuatri/DSED/Entrega/DSED/Entrega/Entrega/Entrega.srcs/sim_1/new/pwm_tb.vhd" into library xil_defaultlib
INFO: [VRFC 10-307] analyzing entity pwm_tb
INFO: [VRFC 10-163] Analyzing VHDL file "C:/Users/Guille/Documents/Universidad/Sexto/1er Cuatri/DSED/Entrega/DSED/Entrega/Entrega/Entrega.srcs/sim_1/new/tb_avanzado.vhd" into library xil_defaultlib
INFO: [VRFC 10-307] analyzing entity tb_avanzado
INFO: [VRFC 10-163] Analyzing VHDL file "C:/Users/Guille/Documents/Universidad/Sexto/1er Cuatri/DSED/Entrega/DSED/Entrega/Entrega/Entrega.srcs/sim_1/new/fir_filter_tb.vhd" into library xil_defaultlib
INFO: [VRFC 10-307] analyzing entity fir_filter_tb
INFO: [VRFC 10-163] Analyzing VHDL file "C:/Users/Guille/Documents/Universidad/Sexto/1er Cuatri/DSED/Entrega/DSED/Entrega/Entrega/Entrega.srcs/sim_1/new/moore_fir_filter_tb.vhd" into library xil_defaultlib
INFO: [VRFC 10-307] analyzing entity moore_fir_filter_tb
INFO: [VRFC 10-163] Analyzing VHDL file "C:/Users/Guille/Documents/Universidad/Sexto/1er Cuatri/DSED/Entrega/DSED/Entrega/Entrega/Entrega.srcs/sim_1/new/data_route_fir_filter_tb.vhd" into library xil_defaultlib
INFO: [VRFC 10-307] analyzing entity data_route_fir_filter_tb
INFO: [VRFC 10-163] Analyzing VHDL file "C:/Users/Guille/Documents/Universidad/Sexto/1er Cuatri/DSED/Entrega/DSED/Entrega/Entrega/Entrega.srcs/sim_1/new/controlador_tb.vhd" into library xil_defaultlib
INFO: [VRFC 10-307] analyzing entity controlador_tb
INFO: [VRFC 10-163] Analyzing VHDL file "C:/Users/Guille/Documents/Universidad/Sexto/1er Cuatri/DSED/Entrega/DSED/Entrega/Entrega/Entrega.srcs/sim_1/new/audio_interface_tb.vhd" into library xil_defaultlib
INFO: [VRFC 10-307] analyzing entity audio_interface_tb
INFO: [VRFC 10-163] Analyzing VHDL file "C:/Users/Guille/Documents/Universidad/Sexto/1er Cuatri/DSED/Entrega/DSED/Entrega/Entrega/Entrega.srcs/sim_1/new/en_4_cycles_tb.vhd" into library xil_defaultlib
INFO: [VRFC 10-307] analyzing entity en_4_cycles_tb
INFO: [VRFC 10-163] Analyzing VHDL file "C:/Users/Guille/Documents/Universidad/Sexto/1er Cuatri/DSED/Entrega/DSED/Entrega/Entrega/Entrega.srcs/sim_1/new/FSMD_microphone_tb.vhd" into library xil_defaultlib
INFO: [VRFC 10-307] analyzing entity FSMD_microphone_tb
INFO: [VRFC 10-163] Analyzing VHDL file "C:/Users/Guille/Documents/Universidad/Sexto/1er Cuatri/DSED/Entrega/DSED/Entrega/Entrega/Entrega.srcs/sim_1/new/RAM_tb.vhd" into library xil_defaultlib
INFO: [VRFC 10-307] analyzing entity RAM_tb
INFO: [USF-XSim-69] 'compile' step finished in '3' seconds
INFO: [Vivado 12-4795] Using compiled simulation libraries for IPs
INFO: [USF-XSim-3] XSim::Elaborate design
INFO: [USF-XSim-61] Executing 'ELABORATE' step in 'C:/Users/Guille/Documents/Universidad/Sexto/1er Cuatri/DSED/Entrega/DSED/Entrega/Entrega/Entrega.sim/sim_1/behav'
Vivado Simulator 2017.2
Copyright 1986-1999, 2001-2016 Xilinx, Inc. All Rights Reserved.
Running: C:/Xilinx/Vivado/2017.2/bin/unwrapped/win64.o/xelab.exe -wto 934ce40a663746aa82833165225fafba --debug typical --relax --mt 2 -L xil_defaultlib -L blk_mem_gen_v8_3_6 -L unisims_ver -L unimacro_ver -L secureip -L xpm --snapshot tb_avanzado_behav xil_defaultlib.tb_avanzado xil_defaultlib.glbl -log elaborate.log 
Using 2 slave threads.
Starting static elaboration
Completed static elaboration
Starting simulation data flow analysis
Completed simulation data flow analysis
Time Resolution for simulation is 1ps
Compiling package std.standard
Compiling package std.textio
Compiling package ieee.std_logic_1164
Compiling package ieee.numeric_std
Compiling package xil_defaultlib.package_dsed
Compiling module xil_defaultlib.glbl
Compiling architecture behavioral of entity xil_defaultlib.data_route_fir_filter [data_route_fir_filter_default]
Compiling architecture behavioral of entity xil_defaultlib.Moore_fir_filter [moore_fir_filter_default]
Compiling architecture behavioral of entity xil_defaultlib.fir_filter [fir_filter_default]
Compiling architecture behavior of entity xil_defaultlib.tb_avanzado
Built simulation snapshot tb_avanzado_behav
INFO: [USF-XSim-69] 'elaborate' step finished in '2' seconds
Vivado Simulator 2017.2
Time resolution is 1 ps
relaunch_sim: Time (s): cpu = 00:00:03 ; elapsed = 00:00:10 . Memory (MB): peak = 835.883 ; gain = 0.000
run 580000 us
Failure: Simulation Finished
Time: 576821360 ns  Iteration: 1  Process: /tb_avanzado/read_process  File: C:/Users/Guille/Documents/Universidad/Sexto/1er Cuatri/DSED/Entrega/DSED/Entrega/Entrega/Entrega.srcs/sim_1/new/tb_avanzado.vhd
$finish called at time : 576821360 ns : File "C:/Users/Guille/Documents/Universidad/Sexto/1er Cuatri/DSED/Entrega/DSED/Entrega/Entrega/Entrega.srcs/sim_1/new/tb_avanzado.vhd" Line 58
run: Time (s): cpu = 00:00:14 ; elapsed = 00:00:15 . Memory (MB): peak = 835.883 ; gain = 0.000
close_sim
INFO: [Simtcl 6-16] Simulation closed
exit
INFO: [Common 17-206] Exiting Vivado at Sat Dec 30 10:10:44 2017...
