Unable to capture context for thread 1680 in process 6064, can not generate back trace
Exception at PC 0x000007FEB736BB93
Printing stacktrace...

[0]  [0x000007FEB736BB93]
[1]  [0x000007FEB736BB93]
[2]  [0x000007FEB736B4A1]
[3]  [0x000007FEB736B3EF]
[4]  [0x000007FEB73519FE]
[5]  [0x000007FEB7350ED1]
[6]  [0x000007FEB7350D76]
[7]  [0x000007FEB72F79F6]
[8]  [0x000007FEB72E7AFB]
[9]  [0x000007FEB740E90A]
[10]  [0x000007FEB7429F87]
[11]  [0x000007FEB742A05F]
[12] (BaseThreadInitThunk+0xd) [0x00000000777A59CD]
[13] (RtlUserThreadStart+0x21) [0x00000000778DA561]
Done
Exception at PC 0x000007FEB7071A52
Attemped to write at address 0x000007FEF273ABA4
Printing stacktrace...

[0]  [0x000007FEB7071A52]
[1]  [0x000007FEB7071A52]
[2]  [0x000007FEB7071AD4]
[3]  [0x000007FEB71B3FF7]
[4]  [0x000007FEB7099128]
[5]  [0x000007FEB734DFB9]
[6]  [0x000007FEB751EF23]
[7]  [0x000007FEB742B06B]
[8]  [0x000007FEB74208AF]
[9]  [0x000007FEB7420A32]
[10] (LdrShutdownProcess+0x1d1) [0x00000000778D2AC1]
[11] (RtlExitUserProcess+0x90) [0x00000000778D28D0]
[12] (wcstoui64+0x2fa) [0x000007FEFF2699E2]
[13]  [0x00000000004014CD]
[14]  [0x000000000040151B]
[15] (BaseThreadInitThunk+0xd) [0x00000000777A59CD]
[16] (RtlUserThreadStart+0x21) [0x00000000778DA561]
Done
