Unable to capture context for thread 5988 in process 5980, can not generate back trace
Unable to capture context for thread 8712 in process 5980, can not generate back trace
Unable to capture context for thread 2524 in process 5980, can not generate back trace
Exception at PC 0x00007FF9B706BB93
Printing stacktrace...

[0]  [0x00007FF9B706BB93]
[1]  [0x00007FF9B706BB93]
[2]  [0x00007FF9B706B4A1]
[3]  [0x00007FF9B706B3EF]
[4]  [0x00007FF9B70519FE]
[5]  [0x00007FF9B7050ED1]
[6]  [0x00007FF9B7050D76]
[7]  [0x00007FF9B6FF79F6]
[8]  [0x00007FF9B6FE7AFB]
[9]  [0x00007FF9B710E90A]
[10]  [0x00007FF9B7129F87]
[11]  [0x00007FF9B712A05F]
[12] (BaseThreadInitThunk+0x14) [0x00007FF9DC432774]
[13] (RtlUserThreadStart+0x21) [0x00007FF9DC670D51]
Done
Exception at PC 0x00007FF9B6D71A52
Attemped to write at address 0x00007FF9A0C0ABA4
Printing stacktrace...

[0]  [0x00007FF9B6D71A52]
[1]  [0x00007FF9B6D71A52]
[2]  [0x00007FF9B6D71AD4]
[3]  [0x00007FF9B6EB3FF7]
[4]  [0x00007FF9B6D99128]
[5]  [0x00007FF9B704DFB9]
[6]  [0x00007FF9B721EF23]
[7]  [0x00007FF9B712B06B]
[8]  [0x00007FF9B71208AF]
[9]  [0x00007FF9B7120A32]
[10] (RtlDeactivateActivationContextUnsafeFast+0x1af) [0x00007FF9DC62485F]
[11] (LdrShutdownProcess+0x12c) [0x00007FF9DC64D43C]
[12] (RtlExitUserProcess+0xb4) [0x00007FF9DC64D2F4]
[13] (FatalExit+0xa) [0x00007FF9DC43C0DA]
[14] (exit+0x75) [0x00007FF9DBB7A045]
[15] (initterm_e+0x21d) [0x00007FF9DBB7A68D]
[16]  [0x00000000004014CD]
[17]  [0x000000000040151B]
[18] (BaseThreadInitThunk+0x14) [0x00007FF9DC432774]
[19] (RtlUserThreadStart+0x21) [0x00007FF9DC670D51]
Done
