Unable to capture context for thread 9784 in process 16080, can not generate back trace
Unable to capture context for thread 15852 in process 16080, can not generate back trace
Exception at PC 0x00007FFB94CDBB93
Printing stacktrace...

[0]  [0x00007FFB94CDBB93]
[1]  [0x00007FFB94CDBB93]
[2]  [0x00007FFB94CDB4A1]
[3]  [0x00007FFB94CDB3EF]
[4]  [0x00007FFB94CC19FE]
[5]  [0x00007FFB94CC0ED1]
[6]  [0x00007FFB94CC0D76]
[7]  [0x00007FFB94C679F6]
[8]  [0x00007FFB94C57AFB]
[9]  [0x00007FFB94D7E90A]
[10]  [0x00007FFB94D99F87]
[11]  [0x00007FFB94D9A05F]
[12] (BaseThreadInitThunk+0x14) [0x00007FFC0CFC2774]
[13] (RtlUserThreadStart+0x21) [0x00007FFC0FAC0D51]
Done
Exception at PC 0x00007FFB949E1A52
Attemped to write at address 0x00007FFBCDCEABA4
Printing stacktrace...

[0]  [0x00007FFB949E1A52]
[1]  [0x00007FFB949E1A52]
[2]  [0x00007FFB949E1AD4]
[3]  [0x00007FFB94B23FF7]
[4]  [0x00007FFB94A09128]
[5]  [0x00007FFB94CBDFB9]
[6]  [0x00007FFB94E8EF23]
[7]  [0x00007FFB94D9B06B]
[8]  [0x00007FFB94D908AF]
[9]  [0x00007FFB94D90A32]
[10] (RtlDeactivateActivationContextUnsafeFast+0x1af) [0x00007FFC0FA7485F]
[11] (LdrShutdownProcess+0x12c) [0x00007FFC0FA9D43C]
[12] (RtlExitUserProcess+0xb4) [0x00007FFC0FA9D2F4]
[13] (FatalExit+0xa) [0x00007FFC0CFCC0DA]
[14] (exit+0x75) [0x00007FFC0EFCA045]
[15] (initterm_e+0x21d) [0x00007FFC0EFCA68D]
[16]  [0x00000000004014CD]
[17]  [0x000000000040151B]
[18] (BaseThreadInitThunk+0x14) [0x00007FFC0CFC2774]
[19] (RtlUserThreadStart+0x21) [0x00007FFC0FAC0D51]
Done
