#-----------------------------------------------------------
# Vivado v2017.2 (64-bit)
# SW Build 1909853 on Thu Jun 15 18:39:09 MDT 2017
# IP Build 1909766 on Thu Jun 15 19:58:00 MDT 2017
# Start of session at: Fri Dec  8 01:30:04 2017
# Process ID: 6448
# Current directory: C:/Users/Guille/Documents/Universidad/Sexto/1er Cuatri/DSED/Entrega/DSED/P2/Archivos sesin 2-20170920/lab1_5_1
# Command line: vivado.exe -gui_launcher_event rodinguilauncherevent5932 C:\Users\Guille\Documents\Universidad\Sexto\1er Cuatri\DSED\Entrega\DSED\P2\Archivos sesin 2-20170920\lab1_5_1\lab1_5_1.xpr
# Log file: C:/Users/Guille/Documents/Universidad/Sexto/1er Cuatri/DSED/Entrega/DSED/P2/Archivos sesin 2-20170920/lab1_5_1/vivado.log
# Journal file: C:/Users/Guille/Documents/Universidad/Sexto/1er Cuatri/DSED/Entrega/DSED/P2/Archivos sesin 2-20170920/lab1_5_1\vivado.jou
#-----------------------------------------------------------
start_gui
open_project {C:/Users/Guille/Documents/Universidad/Sexto/1er Cuatri/DSED/Entrega/DSED/P2/Archivos sesin 2-20170920/lab1_5_1/lab1_5_1.xpr}
INFO: [ProjectBase 1-489] The host OS only allows 260 characters in a normal path. The project is stored in a path with more than 80 characters. If you experience issues with IP, Block Designs, or files not being found, please consider moving the project to a location with a shorter path. Alternately consider using the OS subst command to map part of the path to a drive letter.
Current project path is 'C:/Users/Guille/Documents/Universidad/Sexto/1er Cuatri/DSED/Entrega/DSED/P2/Archivos sesin 2-20170920/lab1_5_1'
INFO: [Project 1-313] Project file moved from 'C:/Users/fpga/DSED_G1/P2/Archivos sesin 2-20170920/lab1_5_1' since last save.
Scanning sources...
Finished scanning sources
WARNING: [filemgmt 56-2] IPUserFilesDir: Could not find the directory 'C:/Users/Guille/Documents/Universidad/Sexto/1er Cuatri/DSED/Entrega/DSED/P2/Archivos sesin 2-20170920/lab1_5_1/lab1_5_1.ip_user_files', nor could it be found using path 'C:/Users/fpga/DSED_G1/P2/Archivos sesin 2-20170920/lab1_5_1/lab1_5_1.ip_user_files'.
INFO: [IP_Flow 19-234] Refreshing IP repositories
INFO: [IP_Flow 19-1704] No user IP repositories specified
INFO: [IP_Flow 19-2313] Loaded Vivado IP repository 'C:/Xilinx/Vivado/2017.2/data/ip'.
open_project: Time (s): cpu = 00:00:15 ; elapsed = 00:00:18 . Memory (MB): peak = 784.203 ; gain = 130.328
update_compile_order -fileset sources_1
reset_run synth_1
launch_runs impl_1 -to_step write_bitstream -jobs 2
[Fri Dec  8 01:33:24 2017] Launched synth_1...
Run output will be captured here: C:/Users/Guille/Documents/Universidad/Sexto/1er Cuatri/DSED/Entrega/DSED/P2/Archivos sesin 2-20170920/lab1_5_1/lab1_5_1.runs/synth_1/runme.log
[Fri Dec  8 01:33:24 2017] Launched impl_1...
Run output will be captured here: C:/Users/Guille/Documents/Universidad/Sexto/1er Cuatri/DSED/Entrega/DSED/P2/Archivos sesin 2-20170920/lab1_5_1/lab1_5_1.runs/impl_1/runme.log
open_hw
open_hw: Time (s): cpu = 00:00:01 ; elapsed = 00:00:08 . Memory (MB): peak = 820.637 ; gain = 0.000
connect_hw_server
INFO: [Labtools 27-2285] Connecting to hw_server url TCP:localhost:3121
INFO: [Labtools 27-2222] Launching hw_server...
INFO: [Labtools 27-2221] Launch Output:

****** Xilinx hw_server v2017.2
  **** Build date : Jun 15 2017-18:53:26
    ** Copyright 1986-2017 Xilinx, Inc. All Rights Reserved.


connect_hw_server: Time (s): cpu = 00:00:00 ; elapsed = 00:00:08 . Memory (MB): peak = 820.637 ; gain = 0.000
exit
INFO: [Common 17-206] Exiting Vivado at Fri Dec  8 01:43:37 2017...
