Unable to capture context for thread 344 in process 5840, can not generate back trace
Unable to capture context for thread 13940 in process 5840, can not generate back trace
Exception at PC 0x00007FFB18C5BB93
Printing stacktrace...

[0]  [0x00007FFB18C5BB93]
[1]  [0x00007FFB18C5BB93]
[2]  [0x00007FFB18C5B4A1]
[3]  [0x00007FFB18C5B3EF]
[4]  [0x00007FFB18C419FE]
[5]  [0x00007FFB18C40ED1]
[6]  [0x00007FFB18C40D76]
[7]  [0x00007FFB18BE79F6]
[8]  [0x00007FFB18BD7AFB]
[9]  [0x00007FFB18CFE90A]
[10]  [0x00007FFB18D19F87]
[11]  [0x00007FFB18D1A05F]
[12] (BaseThreadInitThunk+0x14) [0x00007FFB9BC61FE4]
[13] (RtlUserThreadStart+0x21) [0x00007FFB9DBCEF91]
Done
Exception at PC 0x00007FFB18961A52
Attemped to write at address 0x00007FFB4871ABA4
Printing stacktrace...

[0]  [0x00007FFB18961A52]
[1]  [0x00007FFB18961A52]
[2]  [0x00007FFB18961AD4]
[3]  [0x00007FFB18AA3FF7]
[4]  [0x00007FFB18989128]
[5]  [0x00007FFB18C3DFB9]
[6]  [0x00007FFB18E0EF23]
[7]  [0x00007FFB18D1B06B]
[8]  [0x00007FFB18D108AF]
[9]  [0x00007FFB18D10A32]
[10] (RtlDeactivateActivationContextUnsafeFast+0x1b3) [0x00007FFB9DB71473]
[11] (LdrShutdownProcess+0x125) [0x00007FFB9DBA0695]
[12] (RtlExitUserProcess+0xb4) [0x00007FFB9DBA0554]
[13] (ExitProcess+0xa) [0x00007FFB9BC5F06A]
[14] (exit+0x75) [0x00007FFB9B069B25]
[15] (initterm_e+0x21d) [0x00007FFB9B06A16D]
[16]  [0x00000000004014CD]
[17]  [0x000000000040151B]
[18] (BaseThreadInitThunk+0x14) [0x00007FFB9BC61FE4]
[19] (RtlUserThreadStart+0x21) [0x00007FFB9DBCEF91]
Done
