
*** Running vivado
    with args -log lab4_3_1.vds -m64 -product Vivado -mode batch -messageDb vivado.pb -notrace -source lab4_3_1.tcl


****** Vivado v2017.2 (64-bit)
  **** SW Build 1909853 on Thu Jun 15 18:39:09 MDT 2017
  **** IP Build 1909766 on Thu Jun 15 19:58:00 MDT 2017
    ** Copyright 1986-2017 Xilinx, Inc. All Rights Reserved.

source lab4_3_1.tcl -notrace
Command: synth_design -top lab4_3_1 -part xc7a100tcsg324-1
Starting synth_design
Attempting to get a license for feature 'Synthesis' and/or device 'xc7a100t-csg324'
INFO: [Common 17-349] Got license for feature 'Synthesis' and/or device 'xc7a100t-csg324'
INFO: Launching helper process for spawning children vivado processes
INFO: Helper process launched with PID 6140 
---------------------------------------------------------------------------------
Starting RTL Elaboration : Time (s): cpu = 00:00:04 ; elapsed = 00:00:04 . Memory (MB): peak = 336.078 ; gain = 75.215
---------------------------------------------------------------------------------
INFO: [Synth 8-638] synthesizing module 'lab4_3_1' [C:/Users/fpga/LCSE_Grupo12/p5/lab4_3_1/lab4_3_1.srcs/sources_1/imports/Downloads/lab4_3_1.vhd:44]
INFO: [Synth 8-3491] module 'clk_wiz_0' declared at 'C:/Users/fpga/LCSE_Grupo12/p5/lab4_3_1/lab4_3_1.runs/synth_1/.Xil/Vivado-1276-pc-b043a-16/realtime/clk_wiz_0_stub.vhdl:5' bound to instance 'reloj' of component 'clk_wiz_0' [C:/Users/fpga/LCSE_Grupo12/p5/lab4_3_1/lab4_3_1.srcs/sources_1/imports/Downloads/lab4_3_1.vhd:92]
INFO: [Synth 8-638] synthesizing module 'clk_wiz_0' [C:/Users/fpga/LCSE_Grupo12/p5/lab4_3_1/lab4_3_1.runs/synth_1/.Xil/Vivado-1276-pc-b043a-16/realtime/clk_wiz_0_stub.vhdl:13]
INFO: [Synth 8-3491] module 'c_counter_binary_0' declared at 'C:/Users/fpga/LCSE_Grupo12/p5/lab4_3_1/lab4_3_1.runs/synth_1/.Xil/Vivado-1276-pc-b043a-16/realtime/c_counter_binary_0_stub.vhdl:5' bound to instance 'counteruds' of component 'c_counter_binary_0' [C:/Users/fpga/LCSE_Grupo12/p5/lab4_3_1/lab4_3_1.srcs/sources_1/imports/Downloads/lab4_3_1.vhd:93]
INFO: [Synth 8-638] synthesizing module 'c_counter_binary_0' [C:/Users/fpga/LCSE_Grupo12/p5/lab4_3_1/lab4_3_1.runs/synth_1/.Xil/Vivado-1276-pc-b043a-16/realtime/c_counter_binary_0_stub.vhdl:16]
INFO: [Synth 8-3491] module 'c_counter_binary_1' declared at 'C:/Users/fpga/LCSE_Grupo12/p5/lab4_3_1/lab4_3_1.runs/synth_1/.Xil/Vivado-1276-pc-b043a-16/realtime/c_counter_binary_1_stub.vhdl:5' bound to instance 'counterds' of component 'c_counter_binary_1' [C:/Users/fpga/LCSE_Grupo12/p5/lab4_3_1/lab4_3_1.srcs/sources_1/imports/Downloads/lab4_3_1.vhd:95]
INFO: [Synth 8-638] synthesizing module 'c_counter_binary_1' [C:/Users/fpga/LCSE_Grupo12/p5/lab4_3_1/lab4_3_1.runs/synth_1/.Xil/Vivado-1276-pc-b043a-16/realtime/c_counter_binary_1_stub.vhdl:15]
INFO: [Synth 8-256] done synthesizing module 'lab4_3_1' (1#1) [C:/Users/fpga/LCSE_Grupo12/p5/lab4_3_1/lab4_3_1.srcs/sources_1/imports/Downloads/lab4_3_1.vhd:44]
---------------------------------------------------------------------------------
Finished RTL Elaboration : Time (s): cpu = 00:00:05 ; elapsed = 00:00:05 . Memory (MB): peak = 375.715 ; gain = 114.852
---------------------------------------------------------------------------------

Report Check Netlist: 
+------+------------------+-------+---------+-------+------------------+
|      |Item              |Errors |Warnings |Status |Description       |
+------+------------------+-------+---------+-------+------------------+
|1     |multi_driven_nets |      0|        0|Passed |Multi driven nets |
+------+------------------+-------+---------+-------+------------------+
---------------------------------------------------------------------------------
Finished RTL Optimization Phase 1 : Time (s): cpu = 00:00:05 ; elapsed = 00:00:05 . Memory (MB): peak = 375.715 ; gain = 114.852
---------------------------------------------------------------------------------
INFO: [Device 21-403] Loading part xc7a100tcsg324-1
INFO: [Project 1-570] Preparing netlist for logic optimization

Processing XDC Constraints
Initializing timing engine
Parsing XDC File [C:/Users/fpga/LCSE_Grupo12/p5/lab4_3_1/lab4_3_1.runs/synth_1/.Xil/Vivado-1276-pc-b043a-16/dcp7/clk_wiz_0_in_context.xdc] for cell 'reloj'
Finished Parsing XDC File [C:/Users/fpga/LCSE_Grupo12/p5/lab4_3_1/lab4_3_1.runs/synth_1/.Xil/Vivado-1276-pc-b043a-16/dcp7/clk_wiz_0_in_context.xdc] for cell 'reloj'
Parsing XDC File [C:/Users/fpga/LCSE_Grupo12/p5/lab4_3_1/lab4_3_1.runs/synth_1/.Xil/Vivado-1276-pc-b043a-16/dcp9/c_counter_binary_0_in_context.xdc] for cell 'counteruds'
Finished Parsing XDC File [C:/Users/fpga/LCSE_Grupo12/p5/lab4_3_1/lab4_3_1.runs/synth_1/.Xil/Vivado-1276-pc-b043a-16/dcp9/c_counter_binary_0_in_context.xdc] for cell 'counteruds'
Parsing XDC File [C:/Users/fpga/LCSE_Grupo12/p5/lab4_3_1/lab4_3_1.runs/synth_1/.Xil/Vivado-1276-pc-b043a-16/dcp11/c_counter_binary_1_in_context.xdc] for cell 'counterds'
Finished Parsing XDC File [C:/Users/fpga/LCSE_Grupo12/p5/lab4_3_1/lab4_3_1.runs/synth_1/.Xil/Vivado-1276-pc-b043a-16/dcp11/c_counter_binary_1_in_context.xdc] for cell 'counterds'
Parsing XDC File [C:/Users/fpga/LCSE_Grupo12/p5/lab4_3_1/lab4_3_1.srcs/constrs_1/imports/DSED_G1/Nexys4DDR_Master.xdc]
Finished Parsing XDC File [C:/Users/fpga/LCSE_Grupo12/p5/lab4_3_1/lab4_3_1.srcs/constrs_1/imports/DSED_G1/Nexys4DDR_Master.xdc]
INFO: [Project 1-236] Implementation specific constraints were found while reading constraint file [C:/Users/fpga/LCSE_Grupo12/p5/lab4_3_1/lab4_3_1.srcs/constrs_1/imports/DSED_G1/Nexys4DDR_Master.xdc]. These constraints will be ignored for synthesis but will be used in implementation. Impacted constraints are listed in the file [.Xil/lab4_3_1_propImpl.xdc].
Resolution: To avoid this warning, move constraints listed in [.Xil/lab4_3_1_propImpl.xdc] to another XDC file and exclude this new file from synthesis with the used_in_synthesis property (File Properties dialog in GUI) and re-run elaboration/synthesis.
Completed Processing XDC Constraints

INFO: [Project 1-111] Unisim Transformation Summary:
No Unisim elements were transformed.

Constraint Validation Runtime : Time (s): cpu = 00:00:00 ; elapsed = 00:00:00.004 . Memory (MB): peak = 680.809 ; gain = 0.000
---------------------------------------------------------------------------------
Finished Constraint Validation : Time (s): cpu = 00:00:16 ; elapsed = 00:00:16 . Memory (MB): peak = 680.809 ; gain = 419.945
---------------------------------------------------------------------------------
---------------------------------------------------------------------------------
Start Loading Part and Timing Information
---------------------------------------------------------------------------------
Loading part: xc7a100tcsg324-1
---------------------------------------------------------------------------------
Finished Loading Part and Timing Information : Time (s): cpu = 00:00:16 ; elapsed = 00:00:16 . Memory (MB): peak = 680.809 ; gain = 419.945
---------------------------------------------------------------------------------
---------------------------------------------------------------------------------
Start Applying 'set_property' XDC Constraints
---------------------------------------------------------------------------------
Applied set_property IO_BUFFER_TYPE = NONE for clk. (constraint file  C:/Users/fpga/LCSE_Grupo12/p5/lab4_3_1/lab4_3_1.runs/synth_1/.Xil/Vivado-1276-pc-b043a-16/dcp7/clk_wiz_0_in_context.xdc, line 3).
Applied set_property CLOCK_BUFFER_TYPE = NONE for clk. (constraint file  C:/Users/fpga/LCSE_Grupo12/p5/lab4_3_1/lab4_3_1.runs/synth_1/.Xil/Vivado-1276-pc-b043a-16/dcp7/clk_wiz_0_in_context.xdc, line 4).
Applied set_property DONT_TOUCH = true for counterds. (constraint file  auto generated constraint, line ).
Applied set_property DONT_TOUCH = true for counteruds. (constraint file  auto generated constraint, line ).
Applied set_property DONT_TOUCH = true for reloj. (constraint file  auto generated constraint, line ).
---------------------------------------------------------------------------------
Finished applying 'set_property' XDC Constraints : Time (s): cpu = 00:00:16 ; elapsed = 00:00:16 . Memory (MB): peak = 680.809 ; gain = 419.945
---------------------------------------------------------------------------------
INFO: [Synth 8-5546] ROM "clk1" won't be mapped to RAM because it is too sparse
---------------------------------------------------------------------------------
Finished RTL Optimization Phase 2 : Time (s): cpu = 00:00:16 ; elapsed = 00:00:16 . Memory (MB): peak = 680.809 ; gain = 419.945
---------------------------------------------------------------------------------

Report RTL Partitions: 
+-+--------------+------------+----------+
| |RTL Partition |Replication |Instances |
+-+--------------+------------+----------+
+-+--------------+------------+----------+
---------------------------------------------------------------------------------
Start RTL Component Statistics 
---------------------------------------------------------------------------------
Detailed RTL Component Info : 
+---Adders : 
	   2 Input     22 Bit       Adders := 1     
+---Registers : 
	               22 Bit    Registers := 1     
	                1 Bit    Registers := 1     
+---Muxes : 
	   2 Input     22 Bit        Muxes := 1     
	   2 Input      1 Bit        Muxes := 2     
---------------------------------------------------------------------------------
Finished RTL Component Statistics 
---------------------------------------------------------------------------------
---------------------------------------------------------------------------------
Start RTL Hierarchical Component Statistics 
---------------------------------------------------------------------------------
Hierarchical RTL Component report 
Module lab4_3_1 
Detailed RTL Component Info : 
+---Adders : 
	   2 Input     22 Bit       Adders := 1     
+---Registers : 
	               22 Bit    Registers := 1     
	                1 Bit    Registers := 1     
+---Muxes : 
	   2 Input     22 Bit        Muxes := 1     
	   2 Input      1 Bit        Muxes := 2     
---------------------------------------------------------------------------------
Finished RTL Hierarchical Component Statistics
---------------------------------------------------------------------------------
---------------------------------------------------------------------------------
Start Part Resource Summary
---------------------------------------------------------------------------------
Part Resources:
DSPs: 240 (col length:80)
BRAMs: 270 (col length: RAMB18 80 RAMB36 40)
---------------------------------------------------------------------------------
Finished Part Resource Summary
---------------------------------------------------------------------------------
---------------------------------------------------------------------------------
Start Cross Boundary and Area Optimization
---------------------------------------------------------------------------------
INFO: [Synth 8-5546] ROM "clk1" won't be mapped to RAM because it is too sparse
---------------------------------------------------------------------------------
Finished Cross Boundary and Area Optimization : Time (s): cpu = 00:00:16 ; elapsed = 00:00:17 . Memory (MB): peak = 680.809 ; gain = 419.945
---------------------------------------------------------------------------------

Report RTL Partitions: 
+-+--------------+------------+----------+
| |RTL Partition |Replication |Instances |
+-+--------------+------------+----------+
+-+--------------+------------+----------+
---------------------------------------------------------------------------------
Start Applying XDC Timing Constraints
---------------------------------------------------------------------------------
INFO: [Synth 8-5578] Moved timing constraint from pin 'reloj/clk_5MHz' to pin 'reloj/bbstub_clk_5MHz/O'
INFO: [Synth 8-5819] Moved 1 constraints on hierarchical pins to their respective driving/loading pins
---------------------------------------------------------------------------------
Finished Applying XDC Timing Constraints : Time (s): cpu = 00:00:28 ; elapsed = 00:00:28 . Memory (MB): peak = 680.809 ; gain = 419.945
---------------------------------------------------------------------------------
---------------------------------------------------------------------------------
Start Timing Optimization
---------------------------------------------------------------------------------
---------------------------------------------------------------------------------
Finished Timing Optimization : Time (s): cpu = 00:00:28 ; elapsed = 00:00:28 . Memory (MB): peak = 680.809 ; gain = 419.945
---------------------------------------------------------------------------------

Report RTL Partitions: 
+-+--------------+------------+----------+
| |RTL Partition |Replication |Instances |
+-+--------------+------------+----------+
+-+--------------+------------+----------+
---------------------------------------------------------------------------------
Start Technology Mapping
---------------------------------------------------------------------------------
---------------------------------------------------------------------------------
Finished Technology Mapping : Time (s): cpu = 00:00:28 ; elapsed = 00:00:29 . Memory (MB): peak = 680.809 ; gain = 419.945
---------------------------------------------------------------------------------

Report RTL Partitions: 
+-+--------------+------------+----------+
| |RTL Partition |Replication |Instances |
+-+--------------+------------+----------+
+-+--------------+------------+----------+
---------------------------------------------------------------------------------
Start IO Insertion
---------------------------------------------------------------------------------
---------------------------------------------------------------------------------
Start Flattening Before IO Insertion
---------------------------------------------------------------------------------
---------------------------------------------------------------------------------
Finished Flattening Before IO Insertion
---------------------------------------------------------------------------------
---------------------------------------------------------------------------------
Start Final Netlist Cleanup
---------------------------------------------------------------------------------
---------------------------------------------------------------------------------
Finished Final Netlist Cleanup
---------------------------------------------------------------------------------
---------------------------------------------------------------------------------
Finished IO Insertion : Time (s): cpu = 00:00:29 ; elapsed = 00:00:29 . Memory (MB): peak = 680.809 ; gain = 419.945
---------------------------------------------------------------------------------

Report Check Netlist: 
+------+------------------+-------+---------+-------+------------------+
|      |Item              |Errors |Warnings |Status |Description       |
+------+------------------+-------+---------+-------+------------------+
|1     |multi_driven_nets |      0|        0|Passed |Multi driven nets |
+------+------------------+-------+---------+-------+------------------+
---------------------------------------------------------------------------------
Start Renaming Generated Instances
---------------------------------------------------------------------------------
---------------------------------------------------------------------------------
Finished Renaming Generated Instances : Time (s): cpu = 00:00:29 ; elapsed = 00:00:29 . Memory (MB): peak = 680.809 ; gain = 419.945
---------------------------------------------------------------------------------

Report RTL Partitions: 
+-+--------------+------------+----------+
| |RTL Partition |Replication |Instances |
+-+--------------+------------+----------+
+-+--------------+------------+----------+
---------------------------------------------------------------------------------
Start Rebuilding User Hierarchy
---------------------------------------------------------------------------------
---------------------------------------------------------------------------------
Finished Rebuilding User Hierarchy : Time (s): cpu = 00:00:29 ; elapsed = 00:00:29 . Memory (MB): peak = 680.809 ; gain = 419.945
---------------------------------------------------------------------------------
---------------------------------------------------------------------------------
Start Renaming Generated Ports
---------------------------------------------------------------------------------
---------------------------------------------------------------------------------
Finished Renaming Generated Ports : Time (s): cpu = 00:00:29 ; elapsed = 00:00:29 . Memory (MB): peak = 680.809 ; gain = 419.945
---------------------------------------------------------------------------------
---------------------------------------------------------------------------------
Start Handling Custom Attributes
---------------------------------------------------------------------------------
---------------------------------------------------------------------------------
Finished Handling Custom Attributes : Time (s): cpu = 00:00:29 ; elapsed = 00:00:29 . Memory (MB): peak = 680.809 ; gain = 419.945
---------------------------------------------------------------------------------
---------------------------------------------------------------------------------
Start Renaming Generated Nets
---------------------------------------------------------------------------------
---------------------------------------------------------------------------------
Finished Renaming Generated Nets : Time (s): cpu = 00:00:29 ; elapsed = 00:00:29 . Memory (MB): peak = 680.809 ; gain = 419.945
---------------------------------------------------------------------------------
---------------------------------------------------------------------------------
Start Writing Synthesis Report
---------------------------------------------------------------------------------

Report BlackBoxes: 
+------+-------------------+----------+
|      |BlackBox name      |Instances |
+------+-------------------+----------+
|1     |clk_wiz_0          |         1|
|2     |c_counter_binary_0 |         1|
|3     |c_counter_binary_1 |         1|
+------+-------------------+----------+

Report Cell Usage: 
+------+------------------------+------+
|      |Cell                    |Count |
+------+------------------------+------+
|1     |c_counter_binary_0_bbox |     1|
|2     |c_counter_binary_1_bbox |     1|
|3     |clk_wiz_0_bbox          |     1|
|4     |CARRY4                  |     6|
|5     |LUT1                    |    23|
|6     |LUT2                    |     1|
|7     |LUT3                    |     1|
|8     |LUT4                    |     4|
|9     |LUT5                    |     1|
|10    |LUT6                    |     1|
|11    |FDRE                    |    23|
|12    |IBUF                    |     2|
|13    |OBUF                    |     8|
+------+------------------------+------+

Report Instance Areas: 
+------+---------+-------+------+
|      |Instance |Module |Cells |
+------+---------+-------+------+
|1     |top      |       |    80|
+------+---------+-------+------+
---------------------------------------------------------------------------------
Finished Writing Synthesis Report : Time (s): cpu = 00:00:29 ; elapsed = 00:00:29 . Memory (MB): peak = 680.809 ; gain = 419.945
---------------------------------------------------------------------------------
Synthesis finished with 0 errors, 0 critical warnings and 0 warnings.
Synthesis Optimization Runtime : Time (s): cpu = 00:00:17 ; elapsed = 00:00:22 . Memory (MB): peak = 680.809 ; gain = 114.852
Synthesis Optimization Complete : Time (s): cpu = 00:00:29 ; elapsed = 00:00:29 . Memory (MB): peak = 680.809 ; gain = 419.945
INFO: [Project 1-571] Translating synthesized netlist
INFO: [Netlist 29-17] Analyzing 8 Unisim elements for replacement
INFO: [Netlist 29-28] Unisim Transformation completed in 0 CPU seconds
INFO: [Project 1-570] Preparing netlist for logic optimization
INFO: [Opt 31-138] Pushed 0 inverter(s) to 0 load pin(s).
INFO: [Project 1-111] Unisim Transformation Summary:
No Unisim elements were transformed.

23 Infos, 0 Warnings, 0 Critical Warnings and 0 Errors encountered.
synth_design completed successfully
synth_design: Time (s): cpu = 00:00:30 ; elapsed = 00:00:32 . Memory (MB): peak = 680.809 ; gain = 428.410
INFO: [Common 17-1381] The checkpoint 'C:/Users/fpga/LCSE_Grupo12/p5/lab4_3_1/lab4_3_1.runs/synth_1/lab4_3_1.dcp' has been generated.
report_utilization: Time (s): cpu = 00:00:00 ; elapsed = 00:00:00.017 . Memory (MB): peak = 680.809 ; gain = 0.000
INFO: [Common 17-206] Exiting Vivado at Wed Nov 15 12:51:47 2017...
