Unable to capture context for thread 7556 in process 13512, can not generate back trace
Unable to capture context for thread 2864 in process 13512, can not generate back trace
Unable to capture context for thread 5928 in process 13512, can not generate back trace
Exception at PC 0x00007FF91B28BB93
Printing stacktrace...

[0]  [0x00007FF91B28BB93]
[1]  [0x00007FF91B28BB93]
[2]  [0x00007FF91B28B4A1]
[3]  [0x00007FF91B28B3EF]
[4]  [0x00007FF91B2719FE]
[5]  [0x00007FF91B270ED1]
[6]  [0x00007FF91B270D76]
[7]  [0x00007FF91B2179F6]
[8]  [0x00007FF91B207AFB]
[9]  [0x00007FF91B32E90A]
[10]  [0x00007FF91B349F87]
[11]  [0x00007FF91B34A05F]
[12] (BaseThreadInitThunk+0x14) [0x00007FF969041FE4]
[13] (RtlUserThreadStart+0x21) [0x00007FF969E2EFB1]
Done
Exception at PC 0x00007FF91AF91A52
Attemped to write at address 0x00007FF91DC5ABA4
Printing stacktrace...

[0]  [0x00007FF91AF91A52]
[1]  [0x00007FF91AF91A52]
[2]  [0x00007FF91AF91AD4]
[3]  [0x00007FF91B0D3FF7]
[4]  [0x00007FF91AFB9128]
[5]  [0x00007FF91B26DFB9]
[6]  [0x00007FF91B43EF23]
[7]  [0x00007FF91B34B06B]
[8]  [0x00007FF91B3408AF]
[9]  [0x00007FF91B340A32]
[10] (RtlDeactivateActivationContextUnsafeFast+0x1b3) [0x00007FF969DD1493]
[11] (LdrShutdownProcess+0x125) [0x00007FF969E006B5]
[12] (RtlExitUserProcess+0xb4) [0x00007FF969E00574]
[13] (ExitProcess+0xa) [0x00007FF96903F06A]
[14] (exit+0x75) [0x00007FF967929B25]
[15] (initterm_e+0x21d) [0x00007FF96792A16D]
[16]  [0x00000000004014CD]
[17]  [0x000000000040151B]
[18] (BaseThreadInitThunk+0x14) [0x00007FF969041FE4]
[19] (RtlUserThreadStart+0x21) [0x00007FF969E2EFB1]
Done
