Unable to capture context for thread 11836 in process 2688, can not generate back trace
Unable to capture context for thread 11236 in process 2688, can not generate back trace
Unable to capture context for thread 9824 in process 2688, can not generate back trace
Exception at PC 0x00007FF9B2E4BB93
Printing stacktrace...

[0]  [0x00007FF9B2E4BB93]
[1]  [0x00007FF9B2E4BB93]
[2]  [0x00007FF9B2E4B4A1]
[3]  [0x00007FF9B2E4B3EF]
[4]  [0x00007FF9B2E319FE]
[5]  [0x00007FF9B2E30ED1]
[6]  [0x00007FF9B2E30D76]
[7]  [0x00007FF9B2DD79F6]
[8]  [0x00007FF9B2DC7AFB]
[9]  [0x00007FF9B2EEE90A]
[10]  [0x00007FF9B2F09F87]
[11]  [0x00007FF9B2F0A05F]
[12] (BaseThreadInitThunk+0x14) [0x00007FF9FFF02774]
[13] (RtlUserThreadStart+0x21) [0x00007FFA02820D51]
Done
Exception at PC 0x00007FF9B2B51A52
Attemped to write at address 0x00007FF9DC64ABA4
Printing stacktrace...

[0]  [0x00007FF9B2B51A52]
[1]  [0x00007FF9B2B51A52]
[2]  [0x00007FF9B2B51AD4]
[3]  [0x00007FF9B2C93FF7]
[4]  [0x00007FF9B2B79128]
[5]  [0x00007FF9B2E2DFB9]
[6]  [0x00007FF9B2FFEF23]
[7]  [0x00007FF9B2F0B06B]
[8]  [0x00007FF9B2F008AF]
[9]  [0x00007FF9B2F00A32]
[10] (RtlDeactivateActivationContextUnsafeFast+0x1af) [0x00007FFA027D485F]
[11] (LdrShutdownProcess+0x12c) [0x00007FFA027FD43C]
[12] (RtlExitUserProcess+0xb4) [0x00007FFA027FD2F4]
[13] (FatalExit+0xa) [0x00007FF9FFF0C0DA]
[14] (exit+0x75) [0x00007FF9FFD4A045]
[15] (initterm_e+0x21d) [0x00007FF9FFD4A68D]
[16]  [0x00000000004014CD]
[17]  [0x000000000040151B]
[18] (BaseThreadInitThunk+0x14) [0x00007FF9FFF02774]
[19] (RtlUserThreadStart+0x21) [0x00007FFA02820D51]
Done
